Epoch: [0][   0/5005]	Time 17.056 (17.056)	Data  2.757 ( 2.757)	Loss 1.2838e+00 (1.2838e+00)	Acc@1   0.78 (  0.78)	Acc@5   1.56 (  1.56)
Epoch: [0][  10/5005]	Time  0.117 ( 1.805)	Data  0.000 ( 0.387)	Loss 3.5336e-01 (6.8662e-01)	Acc@1   0.78 (  0.89)	Acc@5   4.69 (  2.95)
Epoch: [0][  20/5005]	Time  0.123 ( 1.168)	Data  0.000 ( 0.366)	Loss 2.1410e-01 (4.8363e-01)	Acc@1   5.47 (  2.70)	Acc@5  14.84 (  7.42)
Epoch: [0][  30/5005]	Time  0.432 ( 0.989)	Data  0.306 ( 0.406)	Loss 1.8230e-01 (3.9277e-01)	Acc@1   9.77 (  4.79)	Acc@5  27.73 ( 11.95)
Epoch: [0][  40/5005]	Time  0.121 ( 0.851)	Data  0.000 ( 0.380)	Loss 1.6970e-01 (3.3975e-01)	Acc@1  17.19 (  6.72)	Acc@5  29.30 ( 15.77)
Epoch: [0][  50/5005]	Time  0.493 ( 0.797)	Data  0.367 ( 0.394)	Loss 1.7114e-01 (3.0619e-01)	Acc@1  22.27 (  8.43)	Acc@5  37.11 ( 18.60)
Epoch: [0][  60/5005]	Time  0.124 ( 0.734)	Data  0.000 ( 0.374)	Loss 1.6226e-01 (2.8238e-01)	Acc@1  19.53 (  9.82)	Acc@5  42.58 ( 21.25)
Epoch: [0][  70/5005]	Time  0.667 ( 0.707)	Data  0.538 ( 0.380)	Loss 1.4731e-01 (2.6572e-01)	Acc@1  16.02 ( 11.10)	Acc@5  36.33 ( 23.44)
Epoch: [0][  80/5005]	Time  0.125 ( 0.675)	Data  0.000 ( 0.372)	Loss 2.3344e-01 (2.5227e-01)	Acc@1  26.95 ( 12.56)	Acc@5  45.31 ( 25.68)
Epoch: [0][  90/5005]	Time  0.184 ( 0.654)	Data  0.062 ( 0.369)	Loss 1.5272e-01 (2.4061e-01)	Acc@1  26.17 ( 13.79)	Acc@5  45.31 ( 27.52)
Epoch: [0][ 100/5005]	Time  0.129 ( 0.640)	Data  0.000 ( 0.370)	Loss 1.4007e-01 (2.3110e-01)	Acc@1  26.56 ( 14.98)	Acc@5  51.17 ( 29.42)
Epoch: [0][ 110/5005]	Time  0.131 ( 0.625)	Data  0.001 ( 0.368)	Loss 2.3173e-01 (2.2384e-01)	Acc@1  27.34 ( 15.97)	Acc@5  45.70 ( 31.05)
Epoch: [0][ 120/5005]	Time  0.127 ( 0.619)	Data  0.000 ( 0.372)	Loss 1.4011e-01 (2.1662e-01)	Acc@1  28.91 ( 16.95)	Acc@5  50.00 ( 32.47)
Epoch: [0][ 130/5005]	Time  0.145 ( 0.606)	Data  0.020 ( 0.368)	Loss 1.3286e-01 (2.1045e-01)	Acc@1  35.94 ( 17.92)	Acc@5  54.69 ( 33.93)
Epoch: [0][ 140/5005]	Time  0.126 ( 0.599)	Data  0.000 ( 0.369)	Loss 1.2843e-01 (2.0488e-01)	Acc@1  35.94 ( 18.76)	Acc@5  53.52 ( 35.18)
Epoch: [0][ 150/5005]	Time  0.130 ( 0.591)	Data  0.000 ( 0.367)	Loss 1.3648e-01 (1.9995e-01)	Acc@1  30.86 ( 19.58)	Acc@5  53.52 ( 36.37)
Epoch: [0][ 160/5005]	Time  0.133 ( 0.589)	Data  0.000 ( 0.370)	Loss 1.3544e-01 (1.9553e-01)	Acc@1  35.55 ( 20.44)	Acc@5  55.86 ( 37.58)
Epoch: [0][ 170/5005]	Time  0.123 ( 0.580)	Data  0.000 ( 0.367)	Loss 1.2949e-01 (1.9155e-01)	Acc@1  37.11 ( 21.24)	Acc@5  61.72 ( 38.67)
Epoch: [0][ 180/5005]	Time  0.128 ( 0.581)	Data  0.001 ( 0.372)	Loss 1.2373e-01 (1.8872e-01)	Acc@1  36.72 ( 21.97)	Acc@5  61.33 ( 39.76)
Epoch: [0][ 190/5005]	Time  0.123 ( 0.573)	Data  0.000 ( 0.368)	Loss 1.2477e-01 (1.8546e-01)	Acc@1  34.77 ( 22.64)	Acc@5  54.69 ( 40.71)
Epoch: [0][ 200/5005]	Time  0.130 ( 0.573)	Data  0.000 ( 0.372)	Loss 1.1949e-01 (1.8221e-01)	Acc@1  32.03 ( 23.24)	Acc@5  53.91 ( 41.58)
Epoch: [0][ 210/5005]	Time  0.107 ( 0.566)	Data  0.000 ( 0.369)	Loss 1.2241e-01 (1.7989e-01)	Acc@1  29.30 ( 23.90)	Acc@5  53.52 ( 42.44)
Epoch: [0][ 220/5005]	Time  0.125 ( 0.567)	Data  0.000 ( 0.373)	Loss 1.2460e-01 (1.7725e-01)	Acc@1  37.89 ( 24.49)	Acc@5  61.72 ( 43.30)
Epoch: [0][ 230/5005]	Time  0.123 ( 0.561)	Data  0.000 ( 0.369)	Loss 1.1978e-01 (1.7464e-01)	Acc@1  38.28 ( 25.07)	Acc@5  62.11 ( 44.00)
Epoch: [0][ 240/5005]	Time  0.121 ( 0.562)	Data  0.000 ( 0.373)	Loss 1.1347e-01 (1.7219e-01)	Acc@1  41.80 ( 25.68)	Acc@5  64.84 ( 44.74)
Epoch: [0][ 250/5005]	Time  0.121 ( 0.556)	Data  0.000 ( 0.370)	Loss 1.1994e-01 (1.6990e-01)	Acc@1  39.06 ( 26.25)	Acc@5  65.23 ( 45.49)
Epoch: [0][ 260/5005]	Time  0.135 ( 0.559)	Data  0.000 ( 0.374)	Loss 1.1218e-01 (1.6781e-01)	Acc@1  39.45 ( 26.82)	Acc@5  60.55 ( 46.19)
Epoch: [0][ 270/5005]	Time  0.127 ( 0.554)	Data  0.000 ( 0.371)	Loss 1.1457e-01 (1.6635e-01)	Acc@1  46.88 ( 27.36)	Acc@5  67.58 ( 46.85)
Epoch: [0][ 280/5005]	Time  0.143 ( 0.555)	Data  0.000 ( 0.373)	Loss 1.1212e-01 (1.6440e-01)	Acc@1  44.14 ( 27.89)	Acc@5  68.36 ( 47.52)
Epoch: [0][ 290/5005]	Time  0.126 ( 0.550)	Data  0.000 ( 0.370)	Loss 1.0652e-01 (1.6261e-01)	Acc@1  43.75 ( 28.43)	Acc@5  68.36 ( 48.16)
Epoch: [0][ 300/5005]	Time  0.127 ( 0.552)	Data  0.000 ( 0.373)	Loss 1.0251e-01 (1.6080e-01)	Acc@1  39.06 ( 28.94)	Acc@5  65.23 ( 48.80)
Epoch: [0][ 310/5005]	Time  0.146 ( 0.548)	Data  0.000 ( 0.371)	Loss 1.1068e-01 (1.5910e-01)	Acc@1  42.19 ( 29.37)	Acc@5  67.97 ( 49.35)
Epoch: [0][ 320/5005]	Time  0.122 ( 0.548)	Data  0.000 ( 0.372)	Loss 1.0169e-01 (1.5738e-01)	Acc@1  44.14 ( 29.83)	Acc@5  68.75 ( 49.93)
Epoch: [0][ 330/5005]	Time  0.121 ( 0.543)	Data  0.000 ( 0.369)	Loss 1.0630e-01 (1.5582e-01)	Acc@1  43.36 ( 30.26)	Acc@5  66.41 ( 50.49)
Epoch: [0][ 340/5005]	Time  0.123 ( 0.544)	Data  0.000 ( 0.371)	Loss 9.8776e-02 (1.5422e-01)	Acc@1  35.94 ( 30.67)	Acc@5  66.41 ( 51.02)
Epoch: [0][ 350/5005]	Time  0.124 ( 0.540)	Data  0.000 ( 0.368)	Loss 1.0146e-01 (1.5321e-01)	Acc@1  42.97 ( 31.10)	Acc@5  67.58 ( 51.53)
Epoch: [0][ 360/5005]	Time  0.125 ( 0.540)	Data  0.000 ( 0.370)	Loss 1.0310e-01 (1.5180e-01)	Acc@1  48.05 ( 31.54)	Acc@5  66.80 ( 52.07)
Epoch: [0][ 370/5005]	Time  0.123 ( 0.537)	Data  0.000 ( 0.368)	Loss 9.9293e-02 (1.5042e-01)	Acc@1  54.69 ( 32.00)	Acc@5  78.52 ( 52.61)
Epoch: [0][ 380/5005]	Time  0.127 ( 0.538)	Data  0.000 ( 0.370)	Loss 9.9482e-02 (1.4954e-01)	Acc@1  51.56 ( 32.42)	Acc@5  74.22 ( 53.13)
Epoch: [0][ 390/5005]	Time  0.126 ( 0.535)	Data  0.000 ( 0.368)	Loss 9.8788e-02 (1.4826e-01)	Acc@1  46.48 ( 32.85)	Acc@5  69.92 ( 53.60)
Epoch: [0][ 400/5005]	Time  0.123 ( 0.537)	Data  0.000 ( 0.371)	Loss 1.0048e-01 (1.4699e-01)	Acc@1  48.83 ( 33.23)	Acc@5  70.70 ( 54.07)
Epoch: [0][ 410/5005]	Time  0.120 ( 0.534)	Data  0.000 ( 0.369)	Loss 9.4477e-02 (1.4579e-01)	Acc@1  48.83 ( 33.63)	Acc@5  73.05 ( 54.54)
Epoch: [0][ 420/5005]	Time  0.123 ( 0.535)	Data  0.000 ( 0.371)	Loss 8.9578e-02 (1.4458e-01)	Acc@1  44.14 ( 34.00)	Acc@5  71.88 ( 54.95)
Epoch: [0][ 430/5005]	Time  0.123 ( 0.532)	Data  0.000 ( 0.368)	Loss 9.8036e-02 (1.4381e-01)	Acc@1  50.78 ( 34.36)	Acc@5  73.83 ( 55.37)
Epoch: [0][ 440/5005]	Time  0.123 ( 0.532)	Data  0.000 ( 0.370)	Loss 9.1989e-02 (1.4303e-01)	Acc@1  50.78 ( 34.69)	Acc@5  77.34 ( 55.79)
Epoch: [0][ 450/5005]	Time  0.122 ( 0.530)	Data  0.000 ( 0.368)	Loss 9.3612e-02 (1.4188e-01)	Acc@1  59.38 ( 35.09)	Acc@5  75.39 ( 56.22)
Epoch: [0][ 460/5005]	Time  0.156 ( 0.530)	Data  0.000 ( 0.369)	Loss 9.0390e-02 (1.4078e-01)	Acc@1  51.17 ( 35.47)	Acc@5  75.78 ( 56.64)
Epoch: [0][ 470/5005]	Time  0.145 ( 0.528)	Data  0.000 ( 0.368)	Loss 9.1235e-02 (1.3971e-01)	Acc@1  51.95 ( 35.84)	Acc@5  76.17 ( 57.06)
Epoch: [0][ 480/5005]	Time  0.123 ( 0.530)	Data  0.000 ( 0.369)	Loss 9.0878e-02 (1.3903e-01)	Acc@1  54.69 ( 36.20)	Acc@5  74.22 ( 57.46)
Epoch: [0][ 490/5005]	Time  0.126 ( 0.528)	Data  0.000 ( 0.369)	Loss 8.5508e-02 (1.3802e-01)	Acc@1  51.17 ( 36.51)	Acc@5  73.83 ( 57.81)
Epoch: [0][ 500/5005]	Time  0.128 ( 0.529)	Data  0.000 ( 0.370)	Loss 9.1546e-02 (1.3701e-01)	Acc@1  55.47 ( 36.83)	Acc@5  77.73 ( 58.17)
Epoch: [0][ 510/5005]	Time  0.254 ( 0.527)	Data  0.000 ( 0.368)	Loss 7.9825e-02 (1.3599e-01)	Acc@1  50.00 ( 37.09)	Acc@5  70.70 ( 58.48)
Epoch: [0][ 520/5005]	Time  0.125 ( 0.527)	Data  0.000 ( 0.369)	Loss 8.4604e-02 (1.3501e-01)	Acc@1  55.08 ( 37.43)	Acc@5  76.95 ( 58.84)
Epoch: [0][ 530/5005]	Time  0.144 ( 0.526)	Data  0.000 ( 0.368)	Loss 8.4846e-02 (1.3407e-01)	Acc@1  53.12 ( 37.75)	Acc@5  76.95 ( 59.17)
Epoch: [0][ 540/5005]	Time  0.119 ( 0.526)	Data  0.000 ( 0.369)	Loss 9.1708e-02 (1.3315e-01)	Acc@1  57.81 ( 38.03)	Acc@5  78.52 ( 59.48)
Epoch: [0][ 550/5005]	Time  0.137 ( 0.524)	Data  0.001 ( 0.367)	Loss 8.2560e-02 (1.3262e-01)	Acc@1  54.30 ( 38.32)	Acc@5  76.95 ( 59.78)
Epoch: [0][ 560/5005]	Time  0.125 ( 0.524)	Data  0.000 ( 0.369)	Loss 7.5768e-02 (1.3209e-01)	Acc@1  53.12 ( 38.62)	Acc@5  77.73 ( 60.10)
Epoch: [0][ 570/5005]	Time  0.122 ( 0.522)	Data  0.000 ( 0.367)	Loss 8.6644e-02 (1.3121e-01)	Acc@1  58.98 ( 38.91)	Acc@5  79.69 ( 60.42)
Epoch: [0][ 580/5005]	Time  0.124 ( 0.524)	Data  0.000 ( 0.369)	Loss 7.9675e-02 (1.3074e-01)	Acc@1  55.08 ( 39.20)	Acc@5  78.91 ( 60.71)
Epoch: [0][ 590/5005]	Time  0.142 ( 0.522)	Data  0.000 ( 0.367)	Loss 7.9641e-02 (1.2992e-01)	Acc@1  57.81 ( 39.49)	Acc@5  81.25 ( 61.02)
Epoch: [0][ 600/5005]	Time  0.154 ( 0.524)	Data  0.000 ( 0.369)	Loss 7.7137e-02 (1.2912e-01)	Acc@1  63.67 ( 39.77)	Acc@5  80.47 ( 61.31)
Epoch: [0][ 610/5005]	Time  0.127 ( 0.522)	Data  0.000 ( 0.368)	Loss 8.1505e-02 (1.2831e-01)	Acc@1  55.86 ( 40.05)	Acc@5  75.39 ( 61.57)
Epoch: [0][ 620/5005]	Time  0.124 ( 0.522)	Data  0.000 ( 0.369)	Loss 7.7381e-02 (1.2750e-01)	Acc@1  56.64 ( 40.30)	Acc@5  78.52 ( 61.84)
Epoch: [0][ 630/5005]	Time  0.120 ( 0.520)	Data  0.000 ( 0.367)	Loss 7.3456e-02 (1.2673e-01)	Acc@1  54.30 ( 40.55)	Acc@5  81.25 ( 62.12)
Epoch: [0][ 640/5005]	Time  0.127 ( 0.522)	Data  0.000 ( 0.369)	Loss 8.0934e-02 (1.2628e-01)	Acc@1  61.33 ( 40.81)	Acc@5  80.86 ( 62.38)
Epoch: [0][ 650/5005]	Time  0.133 ( 0.520)	Data  0.000 ( 0.368)	Loss 7.7983e-02 (1.2554e-01)	Acc@1  52.73 ( 41.06)	Acc@5  74.22 ( 62.63)
Epoch: [0][ 660/5005]	Time  0.138 ( 0.521)	Data  0.000 ( 0.369)	Loss 7.3358e-02 (1.2515e-01)	Acc@1  58.20 ( 41.33)	Acc@5  79.69 ( 62.90)
Epoch: [0][ 670/5005]	Time  0.159 ( 0.519)	Data  0.000 ( 0.368)	Loss 7.3848e-02 (1.2442e-01)	Acc@1  60.16 ( 41.58)	Acc@5  82.03 ( 63.14)
Epoch: [0][ 680/5005]	Time  0.095 ( 0.521)	Data  0.000 ( 0.369)	Loss 7.1375e-02 (1.2371e-01)	Acc@1  52.34 ( 41.80)	Acc@5  77.34 ( 63.38)
Epoch: [0][ 690/5005]	Time  0.122 ( 0.519)	Data  0.000 ( 0.368)	Loss 7.0468e-02 (1.2300e-01)	Acc@1  55.08 ( 42.02)	Acc@5  80.08 ( 63.61)
Epoch: [0][ 700/5005]	Time  0.128 ( 0.520)	Data  0.000 ( 0.369)	Loss 7.2500e-02 (1.2229e-01)	Acc@1  56.64 ( 42.25)	Acc@5  77.34 ( 63.84)
Epoch: [0][ 710/5005]	Time  0.154 ( 0.518)	Data  0.000 ( 0.368)	Loss 7.1993e-02 (1.2156e-01)	Acc@1  57.03 ( 42.48)	Acc@5  75.00 ( 64.07)
Epoch: [0][ 720/5005]	Time  0.135 ( 0.519)	Data  0.000 ( 0.369)	Loss 7.1121e-02 (1.2087e-01)	Acc@1  58.98 ( 42.69)	Acc@5  82.03 ( 64.29)
Epoch: [0][ 730/5005]	Time  0.229 ( 0.517)	Data  0.000 ( 0.367)	Loss 6.9048e-02 (1.2018e-01)	Acc@1  60.55 ( 42.91)	Acc@5  80.86 ( 64.50)
Epoch: [0][ 740/5005]	Time  0.127 ( 0.518)	Data  0.000 ( 0.368)	Loss 7.2906e-02 (1.1983e-01)	Acc@1  53.12 ( 43.09)	Acc@5  76.56 ( 64.69)
Epoch: [0][ 750/5005]	Time  0.123 ( 0.516)	Data  0.000 ( 0.367)	Loss 7.1385e-02 (1.1921e-01)	Acc@1  60.94 ( 43.30)	Acc@5  77.73 ( 64.89)
Epoch: [0][ 760/5005]	Time  0.131 ( 0.517)	Data  0.000 ( 0.367)	Loss 7.3041e-02 (1.1859e-01)	Acc@1  58.20 ( 43.50)	Acc@5  80.08 ( 65.10)
Epoch: [0][ 770/5005]	Time  0.170 ( 0.516)	Data  0.000 ( 0.367)	Loss 7.5206e-02 (1.1796e-01)	Acc@1  61.72 ( 43.70)	Acc@5  82.03 ( 65.31)
Epoch: [0][ 780/5005]	Time  0.125 ( 0.516)	Data  0.000 ( 0.367)	Loss 6.6352e-02 (1.1733e-01)	Acc@1  59.38 ( 43.88)	Acc@5  80.47 ( 65.50)
Epoch: [0][ 790/5005]	Time  0.125 ( 0.515)	Data  0.001 ( 0.366)	Loss 6.7529e-02 (1.1673e-01)	Acc@1  60.94 ( 44.10)	Acc@5  80.47 ( 65.70)
Epoch: [0][ 800/5005]	Time  0.131 ( 0.516)	Data  0.000 ( 0.367)	Loss 6.8272e-02 (1.1611e-01)	Acc@1  57.81 ( 44.31)	Acc@5  81.64 ( 65.90)
Epoch: [0][ 810/5005]	Time  0.148 ( 0.515)	Data  0.000 ( 0.366)	Loss 6.3117e-02 (1.1551e-01)	Acc@1  66.80 ( 44.50)	Acc@5  81.25 ( 66.07)
Epoch: [0][ 820/5005]	Time  0.123 ( 0.515)	Data  0.000 ( 0.367)	Loss 6.8949e-02 (1.1491e-01)	Acc@1  58.98 ( 44.67)	Acc@5  78.91 ( 66.25)
Epoch: [0][ 830/5005]	Time  0.127 ( 0.514)	Data  0.000 ( 0.366)	Loss 6.5799e-02 (1.1434e-01)	Acc@1  66.02 ( 44.86)	Acc@5  82.81 ( 66.44)
Epoch: [0][ 840/5005]	Time  0.123 ( 0.515)	Data  0.000 ( 0.367)	Loss 6.6365e-02 (1.1375e-01)	Acc@1  60.55 ( 45.04)	Acc@5  81.64 ( 66.62)
Epoch: [0][ 850/5005]	Time  0.114 ( 0.514)	Data  0.000 ( 0.366)	Loss 6.3675e-02 (1.1318e-01)	Acc@1  58.98 ( 45.23)	Acc@5  81.64 ( 66.82)
Epoch: [0][ 860/5005]	Time  0.121 ( 0.514)	Data  0.000 ( 0.367)	Loss 6.5348e-02 (1.1261e-01)	Acc@1  60.16 ( 45.41)	Acc@5  82.03 ( 66.99)
Epoch: [0][ 870/5005]	Time  0.125 ( 0.513)	Data  0.001 ( 0.366)	Loss 6.4848e-02 (1.1231e-01)	Acc@1  64.84 ( 45.57)	Acc@5  83.20 ( 67.16)
Epoch: [0][ 880/5005]	Time  0.123 ( 0.513)	Data  0.000 ( 0.367)	Loss 6.0366e-02 (1.1176e-01)	Acc@1  64.45 ( 45.74)	Acc@5  83.59 ( 67.33)
Epoch: [0][ 890/5005]	Time  0.127 ( 0.513)	Data  0.000 ( 0.366)	Loss 6.4987e-02 (1.1122e-01)	Acc@1  58.20 ( 45.89)	Acc@5  80.86 ( 67.48)
Epoch: [0][ 900/5005]	Time  0.180 ( 0.513)	Data  0.026 ( 0.367)	Loss 6.4458e-02 (1.1069e-01)	Acc@1  66.02 ( 46.05)	Acc@5  85.55 ( 67.64)
Epoch: [0][ 910/5005]	Time  0.121 ( 0.512)	Data  0.000 ( 0.366)	Loss 6.3676e-02 (1.1018e-01)	Acc@1  56.64 ( 46.20)	Acc@5  78.12 ( 67.78)
Epoch: [0][ 920/5005]	Time  0.468 ( 0.513)	Data  0.309 ( 0.367)	Loss 5.8940e-02 (1.0965e-01)	Acc@1  59.77 ( 46.35)	Acc@5  78.91 ( 67.93)
Epoch: [0][ 930/5005]	Time  0.150 ( 0.512)	Data  0.001 ( 0.366)	Loss 5.7570e-02 (1.0913e-01)	Acc@1  62.50 ( 46.51)	Acc@5  84.77 ( 68.08)
Epoch: [0][ 940/5005]	Time  0.127 ( 0.513)	Data  0.000 ( 0.367)	Loss 6.1185e-02 (1.0863e-01)	Acc@1  65.62 ( 46.67)	Acc@5  82.03 ( 68.23)
Epoch: [0][ 950/5005]	Time  0.131 ( 0.512)	Data  0.000 ( 0.366)	Loss 6.2959e-02 (1.0812e-01)	Acc@1  62.89 ( 46.82)	Acc@5  83.98 ( 68.38)
Epoch: [0][ 960/5005]	Time  0.138 ( 0.513)	Data  0.000 ( 0.367)	Loss 6.0572e-02 (1.0762e-01)	Acc@1  62.11 ( 46.97)	Acc@5  84.38 ( 68.52)
Epoch: [0][ 970/5005]	Time  0.133 ( 0.512)	Data  0.000 ( 0.367)	Loss 6.0987e-02 (1.0737e-01)	Acc@1  53.52 ( 47.10)	Acc@5  76.56 ( 68.64)
Epoch: [0][ 980/5005]	Time  0.150 ( 0.513)	Data  0.000 ( 0.367)	Loss 5.4910e-02 (1.0688e-01)	Acc@1  58.20 ( 47.23)	Acc@5  76.17 ( 68.77)
Epoch: [0][ 990/5005]	Time  0.141 ( 0.512)	Data  0.000 ( 0.366)	Loss 5.7044e-02 (1.0640e-01)	Acc@1  58.59 ( 47.36)	Acc@5  78.52 ( 68.90)
Epoch: [0][1000/5005]	Time  0.142 ( 0.513)	Data  0.000 ( 0.367)	Loss 5.9873e-02 (1.0640e-01)	Acc@1  64.45 ( 47.52)	Acc@5  83.20 ( 69.04)
Epoch: [0][1010/5005]	Time  0.120 ( 0.512)	Data  0.000 ( 0.367)	Loss 6.0227e-02 (1.0594e-01)	Acc@1  63.67 ( 47.65)	Acc@5  85.55 ( 69.17)
Epoch: [0][1020/5005]	Time  0.126 ( 0.512)	Data  0.000 ( 0.367)	Loss 5.8038e-02 (1.0547e-01)	Acc@1  57.42 ( 47.79)	Acc@5  80.86 ( 69.31)
Epoch: [0][1030/5005]	Time  0.122 ( 0.511)	Data  0.000 ( 0.366)	Loss 5.8890e-02 (1.0501e-01)	Acc@1  64.45 ( 47.93)	Acc@5  85.16 ( 69.44)
Epoch: [0][1040/5005]	Time  0.124 ( 0.512)	Data  0.000 ( 0.367)	Loss 5.5804e-02 (1.0456e-01)	Acc@1  61.33 ( 48.05)	Acc@5  83.59 ( 69.55)
Epoch: [0][1050/5005]	Time  0.122 ( 0.511)	Data  0.000 ( 0.366)	Loss 5.9907e-02 (1.0411e-01)	Acc@1  62.50 ( 48.18)	Acc@5  84.38 ( 69.68)
Epoch: [0][1060/5005]	Time  0.125 ( 0.511)	Data  0.000 ( 0.367)	Loss 5.7338e-02 (1.0366e-01)	Acc@1  66.41 ( 48.31)	Acc@5  84.77 ( 69.80)
Epoch: [0][1070/5005]	Time  0.133 ( 0.510)	Data  0.000 ( 0.366)	Loss 5.6048e-02 (1.0323e-01)	Acc@1  63.28 ( 48.45)	Acc@5  84.38 ( 69.92)
Epoch: [0][1080/5005]	Time  0.385 ( 0.511)	Data  0.261 ( 0.367)	Loss 5.1400e-02 (1.0278e-01)	Acc@1  61.72 ( 48.59)	Acc@5  83.20 ( 70.05)
Epoch: [0][1090/5005]	Time  0.123 ( 0.510)	Data  0.000 ( 0.366)	Loss 5.5363e-02 (1.0236e-01)	Acc@1  63.28 ( 48.72)	Acc@5  84.38 ( 70.18)
Epoch: [0][1100/5005]	Time  0.351 ( 0.510)	Data  0.223 ( 0.367)	Loss 5.9155e-02 (1.0192e-01)	Acc@1  60.55 ( 48.85)	Acc@5  79.69 ( 70.29)
Epoch: [0][1110/5005]	Time  0.150 ( 0.510)	Data  0.000 ( 0.366)	Loss 5.1413e-02 (1.0173e-01)	Acc@1  61.72 ( 48.96)	Acc@5  83.59 ( 70.41)
Epoch: [0][1120/5005]	Time  0.837 ( 0.510)	Data  0.714 ( 0.366)	Loss 5.9771e-02 (1.0132e-01)	Acc@1  66.80 ( 49.09)	Acc@5  85.55 ( 70.53)
Epoch: [0][1130/5005]	Time  0.122 ( 0.509)	Data  0.000 ( 0.366)	Loss 5.5170e-02 (1.0091e-01)	Acc@1  61.33 ( 49.20)	Acc@5  81.64 ( 70.64)
Epoch: [0][1140/5005]	Time  0.580 ( 0.510)	Data  0.453 ( 0.366)	Loss 5.2255e-02 (1.0050e-01)	Acc@1  63.67 ( 49.33)	Acc@5  86.33 ( 70.75)
Epoch: [0][1150/5005]	Time  0.147 ( 0.509)	Data  0.000 ( 0.366)	Loss 5.4648e-02 (1.0032e-01)	Acc@1  58.98 ( 49.44)	Acc@5  79.69 ( 70.86)
Epoch: [0][1160/5005]	Time  0.417 ( 0.509)	Data  0.295 ( 0.366)	Loss 5.3753e-02 (9.9919e-02)	Acc@1  58.59 ( 49.55)	Acc@5  79.30 ( 70.96)




Epoch: [0][2140/5005]	Time  0.123 ( 0.504)	Data  0.000 ( 0.366)	Loss 3.9176e-02 (7.7988e-02)	Acc@1  68.75 ( 56.23)	Acc@5  88.28 ( 76.92)
Epoch: [0][2150/5005]	Time  0.164 ( 0.504)	Data  0.000 ( 0.366)	Loss 3.7899e-02 (7.7800e-02)	Acc@1  61.72 ( 56.27)	Acc@5  84.38 ( 76.96)
Epoch: [0][2160/5005]	Time  0.120 ( 0.505)	Data  0.000 ( 0.366)	Loss 3.8218e-02 (7.7755e-02)	Acc@1  64.45 ( 56.30)	Acc@5  87.50 ( 77.00)
Epoch: [0][2170/5005]	Time  0.137 ( 0.504)	Data  0.000 ( 0.366)	Loss 3.6902e-02 (7.7575e-02)	Acc@1  64.06 ( 56.35)	Acc@5  82.42 ( 77.03)
Epoch: [0][2180/5005]	Time  0.125 ( 0.504)	Data  0.000 ( 0.366)	Loss 3.9563e-02 (7.7393e-02)	Acc@1  66.02 ( 56.39)	Acc@5  84.38 ( 77.07)
Epoch: [0][2190/5005]	Time  0.128 ( 0.504)	Data  0.000 ( 0.366)	Loss 3.8237e-02 (7.7344e-02)	Acc@1  61.72 ( 56.42)	Acc@5  85.94 ( 77.11)
Epoch: [0][2200/5005]	Time  0.123 ( 0.504)	Data  0.000 ( 0.366)	Loss 3.7256e-02 (7.7165e-02)	Acc@1  67.58 ( 56.46)	Acc@5  83.59 ( 77.14)
Epoch: [0][2210/5005]	Time  0.123 ( 0.504)	Data  0.000 ( 0.366)	Loss 3.9643e-02 (7.6986e-02)	Acc@1  62.89 ( 56.49)	Acc@5  84.38 ( 77.17)
Epoch: [0][2220/5005]	Time  0.123 ( 0.504)	Data  0.000 ( 0.366)	Loss 3.5852e-02 (7.6803e-02)	Acc@1  66.02 ( 56.53)	Acc@5  85.55 ( 77.21)
Epoch: [0][2230/5005]	Time  0.133 ( 0.504)	Data  0.000 ( 0.366)	Loss 3.5797e-02 (7.6619e-02)	Acc@1  65.62 ( 56.57)	Acc@5  87.11 ( 77.24)
Epoch: [0][2240/5005]	Time  0.125 ( 0.504)	Data  0.000 ( 0.366)	Loss 3.3387e-02 (7.6442e-02)	Acc@1  65.23 ( 56.61)	Acc@5  87.50 ( 77.28)
Epoch: [0][2250/5005]	Time  0.145 ( 0.504)	Data  0.000 ( 0.366)	Loss 3.5632e-02 (7.6392e-02)	Acc@1  63.67 ( 56.65)	Acc@5  84.38 ( 77.32)
Epoch: [0][2260/5005]	Time  0.147 ( 0.504)	Data  0.000 ( 0.366)	Loss 3.8724e-02 (7.6344e-02)	Acc@1  64.45 ( 56.68)	Acc@5  82.03 ( 77.35)
Epoch: [0][2270/5005]	Time  0.124 ( 0.504)	Data  0.000 ( 0.366)	Loss 3.8402e-02 (7.6174e-02)	Acc@1  67.97 ( 56.72)	Acc@5  85.55 ( 77.38)
Epoch: [0][2280/5005]	Time  0.168 ( 0.504)	Data  0.000 ( 0.366)	Loss 3.5765e-02 (7.6002e-02)	Acc@1  70.31 ( 56.76)	Acc@5  85.94 ( 77.42)
Epoch: [0][2290/5005]	Time  0.125 ( 0.504)	Data  0.000 ( 0.366)	Loss 3.7833e-02 (7.5830e-02)	Acc@1  66.02 ( 56.80)	Acc@5  85.16 ( 77.45)
Epoch: [0][2300/5005]	Time  0.145 ( 0.504)	Data  0.000 ( 0.366)	Loss 3.7386e-02 (7.5777e-02)	Acc@1  65.62 ( 56.84)	Acc@5  82.81 ( 77.48)
Epoch: [0][2310/5005]	Time  0.128 ( 0.504)	Data  0.000 ( 0.366)	Loss 4.0089e-02 (7.5736e-02)	Acc@1  64.45 ( 56.88)	Acc@5  83.59 ( 77.51)
Epoch: [0][2320/5005]	Time  0.123 ( 0.504)	Data  0.000 ( 0.367)	Loss 3.6569e-02 (7.5694e-02)	Acc@1  69.14 ( 56.91)	Acc@5  87.11 ( 77.54)
Epoch: [0][2330/5005]	Time  0.147 ( 0.504)	Data  0.000 ( 0.366)	Loss 3.5633e-02 (7.5645e-02)	Acc@1  66.02 ( 56.95)	Acc@5  84.77 ( 77.58)
Epoch: [0][2340/5005]	Time  0.143 ( 0.504)	Data  0.000 ( 0.366)	Loss 3.3544e-02 (7.5480e-02)	Acc@1  63.28 ( 56.98)	Acc@5  84.38 ( 77.61)
Epoch: [0][2350/5005]	Time  0.122 ( 0.504)	Data  0.000 ( 0.366)	Loss 3.5006e-02 (7.5314e-02)	Acc@1  71.48 ( 57.01)	Acc@5  88.28 ( 77.64)
Epoch: [0][2360/5005]	Time  0.147 ( 0.504)	Data  0.000 ( 0.366)	Loss 3.6644e-02 (7.5146e-02)	Acc@1  63.67 ( 57.05)	Acc@5  84.77 ( 77.67)
Epoch: [0][2370/5005]	Time  0.148 ( 0.504)	Data  0.000 ( 0.366)	Loss 3.5887e-02 (7.5095e-02)	Acc@1  66.80 ( 57.08)	Acc@5  87.50 ( 77.71)
Epoch: [0][2380/5005]	Time  0.164 ( 0.504)	Data  0.000 ( 0.366)	Loss 3.5964e-02 (7.4934e-02)	Acc@1  67.58 ( 57.11)	Acc@5  82.42 ( 77.73)
Epoch: [0][2390/5005]	Time  0.117 ( 0.504)	Data  0.000 ( 0.366)	Loss 3.6831e-02 (7.4772e-02)	Acc@1  63.28 ( 57.15)	Acc@5  86.33 ( 77.77)
Epoch: [0][2400/5005]	Time  0.124 ( 0.504)	Data  0.000 ( 0.366)	Loss 3.4614e-02 (7.4607e-02)	Acc@1  68.75 ( 57.18)	Acc@5  86.72 ( 77.80)
Epoch: [0][2410/5005]	Time  0.120 ( 0.504)	Data  0.000 ( 0.366)	Loss 3.4158e-02 (7.4444e-02)	Acc@1  59.38 ( 57.22)	Acc@5  82.42 ( 77.83)
Epoch: [0][2420/5005]	Time  0.130 ( 0.504)	Data  0.000 ( 0.366)	Loss 3.6774e-02 (7.4285e-02)	Acc@1  69.14 ( 57.25)	Acc@5  85.55 ( 77.86)
Epoch: [0][2430/5005]	Time  0.124 ( 0.504)	Data  0.000 ( 0.366)	Loss 3.2368e-02 (7.4122e-02)	Acc@1  67.19 ( 57.29)	Acc@5  88.28 ( 77.89)
Epoch: [0][2440/5005]	Time  0.127 ( 0.504)	Data  0.000 ( 0.366)	Loss 3.3804e-02 (7.3961e-02)	Acc@1  66.02 ( 57.32)	Acc@5  82.42 ( 77.92)
Epoch: [0][2450/5005]	Time  0.141 ( 0.504)	Data  0.000 ( 0.366)	Loss 3.6156e-02 (7.3803e-02)	Acc@1  64.06 ( 57.35)	Acc@5  83.98 ( 77.95)
Epoch: [0][2460/5005]	Time  0.244 ( 0.504)	Data  0.000 ( 0.366)	Loss 3.4710e-02 (7.3644e-02)	Acc@1  68.75 ( 57.39)	Acc@5  84.77 ( 77.97)
Epoch: [0][2470/5005]	Time  0.125 ( 0.503)	Data  0.000 ( 0.366)	Loss 3.5003e-02 (7.3490e-02)	Acc@1  66.80 ( 57.42)	Acc@5  83.98 ( 78.00)
Epoch: [0][2480/5005]	Time  0.130 ( 0.503)	Data  0.000 ( 0.366)	Loss 3.5208e-02 (7.3335e-02)	Acc@1  63.67 ( 57.45)	Acc@5  84.38 ( 78.03)
Epoch: [0][2490/5005]	Time  0.124 ( 0.503)	Data  0.000 ( 0.366)	Loss 3.5474e-02 (7.3179e-02)	Acc@1  66.41 ( 57.49)	Acc@5  85.16 ( 78.06)
Epoch: [0][2500/5005]	Time  0.119 ( 0.503)	Data  0.001 ( 0.366)	Loss 3.5371e-02 (7.3136e-02)	Acc@1  68.36 ( 57.53)	Acc@5  88.67 ( 78.09)
Epoch: [0][2510/5005]	Time  0.122 ( 0.503)	Data  0.000 ( 0.366)	Loss 3.6364e-02 (7.3096e-02)	Acc@1  65.23 ( 57.56)	Acc@5  81.64 ( 78.11)
Epoch: [0][2520/5005]	Time  0.119 ( 0.503)	Data  0.000 ( 0.366)	Loss 3.4614e-02 (7.2947e-02)	Acc@1  71.09 ( 57.58)	Acc@5  87.50 ( 78.14)
Epoch: [0][2530/5005]	Time  0.123 ( 0.503)	Data  0.000 ( 0.366)	Loss 3.4954e-02 (7.2795e-02)	Acc@1  62.50 ( 57.61)	Acc@5  83.98 ( 78.17)
Epoch: [0][2540/5005]	Time  0.118 ( 0.503)	Data  0.000 ( 0.366)	Loss 3.5666e-02 (7.2762e-02)	Acc@1  70.31 ( 57.64)	Acc@5  88.28 ( 78.19)
Epoch: [0][2550/5005]	Time  0.126 ( 0.503)	Data  0.000 ( 0.366)	Loss 3.4819e-02 (7.2619e-02)	Acc@1  66.41 ( 57.67)	Acc@5  83.20 ( 78.22)
Epoch: [0][2560/5005]	Time  0.126 ( 0.503)	Data  0.000 ( 0.366)	Loss 3.2352e-02 (7.2469e-02)	Acc@1  64.06 ( 57.71)	Acc@5  83.20 ( 78.24)
Epoch: [0][2570/5005]	Time  0.120 ( 0.503)	Data  0.000 ( 0.366)	Loss 3.5318e-02 (7.2319e-02)	Acc@1  66.41 ( 57.74)	Acc@5  83.59 ( 78.27)
Epoch: [0][2580/5005]	Time  0.128 ( 0.504)	Data  0.000 ( 0.366)	Loss 3.3198e-02 (7.2174e-02)	Acc@1  66.80 ( 57.77)	Acc@5  85.94 ( 78.30)
Epoch: [0][2590/5005]	Time  0.150 ( 0.503)	Data  0.000 ( 0.366)	Loss 3.4261e-02 (7.2030e-02)	Acc@1  66.80 ( 57.79)	Acc@5  91.41 ( 78.32)
Epoch: [0][2600/5005]	Time  0.115 ( 0.503)	Data  0.000 ( 0.366)	Loss 3.4744e-02 (7.1885e-02)	Acc@1  71.48 ( 57.83)	Acc@5  86.72 ( 78.35)
Epoch: [0][2610/5005]	Time  0.125 ( 0.503)	Data  0.000 ( 0.366)	Loss 3.4389e-02 (7.1738e-02)	Acc@1  68.36 ( 57.86)	Acc@5  87.89 ( 78.38)
Epoch: [0][2620/5005]	Time  0.126 ( 0.503)	Data  0.000 ( 0.366)	Loss 3.6167e-02 (7.1593e-02)	Acc@1  68.36 ( 57.89)	Acc@5  86.72 ( 78.40)
Epoch: [0][2630/5005]	Time  0.123 ( 0.503)	Data  0.000 ( 0.366)	Loss 3.2327e-02 (7.1449e-02)	Acc@1  62.50 ( 57.92)	Acc@5  85.55 ( 78.43)
Epoch: [0][2640/5005]	Time  0.146 ( 0.503)	Data  0.000 ( 0.366)	Loss 3.2075e-02 (7.1306e-02)	Acc@1  63.67 ( 57.96)	Acc@5  85.16 ( 78.46)
Epoch: [0][2650/5005]	Time  0.160 ( 0.503)	Data  0.000 ( 0.366)	Loss 3.2049e-02 (7.1277e-02)	Acc@1  68.75 ( 57.99)	Acc@5  87.89 ( 78.49)
Epoch: [0][2660/5005]	Time  0.124 ( 0.503)	Data  0.000 ( 0.366)	Loss 3.6492e-02 (7.1247e-02)	Acc@1  68.36 ( 58.02)	Acc@5  88.28 ( 78.52)
Epoch: [0][2670/5005]	Time  0.137 ( 0.503)	Data  0.000 ( 0.366)	Loss 3.3535e-02 (7.1107e-02)	Acc@1  71.48 ( 58.05)	Acc@5  88.28 ( 78.54)
Epoch: [0][2680/5005]	Time  0.120 ( 0.503)	Data  0.000 ( 0.366)	Loss 3.4435e-02 (7.1076e-02)	Acc@1  66.02 ( 58.08)	Acc@5  82.42 ( 78.56)
Epoch: [0][2690/5005]	Time  0.124 ( 0.503)	Data  0.000 ( 0.365)	Loss 3.1845e-02 (7.0937e-02)	Acc@1  68.36 ( 58.11)	Acc@5  87.89 ( 78.59)
Epoch: [0][2700/5005]	Time  0.122 ( 0.503)	Data  0.000 ( 0.366)	Loss 3.3725e-02 (7.0798e-02)	Acc@1  66.02 ( 58.13)	Acc@5  86.33 ( 78.61)
Epoch: [0][2710/5005]	Time  0.120 ( 0.503)	Data  0.000 ( 0.365)	Loss 3.3817e-02 (7.0768e-02)	Acc@1  66.80 ( 58.15)	Acc@5  86.33 ( 78.63)
Epoch: [0][2720/5005]	Time  0.123 ( 0.503)	Data  0.000 ( 0.366)	Loss 3.3497e-02 (7.0636e-02)	Acc@1  62.89 ( 58.18)	Acc@5  84.38 ( 78.66)
Epoch: [0][2730/5005]	Time  0.116 ( 0.503)	Data  0.000 ( 0.365)	Loss 3.4314e-02 (7.0499e-02)	Acc@1  67.19 ( 58.20)	Acc@5  85.94 ( 78.68)
Epoch: [0][2740/5005]	Time  0.125 ( 0.503)	Data  0.000 ( 0.366)	Loss 3.6058e-02 (7.0470e-02)	Acc@1  67.97 ( 58.23)	Acc@5  87.50 ( 78.70)
Epoch: [0][2750/5005]	Time  0.130 ( 0.503)	Data  0.000 ( 0.365)	Loss 3.4942e-02 (7.0439e-02)	Acc@1  64.06 ( 58.25)	Acc@5  85.16 ( 78.73)
Epoch: [0][2760/5005]	Time  0.124 ( 0.503)	Data  0.000 ( 0.366)	Loss 3.2630e-02 (7.0306e-02)	Acc@1  64.84 ( 58.28)	Acc@5  85.16 ( 78.75)
Epoch: [0][2770/5005]	Time  0.123 ( 0.503)	Data  0.000 ( 0.365)	Loss 3.2076e-02 (7.0173e-02)	Acc@1  69.14 ( 58.31)	Acc@5  87.11 ( 78.77)
Epoch: [0][2780/5005]	Time  0.129 ( 0.503)	Data  0.000 ( 0.366)	Loss 3.4740e-02 (7.0042e-02)	Acc@1  67.97 ( 58.34)	Acc@5  85.55 ( 78.80)
Epoch: [0][2790/5005]	Time  0.125 ( 0.502)	Data  0.001 ( 0.365)	Loss 3.2588e-02 (7.0013e-02)	Acc@1  67.58 ( 58.36)	Acc@5  86.33 ( 78.82)
Epoch: [0][2800/5005]	Time  0.146 ( 0.503)	Data  0.000 ( 0.366)	Loss 3.4723e-02 (6.9991e-02)	Acc@1  62.50 ( 58.39)	Acc@5  84.77 ( 78.84)
Epoch: [0][2810/5005]	Time  0.140 ( 0.502)	Data  0.000 ( 0.365)	Loss 3.3723e-02 (6.9861e-02)	Acc@1  64.06 ( 58.41)	Acc@5  86.72 ( 78.86)
Epoch: [0][2820/5005]	Time  0.127 ( 0.503)	Data  0.000 ( 0.366)	Loss 3.3629e-02 (6.9830e-02)	Acc@1  66.80 ( 58.43)	Acc@5  85.94 ( 78.88)
Epoch: [0][2830/5005]	Time  0.120 ( 0.502)	Data  0.000 ( 0.365)	Loss 3.2185e-02 (6.9702e-02)	Acc@1  68.36 ( 58.46)	Acc@5  84.38 ( 78.91)
Epoch: [0][2840/5005]	Time  0.125 ( 0.503)	Data  0.000 ( 0.366)	Loss 3.4075e-02 (6.9674e-02)	Acc@1  61.33 ( 58.49)	Acc@5  81.64 ( 78.93)
Epoch: [0][2850/5005]	Time  0.125 ( 0.502)	Data  0.000 ( 0.366)	Loss 3.3350e-02 (6.9549e-02)	Acc@1  71.09 ( 58.52)	Acc@5  91.80 ( 78.95)
Epoch: [0][2860/5005]	Time  0.125 ( 0.503)	Data  0.000 ( 0.366)	Loss 3.2664e-02 (6.9524e-02)	Acc@1  71.88 ( 58.54)	Acc@5  87.11 ( 78.98)
Epoch: [0][2870/5005]	Time  0.123 ( 0.502)	Data  0.000 ( 0.365)	Loss 3.3158e-02 (6.9401e-02)	Acc@1  65.23 ( 58.57)	Acc@5  84.38 ( 78.99)
Epoch: [0][2880/5005]	Time  0.125 ( 0.502)	Data  0.000 ( 0.366)	Loss 3.2316e-02 (6.9272e-02)	Acc@1  64.84 ( 58.59)	Acc@5  84.38 ( 79.02)
Epoch: [0][2890/5005]	Time  0.118 ( 0.502)	Data  0.000 ( 0.365)	Loss 3.3811e-02 (6.9254e-02)	Acc@1  61.72 ( 58.61)	Acc@5  80.86 ( 79.04)
Epoch: [0][2900/5005]	Time  0.121 ( 0.502)	Data  0.000 ( 0.365)	Loss 3.0236e-02 (6.9129e-02)	Acc@1  68.75 ( 58.64)	Acc@5  86.33 ( 79.06)
Epoch: [0][2910/5005]	Time  0.122 ( 0.502)	Data  0.000 ( 0.365)	Loss 3.1959e-02 (6.9002e-02)	Acc@1  66.41 ( 58.67)	Acc@5  83.20 ( 79.08)
Epoch: [0][2920/5005]	Time  0.125 ( 0.502)	Data  0.000 ( 0.365)	Loss 3.1287e-02 (6.8874e-02)	Acc@1  68.75 ( 58.70)	Acc@5  86.72 ( 79.10)
Epoch: [0][2930/5005]	Time  0.126 ( 0.502)	Data  0.000 ( 0.365)	Loss 3.4527e-02 (6.8751e-02)	Acc@1  72.27 ( 58.73)	Acc@5  89.84 ( 79.13)
Epoch: [0][2940/5005]	Time  0.407 ( 0.502)	Data  0.280 ( 0.366)	Loss 3.2311e-02 (6.8626e-02)	Acc@1  65.23 ( 58.75)	Acc@5  85.55 ( 79.15)
Epoch: [0][2950/5005]	Time  0.125 ( 0.502)	Data  0.000 ( 0.365)	Loss 3.0676e-02 (6.8500e-02)	Acc@1  67.19 ( 58.78)	Acc@5  83.98 ( 79.17)
Epoch: [0][2960/5005]	Time  0.579 ( 0.502)	Data  0.437 ( 0.366)	Loss 3.3356e-02 (6.8477e-02)	Acc@1  67.19 ( 58.81)	Acc@5  85.55 ( 79.19)
Epoch: [0][2970/5005]	Time  0.246 ( 0.502)	Data  0.000 ( 0.365)	Loss 3.2445e-02 (6.8355e-02)	Acc@1  74.61 ( 58.83)	Acc@5  89.45 ( 79.21)
Epoch: [0][2980/5005]	Time  1.027 ( 0.502)	Data  0.903 ( 0.366)	Loss 3.4347e-02 (6.8235e-02)	Acc@1  66.02 ( 58.85)	Acc@5  87.50 ( 79.23)
Epoch: [0][2990/5005]	Time  0.125 ( 0.502)	Data  0.000 ( 0.365)	Loss 3.0479e-02 (6.8116e-02)	Acc@1  66.80 ( 58.88)	Acc@5  84.77 ( 79.25)
Epoch: [0][3000/5005]	Time  0.271 ( 0.502)	Data  0.141 ( 0.366)	Loss 3.2012e-02 (6.7993e-02)	Acc@1  73.83 ( 58.90)	Acc@5  87.89 ( 79.27)
Epoch: [0][3010/5005]	Time  0.127 ( 0.502)	Data  0.000 ( 0.365)	Loss 3.2994e-02 (6.7971e-02)	Acc@1  67.58 ( 58.92)	Acc@5  87.11 ( 79.29)
Epoch: [0][3020/5005]	Time  0.127 ( 0.502)	Data  0.000 ( 0.366)	Loss 3.3753e-02 (6.7951e-02)	Acc@1  62.89 ( 58.94)	Acc@5  83.98 ( 79.31)
Epoch: [0][3030/5005]	Time  0.110 ( 0.502)	Data  0.000 ( 0.366)	Loss 3.2986e-02 (6.7834e-02)	Acc@1  67.19 ( 58.96)	Acc@5  89.45 ( 79.33)
Epoch: [0][3040/5005]	Time  0.116 ( 0.502)	Data  0.000 ( 0.366)	Loss 3.1523e-02 (6.7716e-02)	Acc@1  66.02 ( 58.99)	Acc@5  83.98 ( 79.35)
Epoch: [0][3050/5005]	Time  0.121 ( 0.502)	Data  0.000 ( 0.366)	Loss 3.1355e-02 (6.7598e-02)	Acc@1  65.23 ( 59.01)	Acc@5  82.81 ( 79.37)
Epoch: [0][3060/5005]	Time  0.119 ( 0.502)	Data  0.000 ( 0.366)	Loss 3.5529e-02 (6.7482e-02)	Acc@1  64.45 ( 59.03)	Acc@5  85.16 ( 79.39)
Epoch: [0][3070/5005]	Time  0.120 ( 0.502)	Data  0.000 ( 0.366)	Loss 2.9659e-02 (6.7361e-02)	Acc@1  67.19 ( 59.05)	Acc@5  87.50 ( 79.41)
Epoch: [0][3080/5005]	Time  0.128 ( 0.502)	Data  0.000 ( 0.366)	Loss 2.8878e-02 (6.7241e-02)	Acc@1  66.80 ( 59.08)	Acc@5  85.16 ( 79.43)
Epoch: [0][3090/5005]	Time  0.126 ( 0.502)	Data  0.000 ( 0.366)	Loss 2.9896e-02 (6.7125e-02)	Acc@1  61.72 ( 59.10)	Acc@5  82.42 ( 79.45)
Epoch: [0][3100/5005]	Time  0.114 ( 0.502)	Data  0.000 ( 0.366)	Loss 2.9861e-02 (6.7008e-02)	Acc@1  69.53 ( 59.13)	Acc@5  86.33 ( 79.47)
Epoch: [0][3110/5005]	Time  0.125 ( 0.502)	Data  0.000 ( 0.366)	Loss 3.0553e-02 (6.6895e-02)	Acc@1  62.89 ( 59.15)	Acc@5  85.16 ( 79.49)
Epoch: [0][3120/5005]	Time  0.132 ( 0.502)	Data  0.000 ( 0.366)	Loss 3.1298e-02 (6.6779e-02)	Acc@1  63.28 ( 59.17)	Acc@5  85.94 ( 79.51)
Epoch: [0][3130/5005]	Time  0.120 ( 0.502)	Data  0.000 ( 0.366)	Loss 3.0392e-02 (6.6666e-02)	Acc@1  75.00 ( 59.20)	Acc@5  89.84 ( 79.53)
Epoch: [0][3140/5005]	Time  0.122 ( 0.502)	Data  0.000 ( 0.366)	Loss 2.9361e-02 (6.6551e-02)	Acc@1  67.58 ( 59.21)	Acc@5  87.50 ( 79.55)
Epoch: [0][3150/5005]	Time  0.125 ( 0.502)	Data  0.000 ( 0.366)	Loss 3.1591e-02 (6.6440e-02)	Acc@1  63.28 ( 59.23)	Acc@5  82.42 ( 79.56)
Epoch: [0][3160/5005]	Time  0.121 ( 0.502)	Data  0.000 ( 0.366)	Loss 3.2065e-02 (6.6420e-02)	Acc@1  64.06 ( 59.25)	Acc@5  85.94 ( 79.58)
Epoch: [0][3170/5005]	Time  0.125 ( 0.502)	Data  0.000 ( 0.366)	Loss 3.0494e-02 (6.6311e-02)	Acc@1  67.19 ( 59.27)	Acc@5  87.11 ( 79.60)
Epoch: [0][3180/5005]	Time  0.115 ( 0.502)	Data  0.000 ( 0.366)	Loss 2.9263e-02 (6.6198e-02)	Acc@1  66.02 ( 59.30)	Acc@5  87.50 ( 79.62)
Epoch: [0][3190/5005]	Time  0.126 ( 0.502)	Data  0.000 ( 0.366)	Loss 3.1174e-02 (6.6176e-02)	Acc@1  66.41 ( 59.32)	Acc@5  84.77 ( 79.64)
Epoch: [0][3200/5005]	Time  0.128 ( 0.502)	Data  0.001 ( 0.366)	Loss 3.4803e-02 (6.6067e-02)	Acc@1  65.62 ( 59.34)	Acc@5  85.16 ( 79.66)
Epoch: [0][3210/5005]	Time  0.125 ( 0.502)	Data  0.000 ( 0.366)	Loss 3.1153e-02 (6.5955e-02)	Acc@1  58.98 ( 59.36)	Acc@5  80.47 ( 79.67)
Epoch: [0][3220/5005]	Time  0.138 ( 0.502)	Data  0.000 ( 0.366)	Loss 2.8306e-02 (6.5843e-02)	Acc@1  64.84 ( 59.38)	Acc@5  82.03 ( 79.69)
Epoch: [0][3230/5005]	Time  0.121 ( 0.502)	Data  0.000 ( 0.366)	Loss 2.9224e-02 (6.5734e-02)	Acc@1  62.11 ( 59.40)	Acc@5  82.42 ( 79.70)
Epoch: [0][3240/5005]	Time  0.151 ( 0.502)	Data  0.000 ( 0.366)	Loss 3.1788e-02 (6.5622e-02)	Acc@1  63.28 ( 59.41)	Acc@5  89.84 ( 79.72)
Epoch: [0][3250/5005]	Time  0.145 ( 0.502)	Data  0.000 ( 0.366)	Loss 3.1869e-02 (6.5511e-02)	Acc@1  66.02 ( 59.44)	Acc@5  86.72 ( 79.74)
Epoch: [0][3260/5005]	Time  0.154 ( 0.502)	Data  0.000 ( 0.366)	Loss 3.0997e-02 (6.5404e-02)	Acc@1  67.19 ( 59.46)	Acc@5  87.11 ( 79.76)
Epoch: [0][3270/5005]	Time  0.168 ( 0.502)	Data  0.000 ( 0.366)	Loss 2.9466e-02 (6.5388e-02)	Acc@1  67.58 ( 59.48)	Acc@5  89.06 ( 79.78)
Epoch: [0][3280/5005]	Time  0.122 ( 0.502)	Data  0.000 ( 0.366)	Loss 3.0377e-02 (6.5281e-02)	Acc@1  68.36 ( 59.50)	Acc@5  85.16 ( 79.80)
Epoch: [0][3290/5005]	Time  0.106 ( 0.502)	Data  0.000 ( 0.366)	Loss 3.2709e-02 (6.5178e-02)	Acc@1  63.67 ( 59.52)	Acc@5  83.20 ( 79.81)
Epoch: [0][3300/5005]	Time  0.148 ( 0.502)	Data  0.000 ( 0.366)	Loss 2.8266e-02 (6.5071e-02)	Acc@1  65.62 ( 59.54)	Acc@5  87.50 ( 79.83)
Epoch: [0][3310/5005]	Time  0.121 ( 0.502)	Data  0.000 ( 0.366)	Loss 2.9380e-02 (6.4966e-02)	Acc@1  66.02 ( 59.56)	Acc@5  83.98 ( 79.85)
Epoch: [0][3320/5005]	Time  0.124 ( 0.502)	Data  0.000 ( 0.367)	Loss 2.8210e-02 (6.4858e-02)	Acc@1  65.62 ( 59.58)	Acc@5  82.81 ( 79.86)
Epoch: [0][3330/5005]	Time  0.148 ( 0.502)	Data  0.000 ( 0.366)	Loss 2.8899e-02 (6.4751e-02)	Acc@1  71.48 ( 59.60)	Acc@5  86.72 ( 79.88)
Epoch: [0][3340/5005]	Time  0.150 ( 0.502)	Data  0.000 ( 0.367)	Loss 2.7079e-02 (6.4647e-02)	Acc@1  65.23 ( 59.62)	Acc@5  86.33 ( 79.90)
Epoch: [0][3350/5005]	Time  0.138 ( 0.502)	Data  0.001 ( 0.366)	Loss 3.1725e-02 (6.4716e-02)	Acc@1  67.19 ( 59.64)	Acc@5  86.33 ( 79.92)
Epoch: [0][3360/5005]	Time  0.130 ( 0.503)	Data  0.000 ( 0.367)	Loss 2.9682e-02 (6.4616e-02)	Acc@1  61.72 ( 59.66)	Acc@5  85.16 ( 79.94)
Epoch: [0][3370/5005]	Time  0.130 ( 0.502)	Data  0.000 ( 0.366)	Loss 2.8458e-02 (6.4514e-02)	Acc@1  60.16 ( 59.68)	Acc@5  84.77 ( 79.95)
Epoch: [0][3380/5005]	Time  0.125 ( 0.503)	Data  0.000 ( 0.367)	Loss 2.9018e-02 (6.4414e-02)	Acc@1  67.97 ( 59.70)	Acc@5  87.11 ( 79.97)
Epoch: [0][3390/5005]	Time  0.141 ( 0.502)	Data  0.000 ( 0.366)	Loss 2.7358e-02 (6.4311e-02)	Acc@1  68.75 ( 59.72)	Acc@5  86.72 ( 79.99)
Epoch: [0][3400/5005]	Time  0.123 ( 0.503)	Data  0.000 ( 0.367)	Loss 2.7118e-02 (6.4207e-02)	Acc@1  60.94 ( 59.74)	Acc@5  80.86 ( 80.00)
Epoch: [0][3410/5005]	Time  0.165 ( 0.503)	Data  0.000 ( 0.367)	Loss 2.8118e-02 (6.4107e-02)	Acc@1  68.75 ( 59.76)	Acc@5  85.55 ( 80.02)
Epoch: [0][3420/5005]	Time  0.174 ( 0.503)	Data  0.000 ( 0.367)	Loss 3.2585e-02 (6.4095e-02)	Acc@1  62.50 ( 59.77)	Acc@5  81.25 ( 80.04)
Epoch: [0][3430/5005]	Time  0.142 ( 0.503)	Data  0.000 ( 0.367)	Loss 3.6390e-02 (6.4173e-02)	Acc@1  67.58 ( 59.79)	Acc@5  86.72 ( 80.05)
Epoch: [0][3440/5005]	Time  0.127 ( 0.503)	Data  0.000 ( 0.367)	Loss 3.2463e-02 (6.4154e-02)	Acc@1  62.50 ( 59.80)	Acc@5  85.94 ( 80.07)
Epoch: [0][3450/5005]	Time  0.126 ( 0.503)	Data  0.000 ( 0.367)	Loss 3.0955e-02 (6.4057e-02)	Acc@1  62.11 ( 59.82)	Acc@5  81.25 ( 80.08)
Epoch: [0][3460/5005]	Time  0.154 ( 0.503)	Data  0.000 ( 0.367)	Loss 2.9505e-02 (6.3957e-02)	Acc@1  71.48 ( 59.84)	Acc@5  86.33 ( 80.10)
Epoch: [0][3470/5005]	Time  0.124 ( 0.503)	Data  0.000 ( 0.367)	Loss 2.8732e-02 (6.3857e-02)	Acc@1  63.28 ( 59.85)	Acc@5  84.38 ( 80.11)
Epoch: [0][3480/5005]	Time  0.264 ( 0.503)	Data  0.000 ( 0.367)	Loss 3.3467e-01 (6.3845e-02)	Acc@1  69.14 ( 59.87)	Acc@5  85.94 ( 80.12)
Epoch: [0][3490/5005]	Time  0.136 ( 0.503)	Data  0.000 ( 0.367)	Loss 3.0315e-02 (6.3746e-02)	Acc@1  66.41 ( 59.88)	Acc@5  86.72 ( 80.14)
Epoch: [0][3500/5005]	Time  0.156 ( 0.503)	Data  0.000 ( 0.367)	Loss 3.0876e-02 (6.3730e-02)	Acc@1  74.22 ( 59.90)	Acc@5  91.02 ( 80.16)
Epoch: [0][3510/5005]	Time  0.130 ( 0.503)	Data  0.000 ( 0.367)	Loss 3.1112e-02 (6.3632e-02)	Acc@1  66.80 ( 59.92)	Acc@5  85.94 ( 80.17)
Epoch: [0][3520/5005]	Time  0.123 ( 0.503)	Data  0.000 ( 0.367)	Loss 3.0391e-02 (6.3619e-02)	Acc@1  64.84 ( 59.93)	Acc@5  88.28 ( 80.19)
Epoch: [0][3530/5005]	Time  0.128 ( 0.503)	Data  0.001 ( 0.367)	Loss 3.1894e-02 (6.3525e-02)	Acc@1  66.41 ( 59.94)	Acc@5  88.28 ( 80.20)
Epoch: [0][3540/5005]	Time  0.127 ( 0.503)	Data  0.000 ( 0.367)	Loss 2.9316e-02 (6.3425e-02)	Acc@1  64.84 ( 59.96)	Acc@5  85.16 ( 80.21)
Epoch: [0][3550/5005]	Time  0.119 ( 0.503)	Data  0.000 ( 0.367)	Loss 2.5986e-02 (6.3326e-02)	Acc@1  65.23 ( 59.98)	Acc@5  83.20 ( 80.23)
Epoch: [0][3560/5005]	Time  0.140 ( 0.503)	Data  0.000 ( 0.367)	Loss 3.0679e-02 (6.3315e-02)	Acc@1  63.67 ( 60.00)	Acc@5  84.77 ( 80.24)
Epoch: [0][3570/5005]	Time  0.123 ( 0.503)	Data  0.000 ( 0.367)	Loss 2.6312e-02 (6.3217e-02)	Acc@1  67.97 ( 60.01)	Acc@5  85.16 ( 80.26)
Epoch: [0][3580/5005]	Time  0.151 ( 0.503)	Data  0.000 ( 0.367)	Loss 2.7443e-02 (6.3118e-02)	Acc@1  61.72 ( 60.03)	Acc@5  81.25 ( 80.27)
Epoch: [0][3590/5005]	Time  0.146 ( 0.503)	Data  0.000 ( 0.367)	Loss 2.7939e-02 (6.3021e-02)	Acc@1  69.92 ( 60.05)	Acc@5  87.11 ( 80.28)
Epoch: [0][3600/5005]	Time  0.140 ( 0.503)	Data  0.000 ( 0.367)	Loss 2.8466e-02 (6.2924e-02)	Acc@1  63.67 ( 60.07)	Acc@5  84.77 ( 80.30)
Epoch: [0][3610/5005]	Time  0.125 ( 0.503)	Data  0.000 ( 0.367)	Loss 2.9864e-02 (6.2828e-02)	Acc@1  68.36 ( 60.08)	Acc@5  84.77 ( 80.31)
Epoch: [0][3620/5005]	Time  0.157 ( 0.503)	Data  0.000 ( 0.367)	Loss 2.7172e-02 (6.2734e-02)	Acc@1  61.33 ( 60.10)	Acc@5  81.25 ( 80.32)
Epoch: [0][3630/5005]	Time  0.136 ( 0.503)	Data  0.000 ( 0.367)	Loss 2.9414e-02 (6.2727e-02)	Acc@1  65.23 ( 60.12)	Acc@5  86.72 ( 80.34)
Epoch: [0][3640/5005]	Time  0.135 ( 0.503)	Data  0.000 ( 0.367)	Loss 2.8719e-02 (6.2718e-02)	Acc@1  63.67 ( 60.13)	Acc@5  83.98 ( 80.35)
Epoch: [0][3650/5005]	Time  0.189 ( 0.503)	Data  0.000 ( 0.367)	Loss 3.3322e-02 (6.2628e-02)	Acc@1  64.06 ( 60.15)	Acc@5  85.55 ( 80.37)
Epoch: [0][3660/5005]	Time  0.127 ( 0.503)	Data  0.000 ( 0.367)	Loss 2.9134e-02 (6.2612e-02)	Acc@1  67.19 ( 60.16)	Acc@5  83.20 ( 80.38)
Epoch: [0][3670/5005]	Time  0.126 ( 0.503)	Data  0.000 ( 0.367)	Loss 2.8225e-02 (6.2602e-02)	Acc@1  68.75 ( 60.18)	Acc@5  88.28 ( 80.40)
Epoch: [0][3680/5005]	Time  0.125 ( 0.503)	Data  0.000 ( 0.367)	Loss 2.9584e-02 (6.2512e-02)	Acc@1  65.62 ( 60.20)	Acc@5  86.72 ( 80.41)
Epoch: [0][3690/5005]	Time  0.128 ( 0.503)	Data  0.000 ( 0.367)	Loss 2.9310e-02 (6.2421e-02)	Acc@1  64.45 ( 60.22)	Acc@5  85.16 ( 80.42)
Epoch: [0][3700/5005]	Time  0.252 ( 0.503)	Data  0.000 ( 0.367)	Loss 2.6910e-02 (6.2405e-02)	Acc@1  64.45 ( 60.23)	Acc@5  85.55 ( 80.43)
Epoch: [0][3710/5005]	Time  0.141 ( 0.503)	Data  0.000 ( 0.367)	Loss 2.9256e-02 (6.2313e-02)	Acc@1  65.62 ( 60.24)	Acc@5  85.94 ( 80.45)
Epoch: [0][3720/5005]	Time  0.140 ( 0.503)	Data  0.000 ( 0.367)	Loss 2.9436e-02 (6.2219e-02)	Acc@1  66.80 ( 60.26)	Acc@5  83.20 ( 80.46)
Epoch: [0][3730/5005]	Time  0.126 ( 0.503)	Data  0.000 ( 0.367)	Loss 2.6007e-02 (6.2126e-02)	Acc@1  70.70 ( 60.28)	Acc@5  89.06 ( 80.47)
Epoch: [0][3740/5005]	Time  0.132 ( 0.503)	Data  0.000 ( 0.367)	Loss 2.7606e-02 (6.2034e-02)	Acc@1  63.67 ( 60.29)	Acc@5  82.42 ( 80.49)
Epoch: [0][3750/5005]	Time  0.121 ( 0.503)	Data  0.000 ( 0.367)	Loss 2.6903e-02 (6.1942e-02)	Acc@1  66.41 ( 60.31)	Acc@5  85.16 ( 80.50)
Epoch: [0][3760/5005]	Time  0.123 ( 0.503)	Data  0.000 ( 0.367)	Loss 2.7453e-02 (6.1850e-02)	Acc@1  66.41 ( 60.33)	Acc@5  85.16 ( 80.52)
Epoch: [0][3770/5005]	Time  0.120 ( 0.503)	Data  0.000 ( 0.367)	Loss 2.7191e-02 (6.1760e-02)	Acc@1  71.48 ( 60.34)	Acc@5  88.28 ( 80.53)
Epoch: [0][3780/5005]	Time  0.126 ( 0.503)	Data  0.000 ( 0.367)	Loss 2.6374e-02 (6.1669e-02)	Acc@1  67.19 ( 60.36)	Acc@5  85.94 ( 80.55)
Epoch: [0][3790/5005]	Time  0.133 ( 0.503)	Data  0.000 ( 0.367)	Loss 2.9223e-02 (6.1580e-02)	Acc@1  69.14 ( 60.38)	Acc@5  87.50 ( 80.56)
Epoch: [0][3800/5005]	Time  0.125 ( 0.503)	Data  0.000 ( 0.367)	Loss 3.0018e-02 (6.1490e-02)	Acc@1  70.70 ( 60.39)	Acc@5  87.50 ( 80.57)
Epoch: [0][3810/5005]	Time  0.122 ( 0.503)	Data  0.000 ( 0.367)	Loss 2.6409e-02 (6.1401e-02)	Acc@1  68.75 ( 60.41)	Acc@5  85.94 ( 80.59)
Epoch: [0][3820/5005]	Time  0.126 ( 0.503)	Data  0.000 ( 0.367)	Loss 2.7980e-02 (6.1312e-02)	Acc@1  65.62 ( 60.42)	Acc@5  82.81 ( 80.60)
Epoch: [0][3830/5005]	Time  0.121 ( 0.502)	Data  0.001 ( 0.367)	Loss 2.6104e-02 (6.1223e-02)	Acc@1  64.84 ( 60.43)	Acc@5  84.38 ( 80.61)
Epoch: [0][3840/5005]	Time  0.596 ( 0.503)	Data  0.477 ( 0.367)	Loss 2.7385e-02 (6.1133e-02)	Acc@1  67.58 ( 60.45)	Acc@5  85.55 ( 80.62)
Epoch: [0][3850/5005]	Time  0.123 ( 0.502)	Data  0.000 ( 0.367)	Loss 2.7909e-02 (6.1045e-02)	Acc@1  65.62 ( 60.47)	Acc@5  81.25 ( 80.63)
Epoch: [0][3860/5005]	Time  0.124 ( 0.503)	Data  0.000 ( 0.367)	Loss 2.6460e-02 (6.0959e-02)	Acc@1  69.14 ( 60.48)	Acc@5  83.59 ( 80.64)
Epoch: [0][3870/5005]	Time  0.145 ( 0.503)	Data  0.000 ( 0.367)	Loss 2.8801e-02 (6.0872e-02)	Acc@1  62.11 ( 60.50)	Acc@5  83.59 ( 80.66)
Epoch: [0][3880/5005]	Time  0.128 ( 0.503)	Data  0.000 ( 0.367)	Loss 2.8130e-02 (6.0785e-02)	Acc@1  70.70 ( 60.51)	Acc@5  87.89 ( 80.67)
Epoch: [0][3890/5005]	Time  0.128 ( 0.502)	Data  0.000 ( 0.367)	Loss 2.9181e-02 (6.0782e-02)	Acc@1  64.45 ( 60.53)	Acc@5  83.59 ( 80.68)
Epoch: [0][3900/5005]	Time  0.128 ( 0.503)	Data  0.000 ( 0.367)	Loss 2.7110e-02 (6.0697e-02)	Acc@1  69.53 ( 60.54)	Acc@5  83.20 ( 80.69)
Epoch: [0][3910/5005]	Time  0.133 ( 0.502)	Data  0.000 ( 0.367)	Loss 2.8227e-02 (6.0609e-02)	Acc@1  65.23 ( 60.56)	Acc@5  87.50 ( 80.70)
Epoch: [0][3920/5005]	Time  0.127 ( 0.502)	Data  0.000 ( 0.367)	Loss 2.9669e-02 (6.0524e-02)	Acc@1  69.92 ( 60.57)	Acc@5  87.11 ( 80.72)
Epoch: [0][3930/5005]	Time  0.127 ( 0.502)	Data  0.000 ( 0.367)	Loss 2.6030e-02 (6.0438e-02)	Acc@1  64.45 ( 60.59)	Acc@5  82.03 ( 80.73)
Epoch: [0][3940/5005]	Time  0.119 ( 0.502)	Data  0.000 ( 0.367)	Loss 2.7753e-02 (6.0352e-02)	Acc@1  63.67 ( 60.60)	Acc@5  83.59 ( 80.74)
Epoch: [0][3950/5005]	Time  0.128 ( 0.502)	Data  0.000 ( 0.367)	Loss 2.7047e-02 (6.0340e-02)	Acc@1  65.62 ( 60.61)	Acc@5  88.28 ( 80.75)
Epoch: [0][3960/5005]	Time  0.124 ( 0.502)	Data  0.000 ( 0.367)	Loss 2.9635e-02 (6.0328e-02)	Acc@1  72.27 ( 60.63)	Acc@5  88.67 ( 80.77)
Epoch: [0][3970/5005]	Time  0.125 ( 0.502)	Data  0.000 ( 0.367)	Loss 2.7648e-02 (6.0249e-02)	Acc@1  69.53 ( 60.65)	Acc@5  86.33 ( 80.78)
Epoch: [0][3980/5005]	Time  0.123 ( 0.503)	Data  0.000 ( 0.367)	Loss 2.7174e-02 (6.0166e-02)	Acc@1  61.72 ( 60.66)	Acc@5  83.59 ( 80.79)
Epoch: [0][3990/5005]	Time  0.175 ( 0.502)	Data  0.000 ( 0.367)	Loss 2.5885e-02 (6.0082e-02)	Acc@1  71.09 ( 60.68)	Acc@5  87.50 ( 80.81)
Epoch: [0][4000/5005]	Time  0.124 ( 0.503)	Data  0.000 ( 0.367)	Loss 2.5247e-02 (5.9996e-02)	Acc@1  67.58 ( 60.69)	Acc@5  86.33 ( 80.82)
Epoch: [0][4010/5005]	Time  0.123 ( 0.502)	Data  0.000 ( 0.367)	Loss 2.7289e-02 (5.9989e-02)	Acc@1  69.14 ( 60.71)	Acc@5  87.89 ( 80.83)
Epoch: [0][4020/5005]	Time  0.127 ( 0.503)	Data  0.000 ( 0.367)	Loss 2.8610e-02 (5.9909e-02)	Acc@1  63.67 ( 60.72)	Acc@5  88.28 ( 80.85)
Epoch: [0][4030/5005]	Time  0.120 ( 0.502)	Data  0.000 ( 0.367)	Loss 2.7269e-02 (5.9830e-02)	Acc@1  65.23 ( 60.74)	Acc@5  87.11 ( 80.86)
Epoch: [0][4040/5005]	Time  0.124 ( 0.503)	Data  0.000 ( 0.367)	Loss 2.9396e-02 (5.9824e-02)	Acc@1  70.70 ( 60.75)	Acc@5  89.45 ( 80.87)
Epoch: [0][4050/5005]	Time  0.118 ( 0.502)	Data  0.000 ( 0.367)	Loss 2.5446e-02 (5.9742e-02)	Acc@1  67.97 ( 60.77)	Acc@5  87.11 ( 80.88)
Epoch: [0][4060/5005]	Time  0.126 ( 0.503)	Data  0.000 ( 0.367)	Loss 3.0681e-01 (5.9730e-02)	Acc@1  70.70 ( 60.78)	Acc@5  87.11 ( 80.90)
Epoch: [0][4070/5005]	Time  0.124 ( 0.502)	Data  0.000 ( 0.367)	Loss 3.6525e-02 (5.9799e-02)	Acc@1  69.14 ( 60.80)	Acc@5  85.16 ( 80.91)
Epoch: [0][4080/5005]	Time  0.131 ( 0.503)	Data  0.000 ( 0.367)	Loss 2.8424e-02 (5.9725e-02)	Acc@1  65.62 ( 60.81)	Acc@5  87.11 ( 80.92)
Epoch: [0][4090/5005]	Time  0.127 ( 0.502)	Data  0.000 ( 0.367)	Loss 2.6368e-02 (5.9647e-02)	Acc@1  64.84 ( 60.82)	Acc@5  85.55 ( 80.93)
Epoch: [0][4100/5005]	Time  0.121 ( 0.503)	Data  0.000 ( 0.367)	Loss 2.7411e-02 (5.9640e-02)	Acc@1  66.02 ( 60.84)	Acc@5  85.55 ( 80.94)
Epoch: [0][4110/5005]	Time  0.142 ( 0.502)	Data  0.000 ( 0.367)	Loss 2.5278e-02 (5.9561e-02)	Acc@1  71.09 ( 60.86)	Acc@5  89.45 ( 80.95)
Epoch: [0][4120/5005]	Time  0.129 ( 0.503)	Data  0.001 ( 0.367)	Loss 2.6296e-02 (5.9551e-02)	Acc@1  62.11 ( 60.87)	Acc@5  85.16 ( 80.96)
Epoch: [0][4130/5005]	Time  0.155 ( 0.502)	Data  0.001 ( 0.367)	Loss 2.5512e-02 (5.9472e-02)	Acc@1  66.02 ( 60.88)	Acc@5  83.98 ( 80.97)
Epoch: [0][4140/5005]	Time  0.124 ( 0.502)	Data  0.000 ( 0.367)	Loss 2.6315e-02 (5.9394e-02)	Acc@1  65.62 ( 60.90)	Acc@5  87.50 ( 80.99)
Epoch: [0][4150/5005]	Time  0.122 ( 0.502)	Data  0.000 ( 0.367)	Loss 2.5476e-02 (5.9316e-02)	Acc@1  67.97 ( 60.91)	Acc@5  89.06 ( 81.00)
Epoch: [0][4160/5005]	Time  0.126 ( 0.502)	Data  0.000 ( 0.367)	Loss 2.7141e-02 (5.9309e-02)	Acc@1  66.41 ( 60.92)	Acc@5  83.59 ( 81.01)
Epoch: [0][4170/5005]	Time  0.123 ( 0.502)	Data  0.001 ( 0.367)	Loss 2.7781e-02 (5.9232e-02)	Acc@1  67.58 ( 60.94)	Acc@5  87.11 ( 81.02)
Epoch: [0][4180/5005]	Time  0.126 ( 0.502)	Data  0.000 ( 0.367)	Loss 2.9201e-02 (5.9152e-02)	Acc@1  61.33 ( 60.95)	Acc@5  86.33 ( 81.03)
Epoch: [0][4190/5005]	Time  0.132 ( 0.502)	Data  0.000 ( 0.367)	Loss 2.5061e-02 (5.9073e-02)	Acc@1  67.58 ( 60.96)	Acc@5  84.38 ( 81.04)
Epoch: [0][4200/5005]	Time  0.122 ( 0.502)	Data  0.000 ( 0.367)	Loss 2.4472e-02 (5.8993e-02)	Acc@1  59.77 ( 60.97)	Acc@5  83.98 ( 81.05)
Epoch: [0][4210/5005]	Time  0.231 ( 0.502)	Data  0.000 ( 0.367)	Loss 3.4972e-01 (5.8992e-02)	Acc@1  62.89 ( 60.99)	Acc@5  83.59 ( 81.06)
Epoch: [0][4220/5005]	Time  0.125 ( 0.502)	Data  0.000 ( 0.367)	Loss 2.6396e-02 (5.8917e-02)	Acc@1  71.09 ( 61.00)	Acc@5  87.11 ( 81.07)
Epoch: [0][4230/5005]	Time  0.117 ( 0.502)	Data  0.000 ( 0.367)	Loss 2.5880e-02 (5.8839e-02)	Acc@1  66.80 ( 61.01)	Acc@5  86.72 ( 81.09)
Epoch: [0][4240/5005]	Time  0.124 ( 0.502)	Data  0.000 ( 0.367)	Loss 2.9250e-02 (5.8762e-02)	Acc@1  66.80 ( 61.02)	Acc@5  85.55 ( 81.10)
Epoch: [0][4250/5005]	Time  0.131 ( 0.502)	Data  0.000 ( 0.367)	Loss 2.8083e-02 (5.8754e-02)	Acc@1  66.41 ( 61.04)	Acc@5  90.23 ( 81.11)
Epoch: [0][4260/5005]	Time  0.121 ( 0.502)	Data  0.000 ( 0.367)	Loss 2.4536e-02 (5.8679e-02)	Acc@1  58.59 ( 61.05)	Acc@5  79.69 ( 81.12)
Epoch: [0][4270/5005]	Time  0.117 ( 0.502)	Data  0.000 ( 0.367)	Loss 2.5661e-02 (5.8601e-02)	Acc@1  63.28 ( 61.06)	Acc@5  84.38 ( 81.13)
Epoch: [0][4280/5005]	Time  0.126 ( 0.502)	Data  0.000 ( 0.367)	Loss 2.4663e-02 (5.8525e-02)	Acc@1  66.02 ( 61.07)	Acc@5  82.42 ( 81.14)
Epoch: [0][4290/5005]	Time  0.303 ( 0.502)	Data  0.179 ( 0.367)	Loss 2.7320e-02 (5.8449e-02)	Acc@1  67.97 ( 61.09)	Acc@5  85.94 ( 81.15)
Epoch: [0][4300/5005]	Time  0.130 ( 0.502)	Data  0.000 ( 0.367)	Loss 2.8790e-02 (5.8373e-02)	Acc@1  66.41 ( 61.10)	Acc@5  87.89 ( 81.16)
Epoch: [0][4310/5005]	Time  0.684 ( 0.502)	Data  0.562 ( 0.367)	Loss 2.7366e-02 (5.8371e-02)	Acc@1  65.62 ( 61.11)	Acc@5  82.81 ( 81.16)
Epoch: [0][4320/5005]	Time  0.919 ( 0.502)	Data  0.794 ( 0.367)	Loss 2.5179e-02 (5.8295e-02)	Acc@1  63.67 ( 61.12)	Acc@5  87.50 ( 81.18)
Epoch: [0][4330/5005]	Time  0.218 ( 0.502)	Data  0.090 ( 0.367)	Loss 2.5453e-02 (5.8218e-02)	Acc@1  61.33 ( 61.13)	Acc@5  83.59 ( 81.18)
Epoch: [0][4340/5005]	Time  0.638 ( 0.502)	Data  0.514 ( 0.367)	Loss 2.4886e-02 (5.8143e-02)	Acc@1  67.97 ( 61.14)	Acc@5  87.50 ( 81.19)
Epoch: [0][4350/5005]	Time  1.453 ( 0.502)	Data  1.329 ( 0.367)	Loss 2.7483e-02 (5.8069e-02)	Acc@1  69.14 ( 61.15)	Acc@5  87.50 ( 81.20)
Epoch: [0][4360/5005]	Time  0.347 ( 0.502)	Data  0.223 ( 0.367)	Loss 2.6431e-02 (5.7994e-02)	Acc@1  66.02 ( 61.17)	Acc@5  84.77 ( 81.22)
Epoch: [0][4370/5005]	Time  1.176 ( 0.502)	Data  1.047 ( 0.367)	Loss 2.6163e-02 (5.7920e-02)	Acc@1  62.11 ( 61.18)	Acc@5  84.77 ( 81.22)
Epoch: [0][4380/5005]	Time  0.493 ( 0.502)	Data  0.361 ( 0.367)	Loss 2.5659e-02 (5.7917e-02)	Acc@1  69.53 ( 61.19)	Acc@5  87.89 ( 81.23)
Epoch: [0][4390/5005]	Time  0.742 ( 0.502)	Data  0.615 ( 0.367)	Loss 2.4323e-02 (5.7844e-02)	Acc@1  59.38 ( 61.20)	Acc@5  79.69 ( 81.25)
Epoch: [0][4400/5005]	Time  0.832 ( 0.502)	Data  0.708 ( 0.367)	Loss 2.5682e-02 (5.7772e-02)	Acc@1  64.45 ( 61.21)	Acc@5  85.55 ( 81.25)
Epoch: [0][4410/5005]	Time  0.715 ( 0.502)	Data  0.590 ( 0.367)	Loss 2.5126e-02 (5.7700e-02)	Acc@1  66.41 ( 61.22)	Acc@5  86.33 ( 81.26)
Epoch: [0][4420/5005]	Time  0.968 ( 0.502)	Data  0.848 ( 0.367)	Loss 3.2268e-01 (5.7759e-02)	Acc@1  71.48 ( 61.24)	Acc@5  89.06 ( 81.28)
Epoch: [0][4430/5005]	Time  0.710 ( 0.502)	Data  0.586 ( 0.367)	Loss 2.6786e-02 (5.7691e-02)	Acc@1  69.53 ( 61.25)	Acc@5  86.33 ( 81.29)
Epoch: [0][4440/5005]	Time  0.131 ( 0.502)	Data  0.000 ( 0.367)	Loss 2.6106e-02 (5.7685e-02)	Acc@1  70.70 ( 61.26)	Acc@5  87.11 ( 81.30)
Epoch: [0][4450/5005]	Time  1.346 ( 0.502)	Data  1.224 ( 0.367)	Loss 2.5121e-02 (5.7613e-02)	Acc@1  66.41 ( 61.28)	Acc@5  84.77 ( 81.31)
Epoch: [0][4460/5005]	Time  0.252 ( 0.502)	Data  0.142 ( 0.367)	Loss 2.3644e-02 (5.7540e-02)	Acc@1  64.45 ( 61.29)	Acc@5  85.16 ( 81.32)
Epoch: [0][4470/5005]	Time  1.371 ( 0.502)	Data  1.220 ( 0.367)	Loss 2.3628e-02 (5.7468e-02)	Acc@1  66.41 ( 61.30)	Acc@5  86.33 ( 81.33)
Epoch: [0][4480/5005]	Time  0.120 ( 0.502)	Data  0.001 ( 0.367)	Loss 2.5926e-02 (5.7469e-02)	Acc@1  69.14 ( 61.32)	Acc@5  87.89 ( 81.34)
Epoch: [0][4490/5005]	Time  1.299 ( 0.502)	Data  1.174 ( 0.367)	Loss 2.5645e-02 (5.7398e-02)	Acc@1  68.75 ( 61.33)	Acc@5  85.16 ( 81.35)
Epoch: [0][4500/5005]	Time  0.126 ( 0.502)	Data  0.001 ( 0.367)	Loss 2.4871e-02 (5.7326e-02)	Acc@1  67.97 ( 61.34)	Acc@5  86.33 ( 81.36)
Epoch: [0][4510/5005]	Time  1.716 ( 0.502)	Data  1.593 ( 0.367)	Loss 2.3097e-02 (5.7256e-02)	Acc@1  71.09 ( 61.35)	Acc@5  87.11 ( 81.37)
Epoch: [0][4520/5005]	Time  0.125 ( 0.502)	Data  0.000 ( 0.367)	Loss 2.4408e-02 (5.7186e-02)	Acc@1  64.45 ( 61.36)	Acc@5  85.55 ( 81.38)
Epoch: [0][4530/5005]	Time  1.521 ( 0.502)	Data  1.375 ( 0.367)	Loss 2.6949e-02 (5.7115e-02)	Acc@1  69.14 ( 61.37)	Acc@5  88.28 ( 81.39)
Epoch: [0][4540/5005]	Time  0.350 ( 0.502)	Data  0.217 ( 0.367)	Loss 2.4815e-02 (5.7045e-02)	Acc@1  66.41 ( 61.39)	Acc@5  88.67 ( 81.40)
Epoch: [0][4550/5005]	Time  1.804 ( 0.502)	Data  1.682 ( 0.367)	Loss 3.1892e-01 (5.7039e-02)	Acc@1  59.77 ( 61.40)	Acc@5  82.81 ( 81.41)
Epoch: [0][4560/5005]	Time  0.125 ( 0.502)	Data  0.000 ( 0.367)	Loss 2.4598e-02 (5.6970e-02)	Acc@1  70.70 ( 61.41)	Acc@5  87.50 ( 81.42)
Epoch: [0][4570/5005]	Time  1.951 ( 0.502)	Data  1.823 ( 0.367)	Loss 2.6672e-02 (5.6900e-02)	Acc@1  64.06 ( 61.42)	Acc@5  84.38 ( 81.43)
Epoch: [0][4580/5005]	Time  0.127 ( 0.502)	Data  0.000 ( 0.367)	Loss 2.7644e-02 (5.6899e-02)	Acc@1  72.66 ( 61.43)	Acc@5  89.84 ( 81.44)
Epoch: [0][4590/5005]	Time  1.460 ( 0.502)	Data  1.337 ( 0.367)	Loss 2.6342e-02 (5.6830e-02)	Acc@1  62.89 ( 61.44)	Acc@5  84.38 ( 81.45)
Epoch: [0][4600/5005]	Time  0.131 ( 0.502)	Data  0.000 ( 0.367)	Loss 2.4021e-02 (5.6760e-02)	Acc@1  65.62 ( 61.45)	Acc@5  85.16 ( 81.45)
Epoch: [0][4610/5005]	Time  1.522 ( 0.502)	Data  1.395 ( 0.367)	Loss 2.4854e-02 (5.6754e-02)	Acc@1  66.02 ( 61.46)	Acc@5  85.55 ( 81.46)
Epoch: [0][4620/5005]	Time  0.135 ( 0.502)	Data  0.000 ( 0.367)	Loss 2.5304e-02 (5.6686e-02)	Acc@1  66.80 ( 61.47)	Acc@5  82.42 ( 81.47)
Epoch: [0][4630/5005]	Time  1.500 ( 0.502)	Data  1.379 ( 0.367)	Loss 2.3334e-02 (5.6682e-02)	Acc@1  63.28 ( 61.48)	Acc@5  85.16 ( 81.48)
Epoch: [0][4640/5005]	Time  0.121 ( 0.502)	Data  0.000 ( 0.367)	Loss 2.4291e-02 (5.6616e-02)	Acc@1  67.19 ( 61.50)	Acc@5  83.59 ( 81.49)
Epoch: [0][4650/5005]	Time  1.809 ( 0.502)	Data  1.679 ( 0.367)	Loss 2.5443e-02 (5.6611e-02)	Acc@1  69.14 ( 61.51)	Acc@5  89.06 ( 81.50)
Epoch: [0][4660/5005]	Time  0.121 ( 0.502)	Data  0.000 ( 0.367)	Loss 2.6385e-02 (5.6545e-02)	Acc@1  64.84 ( 61.52)	Acc@5  85.94 ( 81.51)
Epoch: [0][4670/5005]	Time  1.633 ( 0.502)	Data  1.509 ( 0.367)	Loss 2.5656e-02 (5.6476e-02)	Acc@1  69.14 ( 61.53)	Acc@5  88.67 ( 81.52)
Epoch: [0][4680/5005]	Time  0.140 ( 0.502)	Data  0.000 ( 0.367)	Loss 3.1831e-01 (5.6470e-02)	Acc@1  70.31 ( 61.54)	Acc@5  86.72 ( 81.53)
Epoch: [0][4690/5005]	Time  1.582 ( 0.502)	Data  1.456 ( 0.367)	Loss 2.5708e-02 (5.6405e-02)	Acc@1  63.28 ( 61.55)	Acc@5  81.64 ( 81.54)
Epoch: [0][4700/5005]	Time  0.129 ( 0.501)	Data  0.001 ( 0.367)	Loss 2.5673e-02 (5.6338e-02)	Acc@1  66.80 ( 61.56)	Acc@5  85.94 ( 81.55)
Epoch: [0][4710/5005]	Time  1.548 ( 0.502)	Data  1.422 ( 0.367)	Loss 2.2236e-02 (5.6270e-02)	Acc@1  63.67 ( 61.58)	Acc@5  87.89 ( 81.56)
Epoch: [0][4720/5005]	Time  0.279 ( 0.501)	Data  0.000 ( 0.367)	Loss 2.3810e-02 (5.6262e-02)	Acc@1  67.58 ( 61.59)	Acc@5  85.16 ( 81.57)
Epoch: [0][4730/5005]	Time  1.468 ( 0.502)	Data  1.334 ( 0.367)	Loss 2.3254e-02 (5.6197e-02)	Acc@1  69.92 ( 61.60)	Acc@5  85.55 ( 81.58)
Epoch: [0][4740/5005]	Time  0.123 ( 0.501)	Data  0.000 ( 0.367)	Loss 2.3821e-02 (5.6130e-02)	Acc@1  67.58 ( 61.61)	Acc@5  88.28 ( 81.59)
Epoch: [0][4750/5005]	Time  1.625 ( 0.502)	Data  1.481 ( 0.367)	Loss 2.4978e-02 (5.6063e-02)	Acc@1  64.84 ( 61.62)	Acc@5  87.11 ( 81.60)
Epoch: [0][4760/5005]	Time  0.131 ( 0.501)	Data  0.000 ( 0.367)	Loss 2.4897e-02 (5.5997e-02)	Acc@1  62.50 ( 61.63)	Acc@5  80.47 ( 81.60)
Epoch: [0][4770/5005]	Time  1.620 ( 0.502)	Data  1.492 ( 0.367)	Loss 3.1321e-01 (5.6055e-02)	Acc@1  67.97 ( 61.64)	Acc@5  87.50 ( 81.61)
Epoch: [0][4780/5005]	Time  0.122 ( 0.501)	Data  0.000 ( 0.367)	Loss 2.3951e-02 (5.5993e-02)	Acc@1  66.41 ( 61.65)	Acc@5  85.94 ( 81.62)
Epoch: [0][4790/5005]	Time  1.611 ( 0.502)	Data  1.462 ( 0.367)	Loss 2.4062e-02 (5.5928e-02)	Acc@1  63.28 ( 61.66)	Acc@5  86.33 ( 81.63)
Epoch: [0][4800/5005]	Time  0.121 ( 0.501)	Data  0.001 ( 0.367)	Loss 2.4652e-02 (5.5863e-02)	Acc@1  61.33 ( 61.66)	Acc@5  82.42 ( 81.63)
Epoch: [0][4810/5005]	Time  1.742 ( 0.502)	Data  1.609 ( 0.367)	Loss 2.5878e-02 (5.5796e-02)	Acc@1  61.72 ( 61.67)	Acc@5  83.59 ( 81.64)
Epoch: [0][4820/5005]	Time  0.120 ( 0.502)	Data  0.000 ( 0.367)	Loss 2.3380e-02 (5.5790e-02)	Acc@1  69.92 ( 61.68)	Acc@5  87.11 ( 81.65)
Epoch: [0][4830/5005]	Time  1.703 ( 0.502)	Data  1.576 ( 0.367)	Loss 2.3093e-02 (5.5725e-02)	Acc@1  66.02 ( 61.69)	Acc@5  83.98 ( 81.65)
Epoch: [0][4840/5005]	Time  0.118 ( 0.502)	Data  0.000 ( 0.367)	Loss 2.6519e-02 (5.5726e-02)	Acc@1  62.11 ( 61.70)	Acc@5  84.77 ( 81.66)
Epoch: [0][4850/5005]	Time  1.688 ( 0.502)	Data  1.552 ( 0.367)	Loss 2.3175e-02 (5.5721e-02)	Acc@1  70.70 ( 61.71)	Acc@5  87.11 ( 81.67)
Epoch: [0][4860/5005]	Time  0.127 ( 0.502)	Data  0.000 ( 0.367)	Loss 2.8778e-02 (5.5772e-02)	Acc@1  65.23 ( 61.72)	Acc@5  84.77 ( 81.68)
Epoch: [0][4870/5005]	Time  1.709 ( 0.502)	Data  1.588 ( 0.367)	Loss 2.4493e-02 (5.5713e-02)	Acc@1  63.67 ( 61.73)	Acc@5  82.42 ( 81.69)
Epoch: [0][4880/5005]	Time  0.123 ( 0.501)	Data  0.000 ( 0.367)	Loss 2.2828e-02 (5.5650e-02)	Acc@1  65.23 ( 61.74)	Acc@5  86.72 ( 81.70)
Epoch: [0][4890/5005]	Time  1.539 ( 0.502)	Data  1.408 ( 0.367)	Loss 2.3836e-02 (5.5585e-02)	Acc@1  69.14 ( 61.75)	Acc@5  88.28 ( 81.71)
Epoch: [0][4900/5005]	Time  0.172 ( 0.501)	Data  0.000 ( 0.367)	Loss 2.3626e-02 (5.5521e-02)	Acc@1  61.72 ( 61.76)	Acc@5  82.42 ( 81.72)
Epoch: [0][4910/5005]	Time  1.503 ( 0.502)	Data  1.378 ( 0.367)	Loss 2.2965e-02 (5.5456e-02)	Acc@1  68.36 ( 61.77)	Acc@5  84.77 ( 81.72)
Epoch: [0][4920/5005]	Time  0.122 ( 0.501)	Data  0.000 ( 0.367)	Loss 2.4541e-02 (5.5452e-02)	Acc@1  67.58 ( 61.78)	Acc@5  84.77 ( 81.73)
Epoch: [0][4930/5005]	Time  1.721 ( 0.502)	Data  1.594 ( 0.367)	Loss 2.3050e-02 (5.5388e-02)	Acc@1  64.45 ( 61.79)	Acc@5  85.94 ( 81.74)
Epoch: [0][4940/5005]	Time  0.124 ( 0.501)	Data  0.000 ( 0.367)	Loss 2.4395e-02 (5.5325e-02)	Acc@1  67.58 ( 61.80)	Acc@5  86.33 ( 81.75)
Epoch: [0][4950/5005]	Time  1.524 ( 0.502)	Data  1.395 ( 0.367)	Loss 2.5208e-02 (5.5261e-02)	Acc@1  66.41 ( 61.81)	Acc@5  83.20 ( 81.76)
Epoch: [0][4960/5005]	Time  0.125 ( 0.501)	Data  0.000 ( 0.367)	Loss 2.5237e-02 (5.5197e-02)	Acc@1  64.45 ( 61.82)	Acc@5  84.38 ( 81.77)
Epoch: [0][4970/5005]	Time  1.492 ( 0.501)	Data  1.365 ( 0.367)	Loss 2.2348e-02 (5.5193e-02)	Acc@1  67.58 ( 61.83)	Acc@5  87.11 ( 81.78)
Epoch: [0][4980/5005]	Time  0.416 ( 0.501)	Data  0.290 ( 0.367)	Loss 2.5007e-02 (5.5192e-02)	Acc@1  67.19 ( 61.84)	Acc@5  84.77 ( 81.78)
Epoch: [0][4990/5005]	Time  1.284 ( 0.501)	Data  1.158 ( 0.367)	Loss 2.5046e-02 (5.5130e-02)	Acc@1  71.88 ( 61.85)	Acc@5  87.89 ( 81.79)
Epoch: [0][5000/5005]	Time  0.546 ( 0.501)	Data  0.421 ( 0.367)	Loss 2.2932e-02 (5.5066e-02)	Acc@1  70.31 ( 61.86)	Acc@5  87.89 ( 81.80)
Test: [  0/196]	Time  3.568 ( 3.568)	Loss 7.3411e-01 (7.3411e-01)	Acc@1  78.91 ( 78.91)	Acc@5  94.92 ( 94.92)
Test: [ 10/196]	Time  0.053 ( 0.814)	Loss 1.2799e+00 (9.4133e-01)	Acc@1  66.02 ( 76.07)	Acc@5  89.06 ( 92.08)
Test: [ 20/196]	Time  2.079 ( 0.761)	Loss 1.0069e+00 (9.8382e-01)	Acc@1  78.52 ( 75.19)	Acc@5  89.06 ( 91.54)
Test: [ 30/196]	Time  0.391 ( 0.675)	Loss 9.1600e-01 (9.4244e-01)	Acc@1  78.52 ( 76.42)	Acc@5  92.58 ( 92.00)
Test: [ 40/196]	Time  1.263 ( 0.663)	Loss 9.8102e-01 (9.8681e-01)	Acc@1  73.44 ( 74.72)	Acc@5  94.92 ( 92.17)
Test: [ 50/196]	Time  0.052 ( 0.641)	Loss 6.1052e-01 (9.7402e-01)	Acc@1  83.59 ( 74.57)	Acc@5  96.88 ( 92.62)
Test: [ 60/196]	Time  0.340 ( 0.630)	Loss 1.2003e+00 (9.8304e-01)	Acc@1  67.58 ( 74.34)	Acc@5  92.19 ( 92.76)
Test: [ 70/196]	Time  0.152 ( 0.640)	Loss 8.7057e-01 (9.6717e-01)	Acc@1  76.56 ( 74.85)	Acc@5  94.53 ( 92.88)
Test: [ 80/196]	Time  0.394 ( 0.631)	Loss 1.7651e+00 (9.8891e-01)	Acc@1  58.20 ( 74.52)	Acc@5  84.77 ( 92.56)
Test: [ 90/196]	Time  0.487 ( 0.635)	Loss 2.3623e+00 (1.0543e+00)	Acc@1  48.05 ( 73.24)	Acc@5  75.78 ( 91.74)
Test: [100/196]	Time  0.055 ( 0.618)	Loss 1.8006e+00 (1.1174e+00)	Acc@1  54.30 ( 71.98)	Acc@5  82.81 ( 90.88)
Test: [110/196]	Time  0.732 ( 0.628)	Loss 1.2243e+00 (1.1446e+00)	Acc@1  70.70 ( 71.45)	Acc@5  89.06 ( 90.48)
Test: [120/196]	Time  0.124 ( 0.617)	Loss 1.8706e+00 (1.1687e+00)	Acc@1  56.64 ( 71.05)	Acc@5  77.73 ( 90.04)
Test: [130/196]	Time  1.843 ( 0.625)	Loss 1.0028e+00 (1.2061e+00)	Acc@1  73.05 ( 70.22)	Acc@5  92.19 ( 89.62)
Test: [140/196]	Time  0.072 ( 0.616)	Loss 1.4641e+00 (1.2274e+00)	Acc@1  64.06 ( 69.81)	Acc@5  83.59 ( 89.35)
Test: [150/196]	Time  2.145 ( 0.619)	Loss 1.4693e+00 (1.2539e+00)	Acc@1  69.14 ( 69.30)	Acc@5  83.59 ( 88.90)
Test: [160/196]	Time  0.055 ( 0.614)	Loss 1.1772e+00 (1.2736e+00)	Acc@1  74.22 ( 68.96)	Acc@5  88.67 ( 88.66)
Test: [170/196]	Time  2.187 ( 0.618)	Loss 9.8501e-01 (1.2969e+00)	Acc@1  74.61 ( 68.45)	Acc@5  91.02 ( 88.37)
Test: [180/196]	Time  0.052 ( 0.610)	Loss 1.4674e+00 (1.3151e+00)	Acc@1  60.16 ( 68.08)	Acc@5  89.06 ( 88.16)
Test: [190/196]	Time  2.373 ( 0.616)	Loss 1.3907e+00 (1.3126e+00)	Acc@1  62.11 ( 68.10)	Acc@5  92.97 ( 88.21)
 * Acc@1 68.248 Acc@5 88.290
Epoch: [1][   0/5005]	Time  3.033 ( 3.033)	Data  2.836 ( 2.836)	Loss 2.2341e-02 (2.2341e-02)	Acc@1  65.23 ( 65.23)	Acc@5  84.77 ( 84.77)
Epoch: [1][  10/5005]	Time  0.131 ( 0.649)	Data  0.000 ( 0.509)	Loss 2.2903e-02 (2.3920e-02)	Acc@1  66.80 ( 66.65)	Acc@5  87.50 ( 85.76)
Epoch: [1][  20/5005]	Time  0.766 ( 0.567)	Data  0.642 ( 0.435)	Loss 2.2484e-02 (2.3233e-02)	Acc@1  67.58 ( 67.80)	Acc@5  85.16 ( 86.48)
Epoch: [1][  30/5005]	Time  0.445 ( 0.546)	Data  0.323 ( 0.413)	Loss 2.4268e-02 (3.3253e-02)	Acc@1  70.70 ( 68.15)	Acc@5  89.06 ( 87.02)
Epoch: [1][  40/5005]	Time  0.720 ( 0.527)	Data  0.582 ( 0.395)	Loss 2.4716e-02 (3.0951e-02)	Acc@1  71.88 ( 68.25)	Acc@5  87.11 ( 86.79)
Epoch: [1][  50/5005]	Time  0.202 ( 0.522)	Data  0.072 ( 0.391)	Loss 2.7425e-02 (2.9518e-02)	Acc@1  67.19 ( 68.13)	Acc@5  89.06 ( 86.84)
Epoch: [1][  60/5005]	Time  0.124 ( 0.508)	Data  0.000 ( 0.377)	Loss 2.3101e-02 (2.8481e-02)	Acc@1  66.41 ( 68.12)	Acc@5  87.11 ( 86.74)
Epoch: [1][  70/5005]	Time  0.138 ( 0.510)	Data  0.000 ( 0.379)	Loss 2.2543e-02 (2.7793e-02)	Acc@1  69.92 ( 68.24)	Acc@5  87.50 ( 86.85)
Epoch: [1][  80/5005]	Time  0.136 ( 0.493)	Data  0.000 ( 0.361)	Loss 2.2265e-02 (2.7280e-02)	Acc@1  66.41 ( 68.12)	Acc@5  85.94 ( 86.77)
Epoch: [1][  90/5005]	Time  0.340 ( 0.500)	Data  0.191 ( 0.368)	Loss 2.3610e-02 (2.6816e-02)	Acc@1  68.36 ( 68.03)	Acc@5  84.38 ( 86.58)
Epoch: [1][ 100/5005]	Time  0.149 ( 0.491)	Data  0.000 ( 0.360)	Loss 2.4411e-02 (2.6436e-02)	Acc@1  67.58 ( 67.98)	Acc@5  86.72 ( 86.48)
Epoch: [1][ 110/5005]	Time  0.839 ( 0.494)	Data  0.713 ( 0.361)	Loss 2.2820e-02 (2.6146e-02)	Acc@1  73.05 ( 68.20)	Acc@5  89.84 ( 86.66)
Epoch: [1][ 120/5005]	Time  0.147 ( 0.485)	Data  0.000 ( 0.353)	Loss 2.5249e-02 (2.8444e-02)	Acc@1  64.84 ( 68.15)	Acc@5  85.16 ( 86.64)
Epoch: [1][ 130/5005]	Time  0.780 ( 0.488)	Data  0.661 ( 0.356)	Loss 2.2128e-02 (2.8059e-02)	Acc@1  62.50 ( 68.17)	Acc@5  83.20 ( 86.68)
Epoch: [1][ 140/5005]	Time  0.148 ( 0.484)	Data  0.000 ( 0.351)	Loss 2.5238e-02 (2.7714e-02)	Acc@1  67.58 ( 68.05)	Acc@5  87.11 ( 86.60)
Epoch: [1][ 150/5005]	Time  0.718 ( 0.487)	Data  0.599 ( 0.355)	Loss 2.3506e-02 (2.9562e-02)	Acc@1  66.80 ( 67.97)	Acc@5  85.94 ( 86.58)
Epoch: [1][ 160/5005]	Time  0.130 ( 0.481)	Data  0.000 ( 0.349)	Loss 2.2333e-02 (2.9181e-02)	Acc@1  69.92 ( 67.94)	Acc@5  87.50 ( 86.55)
Epoch: [1][ 170/5005]	Time  0.123 ( 0.485)	Data  0.000 ( 0.352)	Loss 2.5385e-02 (2.8834e-02)	Acc@1  63.67 ( 67.88)	Acc@5  85.55 ( 86.53)
Epoch: [1][ 180/5005]	Time  0.128 ( 0.479)	Data  0.001 ( 0.347)	Loss 2.2953e-02 (2.8551e-02)	Acc@1  72.66 ( 67.86)	Acc@5  90.23 ( 86.54)
Epoch: [1][ 190/5005]	Time  0.123 ( 0.481)	Data  0.000 ( 0.349)	Loss 2.1529e-02 (2.8248e-02)	Acc@1  64.84 ( 67.96)	Acc@5  85.94 ( 86.58)
Epoch: [1][ 200/5005]	Time  0.128 ( 0.479)	Data  0.000 ( 0.347)	Loss 2.5766e-02 (2.7992e-02)	Acc@1  64.45 ( 67.91)	Acc@5  87.89 ( 86.54)
Epoch: [1][ 210/5005]	Time  0.125 ( 0.481)	Data  0.000 ( 0.350)	Loss 2.3411e-02 (2.7775e-02)	Acc@1  68.36 ( 67.91)	Acc@5  85.55 ( 86.55)
Epoch: [1][ 220/5005]	Time  0.122 ( 0.476)	Data  0.000 ( 0.345)	Loss 2.3135e-02 (2.7572e-02)	Acc@1  71.09 ( 67.89)	Acc@5  88.67 ( 86.54)
/home/shixiong/.local/lib/python3.6/site-packages/PIL/TiffImagePlugin.py:788: UserWarning: Corrupt EXIF data.  Expecting to read 4 bytes but only got 0.
  warnings.warn(str(msg))
Epoch: [1][ 230/5005]	Time  0.127 ( 0.479)	Data  0.000 ( 0.347)	Loss 2.1180e-02 (2.7363e-02)	Acc@1  64.06 ( 67.87)	Acc@5  84.77 ( 86.51)
Epoch: [1][ 240/5005]	Time  0.131 ( 0.475)	Data  0.000 ( 0.344)	Loss 2.2634e-02 (2.8441e-02)	Acc@1  74.61 ( 67.89)	Acc@5  94.14 ( 86.55)
Epoch: [1][ 250/5005]	Time  0.124 ( 0.477)	Data  0.000 ( 0.345)	Loss 2.2178e-02 (2.8241e-02)	Acc@1  70.31 ( 67.82)	Acc@5  87.89 ( 86.53)
Epoch: [1][ 260/5005]	Time  0.121 ( 0.473)	Data  0.000 ( 0.342)	Loss 2.3319e-02 (2.8053e-02)	Acc@1  68.36 ( 67.82)	Acc@5  85.94 ( 86.50)
Epoch: [1][ 270/5005]	Time  0.129 ( 0.476)	Data  0.000 ( 0.345)	Loss 2.2509e-02 (2.8960e-02)	Acc@1  64.84 ( 67.75)	Acc@5  82.81 ( 86.48)
Epoch: [1][ 280/5005]	Time  0.259 ( 0.473)	Data  0.000 ( 0.342)	Loss 2.1857e-02 (2.8770e-02)	Acc@1  66.41 ( 67.71)	Acc@5  84.38 ( 86.44)
Epoch: [1][ 290/5005]	Time  0.125 ( 0.474)	Data  0.000 ( 0.343)	Loss 2.1707e-02 (2.9595e-02)	Acc@1  63.28 ( 67.66)	Acc@5  84.38 ( 86.41)
Epoch: [1][ 300/5005]	Time  0.132 ( 0.472)	Data  0.001 ( 0.340)	Loss 2.4461e-02 (3.0372e-02)	Acc@1  61.72 ( 67.68)	Acc@5  85.55 ( 86.44)
Epoch: [1][ 310/5005]	Time  0.133 ( 0.474)	Data  0.000 ( 0.342)	Loss 2.2452e-02 (3.0145e-02)	Acc@1  67.58 ( 67.71)	Acc@5  87.50 ( 86.48)
Epoch: [1][ 320/5005]	Time  0.128 ( 0.472)	Data  0.000 ( 0.340)	Loss 2.3035e-02 (2.9932e-02)	Acc@1  71.88 ( 67.75)	Acc@5  89.84 ( 86.51)
Epoch: [1][ 330/5005]	Time  0.124 ( 0.472)	Data  0.000 ( 0.341)	Loss 2.2167e-02 (2.9711e-02)	Acc@1  69.53 ( 67.83)	Acc@5  89.45 ( 86.54)
Epoch: [1][ 340/5005]	Time  0.124 ( 0.470)	Data  0.000 ( 0.338)	Loss 2.0979e-02 (2.9491e-02)	Acc@1  71.09 ( 67.84)	Acc@5  87.11 ( 86.54)
Epoch: [1][ 350/5005]	Time  0.125 ( 0.472)	Data  0.000 ( 0.340)	Loss 2.2599e-02 (2.9289e-02)	Acc@1  66.02 ( 67.84)	Acc@5  86.33 ( 86.53)
Epoch: [1][ 360/5005]	Time  0.128 ( 0.470)	Data  0.001 ( 0.338)	Loss 2.4480e-02 (2.9093e-02)	Acc@1  70.31 ( 67.81)	Acc@5  87.50 ( 86.52)
Epoch: [1][ 370/5005]	Time  0.121 ( 0.472)	Data  0.000 ( 0.340)	Loss 2.1903e-02 (2.8935e-02)	Acc@1  69.53 ( 67.82)	Acc@5  84.38 ( 86.52)
Epoch: [1][ 380/5005]	Time  0.129 ( 0.469)	Data  0.000 ( 0.337)	Loss 2.4303e-02 (2.8762e-02)	Acc@1  69.53 ( 67.82)	Acc@5  88.28 ( 86.51)
Epoch: [1][ 390/5005]	Time  0.127 ( 0.470)	Data  0.000 ( 0.339)	Loss 2.1964e-02 (2.8608e-02)	Acc@1  71.48 ( 67.87)	Acc@5  88.28 ( 86.53)
Epoch: [1][ 400/5005]	Time  0.130 ( 0.469)	Data  0.000 ( 0.337)	Loss 2.2740e-02 (2.8454e-02)	Acc@1  69.53 ( 67.87)	Acc@5  87.50 ( 86.52)
Epoch: [1][ 410/5005]	Time  0.148 ( 0.470)	Data  0.000 ( 0.338)	Loss 2.2932e-02 (2.8307e-02)	Acc@1  68.75 ( 67.86)	Acc@5  87.11 ( 86.49)
Epoch: [1][ 420/5005]	Time  0.221 ( 0.469)	Data  0.097 ( 0.337)	Loss 2.3366e-02 (2.8168e-02)	Acc@1  62.89 ( 67.84)	Acc@5  87.89 ( 86.46)
Epoch: [1][ 430/5005]	Time  0.144 ( 0.470)	Data  0.000 ( 0.338)	Loss 2.0553e-02 (2.8028e-02)	Acc@1  69.14 ( 67.83)	Acc@5  86.33 ( 86.43)
Epoch: [1][ 440/5005]	Time  0.122 ( 0.468)	Data  0.000 ( 0.336)	Loss 2.2073e-02 (2.7900e-02)	Acc@1  70.70 ( 67.83)	Acc@5  87.11 ( 86.41)
Epoch: [1][ 450/5005]	Time  0.133 ( 0.469)	Data  0.000 ( 0.337)	Loss 2.1401e-02 (2.7766e-02)	Acc@1  69.53 ( 67.83)	Acc@5  83.20 ( 86.39)
Epoch: [1][ 460/5005]	Time  0.206 ( 0.468)	Data  0.067 ( 0.336)	Loss 2.2658e-02 (2.7648e-02)	Acc@1  64.06 ( 67.82)	Acc@5  85.55 ( 86.40)
Epoch: [1][ 470/5005]	Time  0.122 ( 0.468)	Data  0.000 ( 0.336)	Loss 2.6474e-02 (2.7530e-02)	Acc@1  70.70 ( 67.81)	Acc@5  87.50 ( 86.40)
Epoch: [1][ 480/5005]	Time  0.265 ( 0.468)	Data  0.144 ( 0.336)	Loss 2.2364e-02 (2.7412e-02)	Acc@1  66.41 ( 67.79)	Acc@5  87.89 ( 86.40)
Epoch: [1][ 490/5005]	Time  0.122 ( 0.468)	Data  0.000 ( 0.336)	Loss 2.0928e-02 (2.7311e-02)	Acc@1  75.00 ( 67.83)	Acc@5  89.84 ( 86.42)
Epoch: [1][ 500/5005]	Time  0.934 ( 0.469)	Data  0.686 ( 0.337)	Loss 2.3200e-02 (2.7205e-02)	Acc@1  68.75 ( 67.84)	Acc@5  88.28 ( 86.42)
Epoch: [1][ 510/5005]	Time  0.119 ( 0.467)	Data  0.000 ( 0.335)	Loss 2.0365e-02 (2.7103e-02)	Acc@1  70.70 ( 67.84)	Acc@5  88.67 ( 86.43)
Epoch: [1][ 520/5005]	Time  1.115 ( 0.469)	Data  0.995 ( 0.337)	Loss 3.4472e-01 (2.7633e-02)	Acc@1  68.36 ( 67.85)	Acc@5  87.50 ( 86.45)
Epoch: [1][ 530/5005]	Time  0.126 ( 0.467)	Data  0.000 ( 0.336)	Loss 2.2293e-02 (2.7546e-02)	Acc@1  67.58 ( 67.86)	Acc@5  85.94 ( 86.46)
Epoch: [1][ 540/5005]	Time  1.141 ( 0.469)	Data  1.018 ( 0.336)	Loss 2.2568e-02 (2.8029e-02)	Acc@1  68.36 ( 67.86)	Acc@5  83.20 ( 86.46)
Epoch: [1][ 550/5005]	Time  0.121 ( 0.468)	Data  0.000 ( 0.336)	Loss 2.3125e-02 (2.7933e-02)	Acc@1  66.02 ( 67.86)	Acc@5  83.20 ( 86.45)
Epoch: [1][ 560/5005]	Time  1.433 ( 0.469)	Data  1.307 ( 0.337)	Loss 2.3044e-02 (2.8395e-02)	Acc@1  68.36 ( 67.85)	Acc@5  85.16 ( 86.45)
Epoch: [1][ 570/5005]	Time  0.127 ( 0.468)	Data  0.001 ( 0.336)	Loss 2.3143e-02 (2.8304e-02)	Acc@1  67.58 ( 67.82)	Acc@5  89.45 ( 86.43)
Epoch: [1][ 580/5005]	Time  1.204 ( 0.469)	Data  1.083 ( 0.337)	Loss 1.9966e-02 (2.8189e-02)	Acc@1  67.58 ( 67.81)	Acc@5  85.55 ( 86.42)
Epoch: [1][ 590/5005]	Time  0.124 ( 0.467)	Data  0.000 ( 0.336)	Loss 2.2050e-02 (2.8082e-02)	Acc@1  69.53 ( 67.83)	Acc@5  86.33 ( 86.44)
Epoch: [1][ 600/5005]	Time  0.569 ( 0.469)	Data  0.444 ( 0.337)	Loss 3.4394e-01 (2.8507e-02)	Acc@1  67.58 ( 67.85)	Acc@5  86.72 ( 86.46)
Epoch: [1][ 610/5005]	Time  0.134 ( 0.468)	Data  0.000 ( 0.336)	Loss 2.4084e-02 (2.8424e-02)	Acc@1  67.97 ( 67.86)	Acc@5  88.67 ( 86.46)
Epoch: [1][ 620/5005]	Time  0.142 ( 0.469)	Data  0.000 ( 0.337)	Loss 2.3969e-02 (2.8336e-02)	Acc@1  63.67 ( 67.84)	Acc@5  83.20 ( 86.47)
Epoch: [1][ 630/5005]	Time  0.129 ( 0.468)	Data  0.000 ( 0.336)	Loss 1.9814e-02 (2.8234e-02)	Acc@1  71.09 ( 67.85)	Acc@5  86.33 ( 86.46)
Epoch: [1][ 640/5005]	Time  0.143 ( 0.469)	Data  0.000 ( 0.337)	Loss 2.0818e-02 (2.8122e-02)	Acc@1  64.84 ( 67.84)	Acc@5  88.28 ( 86.47)
Epoch: [1][ 650/5005]	Time  0.120 ( 0.468)	Data  0.000 ( 0.336)	Loss 2.1815e-02 (2.8507e-02)	Acc@1  73.44 ( 67.80)	Acc@5  91.80 ( 86.47)
Epoch: [1][ 660/5005]	Time  0.125 ( 0.469)	Data  0.000 ( 0.337)	Loss 2.0961e-02 (2.8407e-02)	Acc@1  70.70 ( 67.78)	Acc@5  86.72 ( 86.46)
Epoch: [1][ 670/5005]	Time  0.123 ( 0.468)	Data  0.000 ( 0.336)	Loss 1.9748e-02 (2.8306e-02)	Acc@1  64.45 ( 67.79)	Acc@5  85.55 ( 86.47)
Epoch: [1][ 680/5005]	Time  0.121 ( 0.469)	Data  0.000 ( 0.338)	Loss 2.0294e-02 (2.8213e-02)	Acc@1  67.97 ( 67.77)	Acc@5  85.55 ( 86.47)
Epoch: [1][ 690/5005]	Time  0.123 ( 0.469)	Data  0.000 ( 0.337)	Loss 2.0968e-02 (2.8121e-02)	Acc@1  70.31 ( 67.78)	Acc@5  87.89 ( 86.48)
Epoch: [1][ 700/5005]	Time  0.122 ( 0.470)	Data  0.000 ( 0.339)	Loss 2.1589e-02 (2.8028e-02)	Acc@1  66.41 ( 67.78)	Acc@5  87.11 ( 86.48)
Epoch: [1][ 710/5005]	Time  0.123 ( 0.470)	Data  0.000 ( 0.338)	Loss 2.2378e-02 (2.7938e-02)	Acc@1  69.92 ( 67.76)	Acc@5  87.50 ( 86.47)
Epoch: [1][ 720/5005]	Time  0.117 ( 0.470)	Data  0.000 ( 0.338)	Loss 2.2138e-02 (2.8287e-02)	Acc@1  68.75 ( 67.76)	Acc@5  88.67 ( 86.47)
Epoch: [1][ 730/5005]	Time  0.161 ( 0.469)	Data  0.000 ( 0.337)	Loss 2.3534e-02 (2.8627e-02)	Acc@1  60.55 ( 67.73)	Acc@5  84.38 ( 86.45)
Epoch: [1][ 740/5005]	Time  0.117 ( 0.470)	Data  0.000 ( 0.338)	Loss 2.1062e-02 (2.8540e-02)	Acc@1  73.44 ( 67.74)	Acc@5  88.28 ( 86.47)
Epoch: [1][ 750/5005]	Time  0.125 ( 0.469)	Data  0.000 ( 0.337)	Loss 2.0332e-02 (2.8453e-02)	Acc@1  68.36 ( 67.74)	Acc@5  86.72 ( 86.46)
Epoch: [1][ 760/5005]	Time  0.116 ( 0.470)	Data  0.000 ( 0.338)	Loss 2.1388e-02 (2.8364e-02)	Acc@1  70.70 ( 67.73)	Acc@5  87.89 ( 86.45)
Epoch: [1][ 770/5005]	Time  0.122 ( 0.469)	Data  0.000 ( 0.337)	Loss 2.3858e-02 (2.8273e-02)	Acc@1  69.92 ( 67.72)	Acc@5  87.50 ( 86.44)
Epoch: [1][ 780/5005]	Time  0.124 ( 0.469)	Data  0.000 ( 0.338)	Loss 2.3932e-02 (2.8187e-02)	Acc@1  70.70 ( 67.72)	Acc@5  88.28 ( 86.44)
Epoch: [1][ 790/5005]	Time  0.118 ( 0.469)	Data  0.000 ( 0.337)	Loss 2.1167e-02 (2.8109e-02)	Acc@1  67.97 ( 67.74)	Acc@5  85.55 ( 86.46)
Epoch: [1][ 800/5005]	Time  0.142 ( 0.469)	Data  0.000 ( 0.337)	Loss 2.0772e-02 (2.8022e-02)	Acc@1  71.88 ( 67.75)	Acc@5  92.58 ( 86.46)
Epoch: [1][ 810/5005]	Time  0.125 ( 0.468)	Data  0.000 ( 0.337)	Loss 2.2775e-02 (2.8318e-02)	Acc@1  69.53 ( 67.77)	Acc@5  87.89 ( 86.48)
Epoch: [1][ 820/5005]	Time  0.123 ( 0.470)	Data  0.000 ( 0.338)	Loss 2.2071e-02 (2.8244e-02)	Acc@1  65.23 ( 67.76)	Acc@5  83.20 ( 86.48)
Epoch: [1][ 830/5005]	Time  0.122 ( 0.469)	Data  0.001 ( 0.337)	Loss 2.3343e-02 (2.8162e-02)	Acc@1  72.66 ( 67.77)	Acc@5  90.62 ( 86.48)
Epoch: [1][ 840/5005]	Time  0.124 ( 0.470)	Data  0.000 ( 0.339)	Loss 2.2958e-02 (2.8078e-02)	Acc@1  68.36 ( 67.75)	Acc@5  86.72 ( 86.48)
Epoch: [1][ 850/5005]	Time  0.122 ( 0.469)	Data  0.000 ( 0.337)	Loss 2.1516e-02 (2.8000e-02)	Acc@1  66.41 ( 67.73)	Acc@5  87.89 ( 86.48)
Epoch: [1][ 860/5005]	Time  0.108 ( 0.470)	Data  0.000 ( 0.338)	Loss 2.1476e-02 (2.7923e-02)	Acc@1  68.36 ( 67.73)	Acc@5  87.11 ( 86.48)
Epoch: [1][ 870/5005]	Time  0.129 ( 0.470)	Data  0.000 ( 0.338)	Loss 2.1112e-02 (2.7848e-02)	Acc@1  66.41 ( 67.73)	Acc@5  85.94 ( 86.47)
Epoch: [1][ 880/5005]	Time  0.126 ( 0.471)	Data  0.000 ( 0.339)	Loss 2.1002e-02 (2.7765e-02)	Acc@1  69.14 ( 67.74)	Acc@5  89.06 ( 86.48)
Epoch: [1][ 890/5005]	Time  0.122 ( 0.470)	Data  0.000 ( 0.338)	Loss 2.3566e-02 (2.7694e-02)	Acc@1  66.80 ( 67.73)	Acc@5  89.06 ( 86.49)
Epoch: [1][ 900/5005]	Time  0.148 ( 0.471)	Data  0.000 ( 0.339)	Loss 1.9394e-02 (2.7617e-02)	Acc@1  67.58 ( 67.73)	Acc@5  85.16 ( 86.48)
Epoch: [1][ 910/5005]	Time  0.116 ( 0.470)	Data  0.000 ( 0.338)	Loss 2.0896e-02 (2.7547e-02)	Acc@1  66.02 ( 67.71)	Acc@5  83.20 ( 86.47)
Epoch: [1][ 920/5005]	Time  0.121 ( 0.471)	Data  0.000 ( 0.340)	Loss 3.3542e-01 (2.8172e-02)	Acc@1  73.44 ( 67.74)	Acc@5  86.33 ( 86.47)
Epoch: [1][ 930/5005]	Time  0.125 ( 0.470)	Data  0.000 ( 0.339)	Loss 2.4911e-02 (2.8124e-02)	Acc@1  67.58 ( 67.74)	Acc@5  85.16 ( 86.47)
Epoch: [1][ 940/5005]	Time  0.134 ( 0.471)	Data  0.000 ( 0.339)	Loss 2.1107e-02 (2.8063e-02)	Acc@1  62.89 ( 67.74)	Acc@5  81.25 ( 86.46)
Epoch: [1][ 950/5005]	Time  0.120 ( 0.470)	Data  0.000 ( 0.338)	Loss 2.0271e-02 (2.7990e-02)	Acc@1  66.80 ( 67.74)	Acc@5  82.81 ( 86.45)
Epoch: [1][ 960/5005]	Time  0.118 ( 0.471)	Data  0.000 ( 0.339)	Loss 2.0254e-02 (2.7919e-02)	Acc@1  67.19 ( 67.74)	Acc@5  85.94 ( 86.45)
Epoch: [1][ 970/5005]	Time  0.123 ( 0.471)	Data  0.000 ( 0.339)	Loss 2.0473e-02 (2.7848e-02)	Acc@1  75.00 ( 67.76)	Acc@5  91.80 ( 86.46)
Epoch: [1][ 980/5005]	Time  0.146 ( 0.472)	Data  0.000 ( 0.340)	Loss 2.2646e-02 (2.8395e-02)	Acc@1  68.75 ( 67.74)	Acc@5  83.98 ( 86.45)
Epoch: [1][ 990/5005]	Time  0.122 ( 0.471)	Data  0.000 ( 0.339)	Loss 2.1828e-02 (2.8338e-02)	Acc@1  69.92 ( 67.72)	Acc@5  90.62 ( 86.44)
Epoch: [1][1000/5005]	Time  0.173 ( 0.473)	Data  0.000 ( 0.341)	Loss 1.9990e-02 (2.8269e-02)	Acc@1  67.97 ( 67.72)	Acc@5  85.16 ( 86.45)
Epoch: [1][1010/5005]	Time  0.126 ( 0.472)	Data  0.000 ( 0.340)	Loss 2.2977e-02 (2.8779e-02)	Acc@1  69.92 ( 67.72)	Acc@5  87.11 ( 86.46)
Epoch: [1][1020/5005]	Time  0.122 ( 0.473)	Data  0.000 ( 0.341)	Loss 2.1735e-02 (2.9005e-02)	Acc@1  71.88 ( 67.73)	Acc@5  89.06 ( 86.46)
Epoch: [1][1030/5005]	Time  0.164 ( 0.472)	Data  0.000 ( 0.340)	Loss 2.4747e-02 (2.8948e-02)	Acc@1  68.75 ( 67.72)	Acc@5  86.72 ( 86.45)
Epoch: [1][1040/5005]	Time  0.125 ( 0.473)	Data  0.000 ( 0.341)	Loss 1.9590e-02 (2.8876e-02)	Acc@1  64.45 ( 67.72)	Acc@5  85.16 ( 86.45)
Epoch: [1][1050/5005]	Time  0.123 ( 0.472)	Data  0.000 ( 0.340)	Loss 2.3217e-02 (2.9103e-02)	Acc@1  66.41 ( 67.72)	Acc@5  83.59 ( 86.46)
Epoch: [1][1060/5005]	Time  0.122 ( 0.472)	Data  0.001 ( 0.340)	Loss 2.1631e-02 (2.9027e-02)	Acc@1  66.80 ( 67.71)	Acc@5  86.72 ( 86.45)
Epoch: [1][1070/5005]	Time  0.119 ( 0.472)	Data  0.000 ( 0.340)	Loss 2.0928e-02 (2.9248e-02)	Acc@1  71.48 ( 67.72)	Acc@5  89.06 ( 86.45)
Epoch: [1][1080/5005]	Time  0.126 ( 0.473)	Data  0.000 ( 0.341)	Loss 1.9808e-02 (2.9178e-02)	Acc@1  65.62 ( 67.72)	Acc@5  82.81 ( 86.45)
Epoch: [1][1090/5005]	Time  0.121 ( 0.472)	Data  0.000 ( 0.340)	Loss 2.0733e-02 (2.9097e-02)	Acc@1  69.92 ( 67.73)	Acc@5  86.72 ( 86.44)
Epoch: [1][1100/5005]	Time  0.124 ( 0.472)	Data  0.000 ( 0.340)	Loss 2.0675e-02 (2.9026e-02)	Acc@1  68.36 ( 67.74)	Acc@5  88.67 ( 86.44)
Epoch: [1][1110/5005]	Time  0.131 ( 0.472)	Data  0.000 ( 0.340)	Loss 1.8814e-02 (2.8949e-02)	Acc@1  69.53 ( 67.73)	Acc@5  89.06 ( 86.45)
Epoch: [1][1120/5005]	Time  0.123 ( 0.473)	Data  0.000 ( 0.341)	Loss 2.1490e-02 (2.8876e-02)	Acc@1  68.75 ( 67.74)	Acc@5  85.55 ( 86.45)
Epoch: [1][1130/5005]	Time  0.122 ( 0.472)	Data  0.000 ( 0.340)	Loss 2.0814e-02 (2.8802e-02)	Acc@1  62.50 ( 67.72)	Acc@5  79.69 ( 86.44)
Epoch: [1][1140/5005]	Time  0.140 ( 0.473)	Data  0.000 ( 0.341)	Loss 1.9579e-02 (2.8727e-02)	Acc@1  65.62 ( 67.73)	Acc@5  88.67 ( 86.44)
Epoch: [1][1150/5005]	Time  0.139 ( 0.472)	Data  0.000 ( 0.340)	Loss 2.0621e-02 (2.8653e-02)	Acc@1  69.53 ( 67.73)	Acc@5  87.89 ( 86.44)
Epoch: [1][1160/5005]	Time  0.120 ( 0.473)	Data  0.000 ( 0.341)	Loss 1.9385e-02 (2.8586e-02)	Acc@1  62.11 ( 67.72)	Acc@5  85.55 ( 86.43)
Epoch: [1][1170/5005]	Time  0.133 ( 0.472)	Data  0.000 ( 0.340)	Loss 2.0189e-02 (2.8517e-02)	Acc@1  63.67 ( 67.71)	Acc@5  80.47 ( 86.42)
Epoch: [1][1180/5005]	Time  0.139 ( 0.473)	Data  0.000 ( 0.341)	Loss 1.9859e-02 (2.8447e-02)	Acc@1  68.75 ( 67.71)	Acc@5  87.89 ( 86.42)
Epoch: [1][1190/5005]	Time  0.142 ( 0.472)	Data  0.000 ( 0.340)	Loss 3.3169e-01 (2.8645e-02)	Acc@1  67.97 ( 67.70)	Acc@5  83.20 ( 86.42)
Epoch: [1][1200/5005]	Time  0.122 ( 0.473)	Data  0.000 ( 0.341)	Loss 2.1293e-02 (2.8842e-02)	Acc@1  73.83 ( 67.70)	Acc@5  85.94 ( 86.41)
Epoch: [1][1210/5005]	Time  0.235 ( 0.473)	Data  0.000 ( 0.340)	Loss 2.1367e-02 (2.8784e-02)	Acc@1  67.58 ( 67.71)	Acc@5  85.94 ( 86.42)
Epoch: [1][1220/5005]	Time  0.152 ( 0.473)	Data  0.000 ( 0.341)	Loss 2.1330e-02 (2.8721e-02)	Acc@1  69.92 ( 67.73)	Acc@5  87.11 ( 86.43)
Epoch: [1][1230/5005]	Time  0.160 ( 0.472)	Data  0.000 ( 0.340)	Loss 2.3120e-02 (2.8656e-02)	Acc@1  68.75 ( 67.72)	Acc@5  90.23 ( 86.43)
Epoch: [1][1240/5005]	Time  0.124 ( 0.473)	Data  0.000 ( 0.341)	Loss 2.1439e-02 (2.8591e-02)	Acc@1  69.53 ( 67.73)	Acc@5  83.98 ( 86.43)
Epoch: [1][1250/5005]	Time  0.122 ( 0.472)	Data  0.000 ( 0.340)	Loss 2.0426e-02 (2.8527e-02)	Acc@1  67.97 ( 67.73)	Acc@5  87.89 ( 86.43)
Epoch: [1][1260/5005]	Time  0.250 ( 0.473)	Data  0.122 ( 0.341)	Loss 2.0186e-02 (2.8456e-02)	Acc@1  67.58 ( 67.73)	Acc@5  87.11 ( 86.43)
Epoch: [1][1270/5005]	Time  0.126 ( 0.472)	Data  0.000 ( 0.340)	Loss 1.8989e-02 (2.8388e-02)	Acc@1  71.09 ( 67.73)	Acc@5  89.84 ( 86.43)
Epoch: [1][1280/5005]	Time  0.129 ( 0.473)	Data  0.000 ( 0.341)	Loss 1.9883e-02 (2.8325e-02)	Acc@1  67.58 ( 67.73)	Acc@5  87.11 ( 86.43)
Epoch: [1][1290/5005]	Time  0.126 ( 0.472)	Data  0.000 ( 0.340)	Loss 2.1107e-02 (2.8509e-02)	Acc@1  70.31 ( 67.74)	Acc@5  87.50 ( 86.43)
Epoch: [1][1300/5005]	Time  0.146 ( 0.473)	Data  0.000 ( 0.341)	Loss 2.0753e-02 (2.8450e-02)	Acc@1  66.41 ( 67.74)	Acc@5  87.50 ( 86.43)
Epoch: [1][1310/5005]	Time  0.153 ( 0.472)	Data  0.001 ( 0.340)	Loss 1.8751e-02 (2.8392e-02)	Acc@1  66.41 ( 67.75)	Acc@5  85.16 ( 86.43)
Epoch: [1][1320/5005]	Time  0.127 ( 0.473)	Data  0.000 ( 0.341)	Loss 2.0319e-02 (2.8328e-02)	Acc@1  71.09 ( 67.74)	Acc@5  90.23 ( 86.44)
Epoch: [1][1330/5005]	Time  0.146 ( 0.473)	Data  0.000 ( 0.340)	Loss 2.0065e-02 (2.8264e-02)	Acc@1  64.45 ( 67.73)	Acc@5  84.38 ( 86.44)
Epoch: [1][1340/5005]	Time  0.122 ( 0.473)	Data  0.000 ( 0.341)	Loss 1.9136e-02 (2.8204e-02)	Acc@1  69.92 ( 67.74)	Acc@5  88.28 ( 86.44)
Epoch: [1][1350/5005]	Time  0.150 ( 0.473)	Data  0.000 ( 0.340)	Loss 2.0969e-02 (2.8150e-02)	Acc@1  64.06 ( 67.73)	Acc@5  83.98 ( 86.43)
Epoch: [1][1360/5005]	Time  0.694 ( 0.473)	Data  0.570 ( 0.341)	Loss 1.9479e-02 (2.8089e-02)	Acc@1  66.41 ( 67.73)	Acc@5  89.45 ( 86.43)
Epoch: [1][1370/5005]	Time  0.142 ( 0.473)	Data  0.000 ( 0.340)	Loss 2.1107e-02 (2.8032e-02)	Acc@1  69.53 ( 67.73)	Acc@5  87.11 ( 86.43)
Epoch: [1][1380/5005]	Time  0.305 ( 0.473)	Data  0.183 ( 0.341)	Loss 1.9536e-02 (2.7971e-02)	Acc@1  62.89 ( 67.73)	Acc@5  82.81 ( 86.44)
Epoch: [1][1390/5005]	Time  0.130 ( 0.472)	Data  0.000 ( 0.340)	Loss 2.0423e-02 (2.7917e-02)	Acc@1  71.09 ( 67.73)	Acc@5  89.84 ( 86.44)
Epoch: [1][1400/5005]	Time  0.334 ( 0.473)	Data  0.203 ( 0.341)	Loss 1.9439e-02 (2.8087e-02)	Acc@1  70.31 ( 67.73)	Acc@5  87.50 ( 86.43)
Epoch: [1][1410/5005]	Time  0.124 ( 0.472)	Data  0.000 ( 0.340)	Loss 2.1130e-02 (2.8037e-02)	Acc@1  69.14 ( 67.72)	Acc@5  86.33 ( 86.43)
Epoch: [1][1420/5005]	Time  0.124 ( 0.473)	Data  0.000 ( 0.341)	Loss 2.0290e-02 (2.7987e-02)	Acc@1  70.31 ( 67.72)	Acc@5  87.50 ( 86.43)
Epoch: [1][1430/5005]	Time  0.287 ( 0.473)	Data  0.000 ( 0.340)	Loss 2.1151e-02 (2.7936e-02)	Acc@1  67.19 ( 67.72)	Acc@5  83.20 ( 86.43)
Epoch: [1][1440/5005]	Time  0.126 ( 0.473)	Data  0.000 ( 0.341)	Loss 1.8217e-02 (2.7876e-02)	Acc@1  69.53 ( 67.73)	Acc@5  87.89 ( 86.43)
Epoch: [1][1450/5005]	Time  0.119 ( 0.472)	Data  0.000 ( 0.340)	Loss 2.3517e-02 (2.8056e-02)	Acc@1  67.19 ( 67.73)	Acc@5  85.16 ( 86.43)
Epoch: [1][1460/5005]	Time  0.124 ( 0.473)	Data  0.000 ( 0.341)	Loss 2.0837e-02 (2.8008e-02)	Acc@1  69.53 ( 67.75)	Acc@5  85.55 ( 86.43)
Epoch: [1][1470/5005]	Time  0.119 ( 0.472)	Data  0.000 ( 0.340)	Loss 1.8594e-02 (2.7957e-02)	Acc@1  67.19 ( 67.74)	Acc@5  84.77 ( 86.43)
Epoch: [1][1480/5005]	Time  0.124 ( 0.473)	Data  0.000 ( 0.341)	Loss 2.2425e-02 (2.7904e-02)	Acc@1  66.80 ( 67.75)	Acc@5  84.77 ( 86.43)
Epoch: [1][1490/5005]	Time  0.122 ( 0.473)	Data  0.000 ( 0.341)	Loss 2.0230e-02 (2.7850e-02)	Acc@1  72.66 ( 67.75)	Acc@5  89.06 ( 86.44)
Epoch: [1][1500/5005]	Time  0.125 ( 0.473)	Data  0.000 ( 0.341)	Loss 2.0670e-02 (2.8015e-02)	Acc@1  72.27 ( 67.75)	Acc@5  87.11 ( 86.44)
Epoch: [1][1510/5005]	Time  0.124 ( 0.473)	Data  0.000 ( 0.341)	Loss 2.0577e-02 (2.7963e-02)	Acc@1  68.36 ( 67.75)	Acc@5  89.06 ( 86.45)
Epoch: [1][1520/5005]	Time  0.125 ( 0.473)	Data  0.001 ( 0.341)	Loss 2.0404e-02 (2.7912e-02)	Acc@1  63.28 ( 67.75)	Acc@5  83.20 ( 86.45)
Epoch: [1][1530/5005]	Time  0.148 ( 0.473)	Data  0.000 ( 0.341)	Loss 1.9987e-02 (2.7859e-02)	Acc@1  67.58 ( 67.74)	Acc@5  85.94 ( 86.45)
Epoch: [1][1540/5005]	Time  0.125 ( 0.473)	Data  0.000 ( 0.341)	Loss 1.8510e-02 (2.7805e-02)	Acc@1  69.14 ( 67.75)	Acc@5  87.11 ( 86.45)
Epoch: [1][1550/5005]	Time  0.127 ( 0.473)	Data  0.001 ( 0.341)	Loss 2.0748e-02 (2.7752e-02)	Acc@1  66.02 ( 67.75)	Acc@5  86.72 ( 86.45)
Epoch: [1][1560/5005]	Time  0.145 ( 0.474)	Data  0.000 ( 0.341)	Loss 1.8831e-02 (2.7699e-02)	Acc@1  75.00 ( 67.76)	Acc@5  87.89 ( 86.45)
Epoch: [1][1570/5005]	Time  0.159 ( 0.473)	Data  0.000 ( 0.341)	Loss 2.0841e-02 (2.7650e-02)	Acc@1  66.80 ( 67.75)	Acc@5  84.77 ( 86.44)
Epoch: [1][1580/5005]	Time  0.124 ( 0.474)	Data  0.000 ( 0.342)	Loss 1.8746e-02 (2.7599e-02)	Acc@1  71.48 ( 67.76)	Acc@5  87.11 ( 86.44)
Epoch: [1][1590/5005]	Time  0.126 ( 0.473)	Data  0.000 ( 0.341)	Loss 2.0105e-02 (2.7755e-02)	Acc@1  66.80 ( 67.76)	Acc@5  87.11 ( 86.45)
Epoch: [1][1600/5005]	Time  0.121 ( 0.474)	Data  0.000 ( 0.342)	Loss 2.1140e-02 (2.7705e-02)	Acc@1  71.88 ( 67.76)	Acc@5  89.45 ( 86.45)
Epoch: [1][1610/5005]	Time  0.131 ( 0.473)	Data  0.000 ( 0.341)	Loss 1.7803e-02 (2.7654e-02)	Acc@1  71.09 ( 67.76)	Acc@5  89.84 ( 86.45)
Epoch: [1][1620/5005]	Time  0.122 ( 0.474)	Data  0.000 ( 0.341)	Loss 2.0263e-02 (2.7600e-02)	Acc@1  71.09 ( 67.76)	Acc@5  89.84 ( 86.45)
Epoch: [1][1630/5005]	Time  0.126 ( 0.473)	Data  0.000 ( 0.341)	Loss 1.9146e-02 (2.7549e-02)	Acc@1  63.28 ( 67.76)	Acc@5  83.98 ( 86.44)
Epoch: [1][1640/5005]	Time  0.123 ( 0.474)	Data  0.000 ( 0.342)	Loss 2.2023e-02 (2.7502e-02)	Acc@1  67.97 ( 67.76)	Acc@5  86.72 ( 86.44)
Epoch: [1][1650/5005]	Time  0.133 ( 0.473)	Data  0.000 ( 0.341)	Loss 2.0085e-02 (2.7639e-02)	Acc@1  69.92 ( 67.76)	Acc@5  90.23 ( 86.45)
Epoch: [1][1660/5005]	Time  0.128 ( 0.474)	Data  0.000 ( 0.342)	Loss 2.3399e-02 (2.7595e-02)	Acc@1  68.75 ( 67.75)	Acc@5  89.06 ( 86.45)
Epoch: [1][1670/5005]	Time  0.124 ( 0.474)	Data  0.001 ( 0.342)	Loss 2.0095e-02 (2.7548e-02)	Acc@1  69.53 ( 67.76)	Acc@5  89.06 ( 86.45)
Epoch: [1][1680/5005]	Time  0.128 ( 0.474)	Data  0.000 ( 0.342)	Loss 1.8734e-02 (2.7497e-02)	Acc@1  70.70 ( 67.76)	Acc@5  86.33 ( 86.45)
Epoch: [1][1690/5005]	Time  0.172 ( 0.474)	Data  0.000 ( 0.342)	Loss 1.9996e-02 (2.7631e-02)	Acc@1  72.27 ( 67.76)	Acc@5  89.06 ( 86.45)
Epoch: [1][1700/5005]	Time  0.128 ( 0.475)	Data  0.000 ( 0.342)	Loss 2.0499e-02 (2.7777e-02)	Acc@1  69.92 ( 67.76)	Acc@5  84.38 ( 86.44)
Epoch: [1][1710/5005]	Time  0.128 ( 0.474)	Data  0.000 ( 0.342)	Loss 3.4110e-01 (2.8098e-02)	Acc@1  64.84 ( 67.76)	Acc@5  89.06 ( 86.45)
Epoch: [1][1720/5005]	Time  0.144 ( 0.475)	Data  0.000 ( 0.343)	Loss 2.2204e-02 (2.8060e-02)	Acc@1  67.19 ( 67.75)	Acc@5  87.11 ( 86.44)
Epoch: [1][1730/5005]	Time  0.126 ( 0.474)	Data  0.000 ( 0.342)	Loss 2.1543e-02 (2.8016e-02)	Acc@1  69.14 ( 67.76)	Acc@5  87.50 ( 86.45)
Epoch: [1][1740/5005]	Time  0.161 ( 0.475)	Data  0.000 ( 0.343)	Loss 1.9250e-02 (2.7970e-02)	Acc@1  62.89 ( 67.76)	Acc@5  81.25 ( 86.45)
Epoch: [1][1750/5005]	Time  0.119 ( 0.475)	Data  0.000 ( 0.343)	Loss 1.9156e-02 (2.8103e-02)	Acc@1  66.80 ( 67.76)	Acc@5  87.11 ( 86.45)
Epoch: [1][1760/5005]	Time  0.125 ( 0.475)	Data  0.000 ( 0.343)	Loss 1.9151e-02 (2.8057e-02)	Acc@1  69.14 ( 67.76)	Acc@5  85.94 ( 86.45)
Epoch: [1][1770/5005]	Time  0.143 ( 0.475)	Data  0.000 ( 0.343)	Loss 2.0790e-02 (2.8010e-02)	Acc@1  64.84 ( 67.76)	Acc@5  86.72 ( 86.45)
Epoch: [1][1780/5005]	Time  0.127 ( 0.475)	Data  0.000 ( 0.343)	Loss 2.0485e-02 (2.7960e-02)	Acc@1  66.02 ( 67.77)	Acc@5  84.38 ( 86.46)
Epoch: [1][1790/5005]	Time  0.125 ( 0.475)	Data  0.000 ( 0.343)	Loss 1.9598e-02 (2.7911e-02)	Acc@1  70.31 ( 67.78)	Acc@5  86.72 ( 86.46)
Epoch: [1][1800/5005]	Time  0.200 ( 0.475)	Data  0.076 ( 0.343)	Loss 3.1743e-01 (2.8026e-02)	Acc@1  60.94 ( 67.77)	Acc@5  84.77 ( 86.46)
Epoch: [1][1810/5005]	Time  0.126 ( 0.475)	Data  0.000 ( 0.343)	Loss 1.9720e-02 (2.7982e-02)	Acc@1  64.84 ( 67.76)	Acc@5  86.33 ( 86.45)
Epoch: [1][1820/5005]	Time  0.465 ( 0.475)	Data  0.313 ( 0.343)	Loss 2.2030e-02 (2.7938e-02)	Acc@1  70.70 ( 67.77)	Acc@5  89.06 ( 86.46)
Epoch: [1][1830/5005]	Time  0.131 ( 0.475)	Data  0.001 ( 0.343)	Loss 1.9423e-02 (2.8059e-02)	Acc@1  71.09 ( 67.77)	Acc@5  86.72 ( 86.46)
Epoch: [1][1840/5005]	Time  0.702 ( 0.475)	Data  0.581 ( 0.343)	Loss 2.0462e-02 (2.8180e-02)	Acc@1  68.36 ( 67.78)	Acc@5  85.94 ( 86.47)
Epoch: [1][1850/5005]	Time  0.135 ( 0.475)	Data  0.000 ( 0.343)	Loss 2.0259e-02 (2.8136e-02)	Acc@1  70.31 ( 67.78)	Acc@5  85.55 ( 86.47)
Epoch: [1][1860/5005]	Time  0.123 ( 0.475)	Data  0.000 ( 0.343)	Loss 1.7465e-02 (2.8085e-02)	Acc@1  60.94 ( 67.78)	Acc@5  84.77 ( 86.47)
Epoch: [1][1870/5005]	Time  0.142 ( 0.475)	Data  0.000 ( 0.343)	Loss 1.9021e-02 (2.8040e-02)	Acc@1  66.41 ( 67.78)	Acc@5  84.38 ( 86.47)
Epoch: [1][1880/5005]	Time  0.747 ( 0.476)	Data  0.622 ( 0.343)	Loss 1.8092e-02 (2.7992e-02)	Acc@1  70.70 ( 67.78)	Acc@5  89.06 ( 86.47)
Epoch: [1][1890/5005]	Time  0.126 ( 0.475)	Data  0.000 ( 0.343)	Loss 1.8854e-02 (2.7945e-02)	Acc@1  67.19 ( 67.79)	Acc@5  87.11 ( 86.47)
Epoch: [1][1900/5005]	Time  1.512 ( 0.476)	Data  1.360 ( 0.344)	Loss 1.8189e-02 (2.7897e-02)	Acc@1  67.19 ( 67.78)	Acc@5  83.20 ( 86.47)
Epoch: [1][1910/5005]	Time  0.130 ( 0.476)	Data  0.000 ( 0.343)	Loss 1.7812e-02 (2.7847e-02)	Acc@1  64.06 ( 67.78)	Acc@5  85.55 ( 86.47)
Epoch: [1][1920/5005]	Time  1.531 ( 0.476)	Data  1.383 ( 0.344)	Loss 1.8486e-02 (2.7800e-02)	Acc@1  69.92 ( 67.78)	Acc@5  87.89 ( 86.47)
Epoch: [1][1930/5005]	Time  0.125 ( 0.476)	Data  0.000 ( 0.343)	Loss 2.0132e-02 (2.7756e-02)	Acc@1  66.02 ( 67.78)	Acc@5  83.98 ( 86.46)
Epoch: [1][1940/5005]	Time  1.347 ( 0.476)	Data  1.226 ( 0.344)	Loss 1.9775e-02 (2.7707e-02)	Acc@1  65.23 ( 67.77)	Acc@5  84.38 ( 86.46)
Epoch: [1][1950/5005]	Time  0.121 ( 0.476)	Data  0.000 ( 0.343)	Loss 1.8237e-02 (2.7663e-02)	Acc@1  68.75 ( 67.76)	Acc@5  88.67 ( 86.46)
Epoch: [1][1960/5005]	Time  1.774 ( 0.476)	Data  1.652 ( 0.344)	Loss 1.8304e-02 (2.7782e-02)	Acc@1  71.88 ( 67.76)	Acc@5  85.16 ( 86.46)
Epoch: [1][1970/5005]	Time  0.188 ( 0.476)	Data  0.000 ( 0.344)	Loss 2.0262e-02 (2.7899e-02)	Acc@1  73.05 ( 67.76)	Acc@5  89.84 ( 86.46)
Epoch: [1][1980/5005]	Time  1.676 ( 0.476)	Data  1.551 ( 0.344)	Loss 1.9779e-02 (2.7860e-02)	Acc@1  67.19 ( 67.76)	Acc@5  87.11 ( 86.47)
Epoch: [1][1990/5005]	Time  0.124 ( 0.476)	Data  0.001 ( 0.344)	Loss 1.9351e-02 (2.7818e-02)	Acc@1  71.88 ( 67.76)	Acc@5  87.50 ( 86.47)
Epoch: [1][2000/5005]	Time  1.523 ( 0.476)	Data  1.398 ( 0.344)	Loss 1.8499e-02 (2.7776e-02)	Acc@1  64.84 ( 67.76)	Acc@5  85.55 ( 86.47)
Epoch: [1][2010/5005]	Time  0.127 ( 0.476)	Data  0.001 ( 0.344)	Loss 1.9436e-02 (2.7731e-02)	Acc@1  64.06 ( 67.76)	Acc@5  86.72 ( 86.46)
Epoch: [1][2020/5005]	Time  1.588 ( 0.477)	Data  1.437 ( 0.345)	Loss 1.7476e-02 (2.7685e-02)	Acc@1  68.36 ( 67.75)	Acc@5  87.89 ( 86.46)
Epoch: [1][2030/5005]	Time  0.144 ( 0.476)	Data  0.000 ( 0.344)	Loss 1.8909e-02 (2.7642e-02)	Acc@1  72.27 ( 67.76)	Acc@5  90.62 ( 86.47)
Epoch: [1][2040/5005]	Time  1.479 ( 0.477)	Data  1.321 ( 0.344)	Loss 2.3089e-02 (2.7756e-02)	Acc@1  67.58 ( 67.76)	Acc@5  87.11 ( 86.47)
Epoch: [1][2050/5005]	Time  0.124 ( 0.476)	Data  0.000 ( 0.344)	Loss 1.8305e-02 (2.7712e-02)	Acc@1  69.53 ( 67.76)	Acc@5  89.06 ( 86.47)
Epoch: [1][2060/5005]	Time  1.385 ( 0.477)	Data  1.239 ( 0.344)	Loss 1.8624e-02 (2.7822e-02)	Acc@1  66.80 ( 67.76)	Acc@5  87.50 ( 86.47)
Epoch: [1][2070/5005]	Time  0.149 ( 0.476)	Data  0.000 ( 0.344)	Loss 2.1236e-02 (2.7784e-02)	Acc@1  70.70 ( 67.76)	Acc@5  88.28 ( 86.48)