nohup: ignoring input
=> creating model 'resnet50'
Epoch: [0][   0/5005]	Time 20.912 (20.912)	Data  2.508 ( 2.508)	Loss 7.1299e+00 (7.1299e+00)	Acc@1   0.00 (  0.00)	Acc@5   0.00 (  0.00)
Epoch: [0][  10/5005]	Time  0.306 ( 2.182)	Data  0.001 ( 0.228)	Loss 8.2559e+00 (7.8352e+00)	Acc@1   0.78 (  0.25)	Acc@5   0.78 (  0.60)
Epoch: [0][  20/5005]	Time  0.356 ( 1.383)	Data  0.154 ( 0.238)	Loss 7.3590e+00 (7.8669e+00)	Acc@1   0.00 (  0.17)	Acc@5   0.00 (  0.60)
Epoch: [0][  30/5005]	Time  0.301 ( 1.126)	Data  0.001 ( 0.265)	Loss 7.3396e+00 (7.8053e+00)	Acc@1   0.00 (  0.13)	Acc@5   0.00 (  0.50)
Epoch: [0][  40/5005]	Time  0.311 ( 0.969)	Data  0.102 ( 0.251)	Loss 7.1795e+00 (7.6599e+00)	Acc@1   0.78 (  0.13)	Acc@5   1.17 (  0.53)
Epoch: [0][  50/5005]	Time  0.310 ( 0.899)	Data  0.000 ( 0.270)	Loss 7.0436e+00 (7.5318e+00)	Acc@1   0.39 (  0.15)	Acc@5   0.78 (  0.54)
Epoch: [0][  60/5005]	Time  0.304 ( 0.827)	Data  0.001 ( 0.254)	Loss 6.9182e+00 (7.4418e+00)	Acc@1   0.00 (  0.15)	Acc@5   0.39 (  0.56)
Epoch: [0][  70/5005]	Time  0.305 ( 0.779)	Data  0.000 ( 0.251)	Loss 6.9063e+00 (7.3682e+00)	Acc@1   0.00 (  0.15)	Acc@5   0.39 (  0.61)
Epoch: [0][  80/5005]	Time  1.026 ( 0.750)	Data  0.818 ( 0.254)	Loss 6.9285e+00 (7.3177e+00)	Acc@1   0.00 (  0.14)	Acc@5   0.78 (  0.62)
Epoch: [0][  90/5005]	Time  0.304 ( 0.716)	Data  0.000 ( 0.244)	Loss 6.9131e+00 (7.2749e+00)	Acc@1   0.00 (  0.14)	Acc@5   0.39 (  0.62)
Epoch: [0][ 100/5005]	Time  0.924 ( 0.695)	Data  0.719 ( 0.243)	Loss 6.9024e+00 (7.2412e+00)	Acc@1   0.39 (  0.14)	Acc@5   0.78 (  0.63)
Epoch: [0][ 110/5005]	Time  0.312 ( 0.676)	Data  0.000 ( 0.239)	Loss 6.9047e+00 (7.2141e+00)	Acc@1   0.00 (  0.14)	Acc@5   0.39 (  0.62)
Epoch: [0][ 120/5005]	Time  1.082 ( 0.663)	Data  0.879 ( 0.240)	Loss 6.9025e+00 (7.1887e+00)	Acc@1   0.00 (  0.13)	Acc@5   0.39 (  0.62)
Epoch: [0][ 130/5005]	Time  0.334 ( 0.649)	Data  0.000 ( 0.236)	Loss 6.9047e+00 (7.1673e+00)	Acc@1   0.00 (  0.13)	Acc@5   0.00 (  0.61)
Epoch: [0][ 140/5005]	Time  0.867 ( 0.640)	Data  0.664 ( 0.236)	Loss 6.8985e+00 (7.1487e+00)	Acc@1   0.00 (  0.13)	Acc@5   0.00 (  0.60)
Epoch: [0][ 150/5005]	Time  0.306 ( 0.630)	Data  0.000 ( 0.235)	Loss 6.9070e+00 (7.1336e+00)	Acc@1   0.00 (  0.12)	Acc@5   1.56 (  0.61)
Epoch: [0][ 160/5005]	Time  1.208 ( 0.626)	Data  1.001 ( 0.238)	Loss 6.9017e+00 (7.1193e+00)	Acc@1   0.00 (  0.13)	Acc@5   0.00 (  0.61)
Epoch: [0][ 170/5005]	Time  0.307 ( 0.619)	Data  0.000 ( 0.237)	Loss 6.9006e+00 (7.1067e+00)	Acc@1   0.39 (  0.12)	Acc@5   0.78 (  0.61)
Epoch: [0][ 180/5005]	Time  1.151 ( 0.617)	Data  0.941 ( 0.241)	Loss 6.9094e+00 (7.0953e+00)	Acc@1   0.00 (  0.13)	Acc@5   0.39 (  0.62)
Epoch: [0][ 190/5005]	Time  0.316 ( 0.609)	Data  0.000 ( 0.238)	Loss 6.9149e+00 (7.0854e+00)	Acc@1   0.39 (  0.13)	Acc@5   0.78 (  0.60)
Epoch: [0][ 200/5005]	Time  0.965 ( 0.605)	Data  0.765 ( 0.238)	Loss 6.8999e+00 (7.0763e+00)	Acc@1   0.00 (  0.13)	Acc@5   0.00 (  0.60)
Epoch: [0][ 210/5005]	Time  0.308 ( 0.598)	Data  0.000 ( 0.236)	Loss 6.8954e+00 (7.0682e+00)	Acc@1   0.00 (  0.13)	Acc@5   0.78 (  0.60)
Epoch: [0][ 220/5005]	Time  0.975 ( 0.595)	Data  0.774 ( 0.236)	Loss 6.9065e+00 (7.0607e+00)	Acc@1   0.78 (  0.13)	Acc@5   1.17 (  0.61)
Epoch: [0][ 230/5005]	Time  0.347 ( 0.588)	Data  0.000 ( 0.232)	Loss 6.8977e+00 (7.0541e+00)	Acc@1   0.00 (  0.13)	Acc@5   0.39 (  0.60)
Epoch: [0][ 240/5005]	Time  0.840 ( 0.584)	Data  0.638 ( 0.231)	Loss 6.9085e+00 (7.0477e+00)	Acc@1   0.00 (  0.13)	Acc@5   0.39 (  0.60)
Epoch: [0][ 250/5005]	Time  0.305 ( 0.578)	Data  0.000 ( 0.229)	Loss 6.9078e+00 (7.0419e+00)	Acc@1   0.78 (  0.13)	Acc@5   1.56 (  0.61)
Epoch: [0][ 260/5005]	Time  0.910 ( 0.577)	Data  0.706 ( 0.230)	Loss 6.8923e+00 (7.0365e+00)	Acc@1   0.00 (  0.13)	Acc@5   0.78 (  0.62)
Epoch: [0][ 270/5005]	Time  0.308 ( 0.572)	Data  0.001 ( 0.228)	Loss 6.9048e+00 (7.0315e+00)	Acc@1   0.00 (  0.13)	Acc@5   0.78 (  0.62)
Epoch: [0][ 280/5005]	Time  0.913 ( 0.570)	Data  0.690 ( 0.229)	Loss 6.8947e+00 (7.0269e+00)	Acc@1   0.39 (  0.13)	Acc@5   1.95 (  0.63)
Epoch: [0][ 290/5005]	Time  0.339 ( 0.565)	Data  0.000 ( 0.225)	Loss 6.8862e+00 (7.0225e+00)	Acc@1   0.00 (  0.13)	Acc@5   0.00 (  0.62)
Epoch: [0][ 300/5005]	Time  0.847 ( 0.562)	Data  0.636 ( 0.225)	Loss 6.9012e+00 (7.0184e+00)	Acc@1   0.00 (  0.13)	Acc@5   0.00 (  0.61)
Epoch: [0][ 310/5005]	Time  0.520 ( 0.559)	Data  0.287 ( 0.224)	Loss 6.9026e+00 (7.0146e+00)	Acc@1   0.00 (  0.12)	Acc@5   0.00 (  0.61)
Epoch: [0][ 320/5005]	Time  0.946 ( 0.556)	Data  0.742 ( 0.224)	Loss 6.8891e+00 (7.0112e+00)	Acc@1   0.00 (  0.13)	Acc@5   1.17 (  0.62)
Epoch: [0][ 330/5005]	Time  0.306 ( 0.553)	Data  0.051 ( 0.223)	Loss 6.8919e+00 (7.0078e+00)	Acc@1   0.00 (  0.13)	Acc@5   0.39 (  0.61)
Epoch: [0][ 340/5005]	Time  1.046 ( 0.552)	Data  0.846 ( 0.225)	Loss 6.8960e+00 (7.0043e+00)	Acc@1   0.78 (  0.13)	Acc@5   0.78 (  0.61)
Epoch: [0][ 350/5005]	Time  0.357 ( 0.549)	Data  0.152 ( 0.223)	Loss 6.8941e+00 (7.0009e+00)	Acc@1   0.00 (  0.13)	Acc@5   0.39 (  0.61)
Epoch: [0][ 360/5005]	Time  0.820 ( 0.548)	Data  0.618 ( 0.223)	Loss 6.9118e+00 (6.9979e+00)	Acc@1   0.00 (  0.13)	Acc@5   0.39 (  0.61)
Epoch: [0][ 370/5005]	Time  0.306 ( 0.545)	Data  0.000 ( 0.222)	Loss 6.8737e+00 (6.9948e+00)	Acc@1   0.00 (  0.13)	Acc@5   0.78 (  0.62)
Epoch: [0][ 380/5005]	Time  0.959 ( 0.544)	Data  0.653 ( 0.222)	Loss 6.8898e+00 (6.9919e+00)	Acc@1   0.00 (  0.13)	Acc@5   0.39 (  0.62)
Epoch: [0][ 390/5005]	Time  0.312 ( 0.541)	Data  0.000 ( 0.220)	Loss 6.9067e+00 (6.9893e+00)	Acc@1   0.00 (  0.13)	Acc@5   0.39 (  0.62)
Epoch: [0][ 400/5005]	Time  1.137 ( 0.541)	Data  0.938 ( 0.222)	Loss 6.8694e+00 (6.9865e+00)	Acc@1   0.00 (  0.13)	Acc@5   0.00 (  0.62)
Epoch: [0][ 410/5005]	Time  0.343 ( 0.539)	Data  0.001 ( 0.221)	Loss 6.8915e+00 (6.9841e+00)	Acc@1   0.00 (  0.13)	Acc@5   0.00 (  0.63)
Epoch: [0][ 420/5005]	Time  1.161 ( 0.538)	Data  0.958 ( 0.221)	Loss 6.8736e+00 (6.9817e+00)	Acc@1   0.39 (  0.14)	Acc@5   1.56 (  0.63)
Epoch: [0][ 430/5005]	Time  0.344 ( 0.537)	Data  0.000 ( 0.220)	Loss 6.8695e+00 (6.9793e+00)	Acc@1   0.00 (  0.14)	Acc@5   1.56 (  0.64)
Epoch: [0][ 440/5005]	Time  1.167 ( 0.537)	Data  0.954 ( 0.221)	Loss 6.8940e+00 (6.9769e+00)	Acc@1   0.00 (  0.14)	Acc@5   0.39 (  0.64)
Epoch: [0][ 450/5005]	Time  0.314 ( 0.535)	Data  0.000 ( 0.220)	Loss 6.9175e+00 (6.9746e+00)	Acc@1   0.00 (  0.14)	Acc@5   0.78 (  0.64)
Epoch: [0][ 460/5005]	Time  0.959 ( 0.535)	Data  0.759 ( 0.221)	Loss 6.8638e+00 (6.9724e+00)	Acc@1   0.00 (  0.14)	Acc@5   0.78 (  0.64)
Epoch: [0][ 470/5005]	Time  0.309 ( 0.534)	Data  0.000 ( 0.220)	Loss 6.8798e+00 (6.9703e+00)	Acc@1   0.00 (  0.14)	Acc@5   0.00 (  0.65)
Epoch: [0][ 480/5005]	Time  0.998 ( 0.533)	Data  0.795 ( 0.221)	Loss 6.8710e+00 (6.9680e+00)	Acc@1   0.39 (  0.14)	Acc@5   2.34 (  0.66)
Epoch: [0][ 490/5005]	Time  0.309 ( 0.532)	Data  0.000 ( 0.220)	Loss 6.8461e+00 (6.9657e+00)	Acc@1   0.00 (  0.15)	Acc@5   0.78 (  0.68)
Epoch: [0][ 500/5005]	Time  0.938 ( 0.531)	Data  0.737 ( 0.220)	Loss 6.8764e+00 (6.9637e+00)	Acc@1   0.00 (  0.15)	Acc@5   1.17 (  0.68)
Epoch: [0][ 510/5005]	Time  0.308 ( 0.530)	Data  0.000 ( 0.219)	Loss 6.8417e+00 (6.9615e+00)	Acc@1   0.00 (  0.15)	Acc@5   1.17 (  0.69)
Epoch: [0][ 520/5005]	Time  0.801 ( 0.529)	Data  0.592 ( 0.219)	Loss 6.8498e+00 (6.9595e+00)	Acc@1   0.00 (  0.15)	Acc@5   0.00 (  0.69)
Epoch: [0][ 530/5005]	Time  0.347 ( 0.528)	Data  0.000 ( 0.219)	Loss 6.8387e+00 (6.9572e+00)	Acc@1   0.00 (  0.15)	Acc@5   1.17 (  0.70)
Epoch: [0][ 540/5005]	Time  0.919 ( 0.527)	Data  0.715 ( 0.218)	Loss 6.8634e+00 (6.9552e+00)	Acc@1   0.39 (  0.15)	Acc@5   0.39 (  0.71)
Epoch: [0][ 550/5005]	Time  0.306 ( 0.525)	Data  0.000 ( 0.217)	Loss 6.8369e+00 (6.9532e+00)	Acc@1   0.78 (  0.16)	Acc@5   1.95 (  0.71)
Epoch: [0][ 560/5005]	Time  0.955 ( 0.524)	Data  0.752 ( 0.217)	Loss 6.8289e+00 (6.9513e+00)	Acc@1   0.00 (  0.15)	Acc@5   1.17 (  0.71)
Epoch: [0][ 570/5005]	Time  0.334 ( 0.523)	Data  0.001 ( 0.216)	Loss 6.8533e+00 (6.9495e+00)	Acc@1   0.00 (  0.16)	Acc@5   1.17 (  0.71)
Epoch: [0][ 580/5005]	Time  0.759 ( 0.523)	Data  0.557 ( 0.216)	Loss 6.8113e+00 (6.9477e+00)	Acc@1   0.00 (  0.15)	Acc@5   0.39 (  0.72)
Epoch: [0][ 590/5005]	Time  0.319 ( 0.521)	Data  0.000 ( 0.215)	Loss 6.8598e+00 (6.9456e+00)	Acc@1   0.39 (  0.16)	Acc@5   1.17 (  0.73)
Epoch: [0][ 600/5005]	Time  1.055 ( 0.521)	Data  0.852 ( 0.215)	Loss 6.8165e+00 (6.9435e+00)	Acc@1   0.00 (  0.16)	Acc@5   0.78 (  0.73)
Epoch: [0][ 610/5005]	Time  0.309 ( 0.520)	Data  0.000 ( 0.215)	Loss 6.8280e+00 (6.9413e+00)	Acc@1   0.39 (  0.16)	Acc@5   0.39 (  0.74)
Epoch: [0][ 620/5005]	Time  0.946 ( 0.520)	Data  0.737 ( 0.216)	Loss 6.7944e+00 (6.9393e+00)	Acc@1   0.00 (  0.16)	Acc@5   1.95 (  0.74)
Epoch: [0][ 630/5005]	Time  0.346 ( 0.519)	Data  0.000 ( 0.215)	Loss 6.8634e+00 (6.9373e+00)	Acc@1   0.39 (  0.17)	Acc@5   1.56 (  0.75)
Epoch: [0][ 640/5005]	Time  1.028 ( 0.520)	Data  0.828 ( 0.216)	Loss 6.7741e+00 (6.9354e+00)	Acc@1   0.39 (  0.17)	Acc@5   1.56 (  0.76)
Epoch: [0][ 650/5005]	Time  0.312 ( 0.519)	Data  0.000 ( 0.216)	Loss 6.7872e+00 (6.9333e+00)	Acc@1   0.39 (  0.17)	Acc@5   1.17 (  0.77)
Epoch: [0][ 660/5005]	Time  0.930 ( 0.519)	Data  0.726 ( 0.216)	Loss 6.7550e+00 (6.9311e+00)	Acc@1   0.00 (  0.17)	Acc@5   1.95 (  0.77)
Epoch: [0][ 670/5005]	Time  0.316 ( 0.518)	Data  0.000 ( 0.216)	Loss 6.7362e+00 (6.9287e+00)	Acc@1   0.00 (  0.17)	Acc@5   1.56 (  0.78)
Epoch: [0][ 680/5005]	Time  0.895 ( 0.517)	Data  0.692 ( 0.215)	Loss 6.8029e+00 (6.9266e+00)	Acc@1   0.39 (  0.17)	Acc@5   1.56 (  0.79)
Epoch: [0][ 690/5005]	Time  0.307 ( 0.516)	Data  0.000 ( 0.214)	Loss 6.7645e+00 (6.9243e+00)	Acc@1   0.00 (  0.17)	Acc@5   0.39 (  0.79)
Epoch: [0][ 700/5005]	Time  0.893 ( 0.516)	Data  0.690 ( 0.214)	Loss 6.7796e+00 (6.9222e+00)	Acc@1   1.17 (  0.18)	Acc@5   1.17 (  0.80)
Epoch: [0][ 710/5005]	Time  0.305 ( 0.515)	Data  0.001 ( 0.214)	Loss 6.7836e+00 (6.9202e+00)	Acc@1   0.78 (  0.18)	Acc@5   2.73 (  0.81)
Epoch: [0][ 720/5005]	Time  0.953 ( 0.514)	Data  0.749 ( 0.214)	Loss 6.8604e+00 (6.9181e+00)	Acc@1   0.39 (  0.19)	Acc@5   1.17 (  0.82)
Epoch: [0][ 730/5005]	Time  0.329 ( 0.514)	Data  0.000 ( 0.214)	Loss 6.7226e+00 (6.9158e+00)	Acc@1   0.78 (  0.19)	Acc@5   2.73 (  0.84)
Epoch: [0][ 740/5005]	Time  1.016 ( 0.514)	Data  0.816 ( 0.214)	Loss 6.7404e+00 (6.9136e+00)	Acc@1   0.39 (  0.19)	Acc@5   1.17 (  0.85)
Epoch: [0][ 750/5005]	Time  0.311 ( 0.513)	Data  0.000 ( 0.213)	Loss 6.7140e+00 (6.9113e+00)	Acc@1   0.39 (  0.19)	Acc@5   1.56 (  0.86)
Epoch: [0][ 760/5005]	Time  0.986 ( 0.513)	Data  0.620 ( 0.213)	Loss 6.7948e+00 (6.9090e+00)	Acc@1   0.39 (  0.19)	Acc@5   1.95 (  0.87)
Epoch: [0][ 770/5005]	Time  0.315 ( 0.511)	Data  0.000 ( 0.212)	Loss 6.7103e+00 (6.9064e+00)	Acc@1   0.39 (  0.20)	Acc@5   2.73 (  0.89)
Epoch: [0][ 780/5005]	Time  0.789 ( 0.512)	Data  0.588 ( 0.212)	Loss 6.6958e+00 (6.9036e+00)	Acc@1   0.00 (  0.20)	Acc@5   1.17 (  0.90)
Epoch: [0][ 790/5005]	Time  0.307 ( 0.511)	Data  0.001 ( 0.212)	Loss 6.6739e+00 (6.9011e+00)	Acc@1   0.00 (  0.20)	Acc@5   1.17 (  0.90)
Epoch: [0][ 800/5005]	Time  0.922 ( 0.510)	Data  0.717 ( 0.212)	Loss 6.6806e+00 (6.8983e+00)	Acc@1   0.00 (  0.21)	Acc@5   1.95 (  0.92)
Epoch: [0][ 810/5005]	Time  0.304 ( 0.510)	Data  0.000 ( 0.212)	Loss 6.6016e+00 (6.8956e+00)	Acc@1   0.78 (  0.21)	Acc@5   3.12 (  0.94)
Epoch: [0][ 820/5005]	Time  0.814 ( 0.510)	Data  0.612 ( 0.212)	Loss 6.6823e+00 (6.8931e+00)	Acc@1   0.78 (  0.21)	Acc@5   2.73 (  0.95)
Epoch: [0][ 830/5005]	Time  0.299 ( 0.510)	Data  0.000 ( 0.212)	Loss 6.6668e+00 (6.8904e+00)	Acc@1   0.78 (  0.22)	Acc@5   1.95 (  0.96)
Epoch: [0][ 840/5005]	Time  0.733 ( 0.509)	Data  0.535 ( 0.212)	Loss 6.7142e+00 (6.8878e+00)	Acc@1   0.00 (  0.22)	Acc@5   2.34 (  0.97)
Epoch: [0][ 850/5005]	Time  0.304 ( 0.509)	Data  0.000 ( 0.211)	Loss 6.6547e+00 (6.8852e+00)	Acc@1   0.39 (  0.22)	Acc@5   1.56 (  0.99)
Epoch: [0][ 860/5005]	Time  0.422 ( 0.508)	Data  0.220 ( 0.211)	Loss 6.7339e+00 (6.8824e+00)	Acc@1   0.39 (  0.23)	Acc@5   1.56 (  1.00)
Epoch: [0][ 870/5005]	Time  0.308 ( 0.508)	Data  0.000 ( 0.212)	Loss 6.6412e+00 (6.8798e+00)	Acc@1   1.17 (  0.23)	Acc@5   3.12 (  1.02)
Epoch: [0][ 880/5005]	Time  0.317 ( 0.507)	Data  0.000 ( 0.211)	Loss 6.6538e+00 (6.8773e+00)	Acc@1   0.78 (  0.23)	Acc@5   1.56 (  1.03)
Epoch: [0][ 890/5005]	Time  0.303 ( 0.508)	Data  0.000 ( 0.211)	Loss 6.6640e+00 (6.8747e+00)	Acc@1   0.39 (  0.23)	Acc@5   2.34 (  1.04)
Epoch: [0][ 900/5005]	Time  0.347 ( 0.507)	Data  0.000 ( 0.211)	Loss 6.5499e+00 (6.8716e+00)	Acc@1   1.17 (  0.24)	Acc@5   3.52 (  1.05)
Epoch: [0][ 910/5005]	Time  0.339 ( 0.507)	Data  0.001 ( 0.211)	Loss 6.5406e+00 (6.8687e+00)	Acc@1   0.78 (  0.24)	Acc@5   4.30 (  1.07)
Epoch: [0][ 920/5005]	Time  0.335 ( 0.506)	Data  0.001 ( 0.210)	Loss 6.5305e+00 (6.8659e+00)	Acc@1   0.78 (  0.24)	Acc@5   3.52 (  1.08)
Epoch: [0][ 930/5005]	Time  0.321 ( 0.506)	Data  0.000 ( 0.210)	Loss 6.5626e+00 (6.8630e+00)	Acc@1   0.00 (  0.25)	Acc@5   1.56 (  1.10)
Epoch: [0][ 940/5005]	Time  0.312 ( 0.506)	Data  0.000 ( 0.210)	Loss 6.5857e+00 (6.8600e+00)	Acc@1   0.00 (  0.25)	Acc@5   1.56 (  1.11)
Epoch: [0][ 950/5005]	Time  0.319 ( 0.506)	Data  0.000 ( 0.210)	Loss 6.5761e+00 (6.8569e+00)	Acc@1   0.78 (  0.25)	Acc@5   3.12 (  1.13)
Epoch: [0][ 960/5005]	Time  0.306 ( 0.505)	Data  0.000 ( 0.210)	Loss 6.6149e+00 (6.8537e+00)	Acc@1   0.78 (  0.26)	Acc@5   1.56 (  1.14)
Epoch: [0][ 970/5005]	Time  0.309 ( 0.505)	Data  0.000 ( 0.210)	Loss 6.5842e+00 (6.8505e+00)	Acc@1   0.00 (  0.26)	Acc@5   3.12 (  1.16)
Epoch: [0][ 980/5005]	Time  0.338 ( 0.505)	Data  0.000 ( 0.209)	Loss 6.5742e+00 (6.8470e+00)	Acc@1   0.78 (  0.26)	Acc@5   2.34 (  1.18)
Epoch: [0][ 990/5005]	Time  0.327 ( 0.504)	Data  0.000 ( 0.209)	Loss 6.5702e+00 (6.8440e+00)	Acc@1   0.78 (  0.27)	Acc@5   5.08 (  1.20)
Epoch: [0][1000/5005]	Time  0.395 ( 0.504)	Data  0.176 ( 0.209)	Loss 6.4739e+00 (6.8406e+00)	Acc@1   0.78 (  0.27)	Acc@5   5.08 (  1.22)
Epoch: [0][1010/5005]	Time  0.308 ( 0.504)	Data  0.000 ( 0.209)	Loss 6.5523e+00 (6.8373e+00)	Acc@1   0.78 (  0.28)	Acc@5   5.47 (  1.25)
Epoch: [0][1020/5005]	Time  0.306 ( 0.503)	Data  0.001 ( 0.209)	Loss 6.4850e+00 (6.8343e+00)	Acc@1   0.78 (  0.28)	Acc@5   4.30 (  1.26)
Epoch: [0][1030/5005]	Time  0.310 ( 0.503)	Data  0.000 ( 0.209)	Loss 6.4136e+00 (6.8308e+00)	Acc@1   0.78 (  0.28)	Acc@5   3.12 (  1.28)
Epoch: [0][1040/5005]	Time  0.308 ( 0.503)	Data  0.001 ( 0.209)	Loss 6.4653e+00 (6.8273e+00)	Acc@1   0.78 (  0.29)	Acc@5   3.91 (  1.29)
Epoch: [0][1050/5005]	Time  0.303 ( 0.503)	Data  0.000 ( 0.209)	Loss 6.5033e+00 (6.8238e+00)	Acc@1   1.56 (  0.29)	Acc@5   4.69 (  1.32)
Epoch: [0][1060/5005]	Time  0.298 ( 0.502)	Data  0.000 ( 0.208)	Loss 6.5211e+00 (6.8206e+00)	Acc@1   0.00 (  0.30)	Acc@5   1.95 (  1.33)
Epoch: [0][1070/5005]	Time  0.305 ( 0.502)	Data  0.001 ( 0.209)	Loss 6.4415e+00 (6.8170e+00)	Acc@1   0.00 (  0.30)	Acc@5   2.34 (  1.35)
Epoch: [0][1080/5005]	Time  0.648 ( 0.502)	Data  0.449 ( 0.208)	Loss 6.4154e+00 (6.8134e+00)	Acc@1   0.78 (  0.31)	Acc@5   4.30 (  1.37)
Epoch: [0][1090/5005]	Time  0.305 ( 0.501)	Data  0.000 ( 0.208)	Loss 6.4015e+00 (6.8098e+00)	Acc@1   0.78 (  0.32)	Acc@5   4.69 (  1.39)
Epoch: [0][1100/5005]	Time  0.419 ( 0.501)	Data  0.215 ( 0.208)	Loss 6.4425e+00 (6.8062e+00)	Acc@1   0.00 (  0.32)	Acc@5   1.95 (  1.41)
Epoch: [0][1110/5005]	Time  0.305 ( 0.501)	Data  0.000 ( 0.209)	Loss 6.3697e+00 (6.8026e+00)	Acc@1   1.95 (  0.32)	Acc@5   5.86 (  1.44)
Epoch: [0][1120/5005]	Time  0.324 ( 0.500)	Data  0.086 ( 0.208)	Loss 6.4619e+00 (6.7995e+00)	Acc@1   1.17 (  0.33)	Acc@5   1.95 (  1.45)
Epoch: [0][1130/5005]	Time  0.306 ( 0.500)	Data  0.000 ( 0.209)	Loss 6.3644e+00 (6.7959e+00)	Acc@1   1.17 (  0.33)	Acc@5   4.69 (  1.47)
Epoch: [0][1140/5005]	Time  0.548 ( 0.500)	Data  0.210 ( 0.208)	Loss 6.4918e+00 (6.7926e+00)	Acc@1   0.00 (  0.34)	Acc@5   1.95 (  1.49)
Epoch: [0][1150/5005]	Time  0.330 ( 0.500)	Data  0.000 ( 0.209)	Loss 6.3095e+00 (6.7889e+00)	Acc@1   0.78 (  0.34)	Acc@5   5.47 (  1.52)
Epoch: [0][1160/5005]	Time  0.439 ( 0.500)	Data  0.238 ( 0.209)	Loss 6.3398e+00 (6.7852e+00)	Acc@1   2.73 (  0.35)	Acc@5   4.30 (  1.54)
Epoch: [0][1170/5005]	Time  0.313 ( 0.500)	Data  0.000 ( 0.209)	Loss 6.3009e+00 (6.7817e+00)	Acc@1   1.17 (  0.36)	Acc@5   5.08 (  1.56)
Epoch: [0][1180/5005]	Time  0.963 ( 0.500)	Data  0.762 ( 0.210)	Loss 6.4038e+00 (6.7782e+00)	Acc@1   0.00 (  0.36)	Acc@5   2.34 (  1.58)
Epoch: [0][1190/5005]	Time  0.315 ( 0.500)	Data  0.000 ( 0.210)	Loss 6.2800e+00 (6.7748e+00)	Acc@1   2.34 (  0.37)	Acc@5   6.25 (  1.61)
Epoch: [0][1200/5005]	Time  0.730 ( 0.500)	Data  0.532 ( 0.210)	Loss 6.2764e+00 (6.7710e+00)	Acc@1   1.56 (  0.37)	Acc@5   4.69 (  1.62)
Epoch: [0][1210/5005]	Time  0.357 ( 0.500)	Data  0.000 ( 0.210)	Loss 6.2472e+00 (6.7672e+00)	Acc@1   1.95 (  0.38)	Acc@5   6.25 (  1.65)
Epoch: [0][1220/5005]	Time  1.131 ( 0.500)	Data  0.918 ( 0.210)	Loss 6.3277e+00 (6.7635e+00)	Acc@1   0.39 (  0.38)	Acc@5   5.86 (  1.68)
Epoch: [0][1230/5005]	Time  0.357 ( 0.500)	Data  0.000 ( 0.210)	Loss 6.3344e+00 (6.7596e+00)	Acc@1   0.78 (  0.39)	Acc@5   5.86 (  1.70)
Epoch: [0][1240/5005]	Time  1.073 ( 0.500)	Data  0.868 ( 0.210)	Loss 6.3590e+00 (6.7560e+00)	Acc@1   1.56 (  0.40)	Acc@5   5.47 (  1.73)
Epoch: [0][1250/5005]	Time  0.340 ( 0.500)	Data  0.000 ( 0.210)	Loss 6.1939e+00 (6.7519e+00)	Acc@1   1.17 (  0.40)	Acc@5   5.86 (  1.75)
Epoch: [0][1260/5005]	Time  1.138 ( 0.500)	Data  0.935 ( 0.210)	Loss 6.2805e+00 (6.7480e+00)	Acc@1   0.39 (  0.41)	Acc@5   5.86 (  1.77)
Epoch: [0][1270/5005]	Time  0.344 ( 0.499)	Data  0.000 ( 0.210)	Loss 6.1994e+00 (6.7442e+00)	Acc@1   1.17 (  0.41)	Acc@5   4.30 (  1.80)
Epoch: [0][1280/5005]	Time  0.793 ( 0.500)	Data  0.592 ( 0.210)	Loss 6.2787e+00 (6.7407e+00)	Acc@1   0.78 (  0.42)	Acc@5   3.91 (  1.82)
Epoch: [0][1290/5005]	Time  0.311 ( 0.499)	Data  0.000 ( 0.210)	Loss 6.2976e+00 (6.7369e+00)	Acc@1   2.34 (  0.43)	Acc@5   3.52 (  1.84)
Epoch: [0][1300/5005]	Time  0.957 ( 0.499)	Data  0.754 ( 0.210)	Loss 6.2768e+00 (6.7332e+00)	Acc@1   1.17 (  0.44)	Acc@5   4.69 (  1.87)
Epoch: [0][1310/5005]	Time  0.308 ( 0.499)	Data  0.000 ( 0.209)	Loss 6.2022e+00 (6.7293e+00)	Acc@1   0.78 (  0.44)	Acc@5   4.30 (  1.89)
Epoch: [0][1320/5005]	Time  1.050 ( 0.499)	Data  0.847 ( 0.210)	Loss 6.1031e+00 (6.7253e+00)	Acc@1   0.78 (  0.45)	Acc@5   6.64 (  1.92)
Epoch: [0][1330/5005]	Time  0.346 ( 0.498)	Data  0.000 ( 0.209)	Loss 6.2702e+00 (6.7213e+00)	Acc@1   0.39 (  0.46)	Acc@5   4.30 (  1.95)
Epoch: [0][1340/5005]	Time  0.989 ( 0.499)	Data  0.785 ( 0.209)	Loss 6.1828e+00 (6.7176e+00)	Acc@1   1.56 (  0.47)	Acc@5   4.69 (  1.98)
Epoch: [0][1350/5005]	Time  0.306 ( 0.498)	Data  0.000 ( 0.209)	Loss 6.1788e+00 (6.7137e+00)	Acc@1   1.17 (  0.47)	Acc@5   5.08 (  2.01)
Epoch: [0][1360/5005]	Time  0.847 ( 0.498)	Data  0.643 ( 0.209)	Loss 6.1597e+00 (6.7100e+00)	Acc@1   1.95 (  0.48)	Acc@5   5.86 (  2.03)
Epoch: [0][1370/5005]	Time  0.312 ( 0.498)	Data  0.000 ( 0.209)	Loss 6.1917e+00 (6.7062e+00)	Acc@1   1.56 (  0.49)	Acc@5   5.08 (  2.07)
Epoch: [0][1380/5005]	Time  0.898 ( 0.498)	Data  0.698 ( 0.209)	Loss 6.2502e+00 (6.7025e+00)	Acc@1   1.17 (  0.50)	Acc@5   3.91 (  2.10)
Epoch: [0][1390/5005]	Time  0.313 ( 0.497)	Data  0.000 ( 0.208)	Loss 6.2672e+00 (6.6990e+00)	Acc@1   0.39 (  0.50)	Acc@5   4.69 (  2.12)
Epoch: [0][1400/5005]	Time  0.913 ( 0.497)	Data  0.689 ( 0.209)	Loss 6.0848e+00 (6.6952e+00)	Acc@1   2.73 (  0.51)	Acc@5   6.25 (  2.15)
Epoch: [0][1410/5005]	Time  0.304 ( 0.497)	Data  0.000 ( 0.209)	Loss 6.1916e+00 (6.6914e+00)	Acc@1   0.39 (  0.52)	Acc@5   4.69 (  2.18)
Epoch: [0][1420/5005]	Time  0.802 ( 0.497)	Data  0.597 ( 0.209)	Loss 6.0631e+00 (6.6874e+00)	Acc@1   1.95 (  0.53)	Acc@5   5.86 (  2.21)
Epoch: [0][1430/5005]	Time  0.305 ( 0.497)	Data  0.000 ( 0.209)	Loss 6.1257e+00 (6.6834e+00)	Acc@1   0.39 (  0.54)	Acc@5   4.69 (  2.23)
Epoch: [0][1440/5005]	Time  1.116 ( 0.497)	Data  0.913 ( 0.210)	Loss 6.2204e+00 (6.6797e+00)	Acc@1   1.95 (  0.54)	Acc@5   6.64 (  2.26)
Epoch: [0][1450/5005]	Time  0.310 ( 0.497)	Data  0.000 ( 0.209)	Loss 6.1075e+00 (6.6758e+00)	Acc@1   1.56 (  0.55)	Acc@5   7.42 (  2.29)
Epoch: [0][1460/5005]	Time  1.114 ( 0.497)	Data  0.916 ( 0.210)	Loss 6.1423e+00 (6.6723e+00)	Acc@1   1.17 (  0.56)	Acc@5   5.47 (  2.32)
Epoch: [0][1470/5005]	Time  0.339 ( 0.497)	Data  0.000 ( 0.209)	Loss 6.1386e+00 (6.6684e+00)	Acc@1   1.17 (  0.57)	Acc@5   6.64 (  2.35)
Epoch: [0][1480/5005]	Time  0.800 ( 0.497)	Data  0.601 ( 0.209)	Loss 6.0380e+00 (6.6644e+00)	Acc@1   2.34 (  0.58)	Acc@5   5.47 (  2.39)
Epoch: [0][1490/5005]	Time  0.321 ( 0.496)	Data  0.000 ( 0.209)	Loss 5.8656e+00 (6.6603e+00)	Acc@1   1.56 (  0.59)	Acc@5   7.42 (  2.41)
Epoch: [0][1500/5005]	Time  0.955 ( 0.497)	Data  0.755 ( 0.209)	Loss 6.2138e+00 (6.6565e+00)	Acc@1   0.78 (  0.60)	Acc@5   5.86 (  2.44)
Epoch: [0][1510/5005]	Time  0.325 ( 0.496)	Data  0.000 ( 0.209)	Loss 6.1938e+00 (6.6528e+00)	Acc@1   2.73 (  0.61)	Acc@5   7.81 (  2.47)
Epoch: [0][1520/5005]	Time  1.126 ( 0.496)	Data  0.857 ( 0.209)	Loss 6.0755e+00 (6.6489e+00)	Acc@1   0.78 (  0.62)	Acc@5   7.03 (  2.50)
Epoch: [0][1530/5005]	Time  0.307 ( 0.496)	Data  0.000 ( 0.209)	Loss 6.1277e+00 (6.6454e+00)	Acc@1   0.78 (  0.63)	Acc@5   5.08 (  2.53)
Epoch: [0][1540/5005]	Time  0.966 ( 0.496)	Data  0.762 ( 0.209)	Loss 5.8469e+00 (6.6415e+00)	Acc@1   2.34 (  0.63)	Acc@5   8.20 (  2.55)
Epoch: [0][1550/5005]	Time  0.309 ( 0.496)	Data  0.000 ( 0.209)	Loss 5.9349e+00 (6.6376e+00)	Acc@1   2.34 (  0.64)	Acc@5   6.64 (  2.59)
Epoch: [0][1560/5005]	Time  1.316 ( 0.496)	Data  1.090 ( 0.209)	Loss 6.0206e+00 (6.6335e+00)	Acc@1   1.95 (  0.65)	Acc@5   6.25 (  2.62)
Epoch: [0][1570/5005]	Time  0.338 ( 0.496)	Data  0.000 ( 0.209)	Loss 5.9745e+00 (6.6296e+00)	Acc@1   2.34 (  0.66)	Acc@5   8.59 (  2.65)
Epoch: [0][1580/5005]	Time  0.998 ( 0.496)	Data  0.799 ( 0.209)	Loss 6.0511e+00 (6.6258e+00)	Acc@1   2.73 (  0.67)	Acc@5   7.81 (  2.68)
Epoch: [0][1590/5005]	Time  0.306 ( 0.496)	Data  0.000 ( 0.209)	Loss 6.0702e+00 (6.6219e+00)	Acc@1   1.95 (  0.68)	Acc@5   6.25 (  2.70)
Epoch: [0][1600/5005]	Time  0.723 ( 0.496)	Data  0.512 ( 0.209)	Loss 5.9627e+00 (6.6178e+00)	Acc@1   2.73 (  0.69)	Acc@5   7.42 (  2.74)
Epoch: [0][1610/5005]	Time  0.312 ( 0.495)	Data  0.000 ( 0.209)	Loss 6.0544e+00 (6.6141e+00)	Acc@1   2.34 (  0.70)	Acc@5   6.64 (  2.78)
Epoch: [0][1620/5005]	Time  0.779 ( 0.495)	Data  0.573 ( 0.209)	Loss 6.0269e+00 (6.6102e+00)	Acc@1   2.73 (  0.71)	Acc@5   8.59 (  2.81)
Epoch: [0][1630/5005]	Time  0.311 ( 0.495)	Data  0.001 ( 0.208)	Loss 5.9225e+00 (6.6061e+00)	Acc@1   2.34 (  0.72)	Acc@5  11.72 (  2.85)
Epoch: [0][1640/5005]	Time  0.885 ( 0.495)	Data  0.680 ( 0.208)	Loss 6.0888e+00 (6.6026e+00)	Acc@1   1.56 (  0.73)	Acc@5   4.69 (  2.88)
Epoch: [0][1650/5005]	Time  0.311 ( 0.495)	Data  0.000 ( 0.208)	Loss 5.9423e+00 (6.5985e+00)	Acc@1   1.56 (  0.74)	Acc@5   7.03 (  2.92)
Epoch: [0][1660/5005]	Time  0.483 ( 0.495)	Data  0.276 ( 0.209)	Loss 5.9867e+00 (6.5945e+00)	Acc@1   1.95 (  0.75)	Acc@5   8.59 (  2.95)
Epoch: [0][1670/5005]	Time  0.305 ( 0.495)	Data  0.000 ( 0.209)	Loss 5.9192e+00 (6.5907e+00)	Acc@1   3.12 (  0.76)	Acc@5   8.59 (  2.99)
Epoch: [0][1680/5005]	Time  0.460 ( 0.495)	Data  0.260 ( 0.209)	Loss 5.9446e+00 (6.5869e+00)	Acc@1   2.34 (  0.77)	Acc@5   7.81 (  3.02)
Epoch: [0][1690/5005]	Time  0.311 ( 0.495)	Data  0.001 ( 0.209)	Loss 5.9446e+00 (6.5831e+00)	Acc@1   2.73 (  0.78)	Acc@5   9.77 (  3.05)
Epoch: [0][1700/5005]	Time  0.316 ( 0.494)	Data  0.000 ( 0.209)	Loss 5.8316e+00 (6.5791e+00)	Acc@1   3.12 (  0.79)	Acc@5  14.06 (  3.09)
Epoch: [0][1710/5005]	Time  0.370 ( 0.495)	Data  0.000 ( 0.209)	Loss 5.8770e+00 (6.5755e+00)	Acc@1   4.30 (  0.80)	Acc@5   9.77 (  3.12)
Epoch: [0][1720/5005]	Time  0.286 ( 0.494)	Data  0.000 ( 0.208)	Loss 5.9405e+00 (6.5717e+00)	Acc@1   2.34 (  0.81)	Acc@5  10.55 (  3.15)
Epoch: [0][1730/5005]	Time  0.319 ( 0.494)	Data  0.000 ( 0.209)	Loss 5.9174e+00 (6.5678e+00)	Acc@1   1.95 (  0.82)	Acc@5   8.98 (  3.19)
Epoch: [0][1740/5005]	Time  0.306 ( 0.494)	Data  0.001 ( 0.208)	Loss 5.9206e+00 (6.5639e+00)	Acc@1   2.73 (  0.83)	Acc@5   8.98 (  3.22)
Epoch: [0][1750/5005]	Time  0.305 ( 0.494)	Data  0.000 ( 0.208)	Loss 5.9463e+00 (6.5602e+00)	Acc@1   2.34 (  0.84)	Acc@5  10.55 (  3.26)
Epoch: [0][1760/5005]	Time  0.385 ( 0.494)	Data  0.185 ( 0.208)	Loss 5.9937e+00 (6.5567e+00)	Acc@1   0.78 (  0.85)	Acc@5   8.59 (  3.29)
Epoch: [0][1770/5005]	Time  0.303 ( 0.494)	Data  0.000 ( 0.208)	Loss 5.7991e+00 (6.5528e+00)	Acc@1   4.30 (  0.86)	Acc@5  12.50 (  3.33)
Epoch: [0][1780/5005]	Time  0.698 ( 0.494)	Data  0.496 ( 0.209)	Loss 5.8136e+00 (6.5491e+00)	Acc@1   3.91 (  0.87)	Acc@5  12.50 (  3.37)
Epoch: [0][1790/5005]	Time  0.304 ( 0.494)	Data  0.000 ( 0.209)	Loss 5.8080e+00 (6.5454e+00)	Acc@1   2.34 (  0.88)	Acc@5  10.55 (  3.40)
Epoch: [0][1800/5005]	Time  0.604 ( 0.493)	Data  0.402 ( 0.209)	Loss 5.9048e+00 (6.5417e+00)	Acc@1   3.52 (  0.89)	Acc@5   9.77 (  3.43)
Epoch: [0][1810/5005]	Time  0.308 ( 0.493)	Data  0.000 ( 0.209)	Loss 5.7805e+00 (6.5375e+00)	Acc@1   4.30 (  0.91)	Acc@5  12.89 (  3.47)
Epoch: [0][1820/5005]	Time  0.495 ( 0.493)	Data  0.285 ( 0.209)	Loss 5.7811e+00 (6.5335e+00)	Acc@1   1.95 (  0.92)	Acc@5  13.28 (  3.51)
Epoch: [0][1830/5005]	Time  0.305 ( 0.494)	Data  0.000 ( 0.209)	Loss 5.8356e+00 (6.5297e+00)	Acc@1   3.12 (  0.93)	Acc@5  11.72 (  3.55)
Epoch: [0][1840/5005]	Time  0.309 ( 0.493)	Data  0.001 ( 0.209)	Loss 5.8322e+00 (6.5256e+00)	Acc@1   1.95 (  0.94)	Acc@5   9.38 (  3.59)
Epoch: [0][1850/5005]	Time  0.353 ( 0.494)	Data  0.000 ( 0.209)	Loss 5.9725e+00 (6.5216e+00)	Acc@1   3.12 (  0.96)	Acc@5  10.55 (  3.63)
Epoch: [0][1860/5005]	Time  0.303 ( 0.493)	Data  0.000 ( 0.209)	Loss 5.7242e+00 (6.5176e+00)	Acc@1   2.34 (  0.97)	Acc@5  10.55 (  3.67)
Epoch: [0][1870/5005]	Time  0.314 ( 0.493)	Data  0.000 ( 0.209)	Loss 5.9555e+00 (6.5138e+00)	Acc@1   1.56 (  0.99)	Acc@5   9.77 (  3.71)
Epoch: [0][1880/5005]	Time  0.310 ( 0.493)	Data  0.000 ( 0.209)	Loss 5.6748e+00 (6.5098e+00)	Acc@1   3.12 (  0.99)	Acc@5  16.41 (  3.75)
Epoch: [0][1890/5005]	Time  0.312 ( 0.493)	Data  0.000 ( 0.209)	Loss 5.9357e+00 (6.5060e+00)	Acc@1   2.34 (  1.00)	Acc@5   8.59 (  3.78)
Epoch: [0][1900/5005]	Time  0.337 ( 0.493)	Data  0.000 ( 0.209)	Loss 5.8686e+00 (6.5024e+00)	Acc@1   1.95 (  1.01)	Acc@5   8.98 (  3.81)
Epoch: [0][1910/5005]	Time  0.306 ( 0.493)	Data  0.000 ( 0.209)	Loss 5.7060e+00 (6.4987e+00)	Acc@1   2.34 (  1.03)	Acc@5   7.81 (  3.85)
Epoch: [0][1920/5005]	Time  0.457 ( 0.493)	Data  0.252 ( 0.209)	Loss 5.7639e+00 (6.4948e+00)	Acc@1   2.73 (  1.04)	Acc@5   8.98 (  3.89)
Epoch: [0][1930/5005]	Time  0.296 ( 0.493)	Data  0.000 ( 0.209)	Loss 5.7604e+00 (6.4909e+00)	Acc@1   3.91 (  1.05)	Acc@5  13.28 (  3.93)
Epoch: [0][1940/5005]	Time  0.540 ( 0.493)	Data  0.339 ( 0.209)	Loss 5.6664e+00 (6.4871e+00)	Acc@1   4.30 (  1.06)	Acc@5  13.67 (  3.97)
Epoch: [0][1950/5005]	Time  0.305 ( 0.493)	Data  0.001 ( 0.209)	Loss 5.7923e+00 (6.4837e+00)	Acc@1   3.12 (  1.07)	Acc@5  12.50 (  4.00)
Epoch: [0][1960/5005]	Time  0.310 ( 0.493)	Data  0.000 ( 0.210)	Loss 5.6148e+00 (6.4798e+00)	Acc@1   3.52 (  1.08)	Acc@5  12.50 (  4.04)
Epoch: [0][1970/5005]	Time  0.316 ( 0.493)	Data  0.000 ( 0.210)	Loss 5.7128e+00 (6.4761e+00)	Acc@1   2.34 (  1.10)	Acc@5  11.72 (  4.07)
Epoch: [0][1980/5005]	Time  0.298 ( 0.493)	Data  0.000 ( 0.209)	Loss 5.7715e+00 (6.4724e+00)	Acc@1   2.34 (  1.11)	Acc@5  11.72 (  4.11)
Epoch: [0][1990/5005]	Time  0.347 ( 0.493)	Data  0.000 ( 0.209)	Loss 5.7019e+00 (6.4685e+00)	Acc@1   2.34 (  1.12)	Acc@5  11.72 (  4.14)
Epoch: [0][2000/5005]	Time  0.311 ( 0.493)	Data  0.000 ( 0.209)	Loss 5.8444e+00 (6.4645e+00)	Acc@1   1.95 (  1.13)	Acc@5   8.20 (  4.18)
Epoch: [0][2010/5005]	Time  0.316 ( 0.493)	Data  0.000 ( 0.209)	Loss 5.7276e+00 (6.4609e+00)	Acc@1   5.08 (  1.14)	Acc@5  11.72 (  4.21)
Epoch: [0][2020/5005]	Time  0.295 ( 0.493)	Data  0.000 ( 0.209)	Loss 5.7119e+00 (6.4571e+00)	Acc@1   0.78 (  1.15)	Acc@5   9.77 (  4.25)
Epoch: [0][2030/5005]	Time  0.337 ( 0.493)	Data  0.001 ( 0.209)	Loss 5.5626e+00 (6.4533e+00)	Acc@1   5.86 (  1.16)	Acc@5  15.23 (  4.29)
Epoch: [0][2040/5005]	Time  0.315 ( 0.493)	Data  0.000 ( 0.209)	Loss 5.6956e+00 (6.4495e+00)	Acc@1   5.86 (  1.17)	Acc@5  13.28 (  4.33)
Epoch: [0][2050/5005]	Time  0.321 ( 0.493)	Data  0.000 ( 0.209)	Loss 5.5076e+00 (6.4457e+00)	Acc@1   4.30 (  1.19)	Acc@5  14.06 (  4.37)
Epoch: [0][2060/5005]	Time  0.306 ( 0.493)	Data  0.000 ( 0.209)	Loss 5.8206e+00 (6.4421e+00)	Acc@1   2.34 (  1.20)	Acc@5  10.94 (  4.41)
Epoch: [0][2070/5005]	Time  0.316 ( 0.493)	Data  0.000 ( 0.209)	Loss 5.7368e+00 (6.4385e+00)	Acc@1   3.91 (  1.21)	Acc@5  11.72 (  4.45)
Epoch: [0][2080/5005]	Time  0.310 ( 0.492)	Data  0.000 ( 0.209)	Loss 5.5940e+00 (6.4345e+00)	Acc@1   3.52 (  1.22)	Acc@5  13.28 (  4.50)
Epoch: [0][2090/5005]	Time  0.346 ( 0.493)	Data  0.000 ( 0.209)	Loss 5.7078e+00 (6.4308e+00)	Acc@1   1.95 (  1.24)	Acc@5  12.89 (  4.54)
Epoch: [0][2100/5005]	Time  0.340 ( 0.492)	Data  0.000 ( 0.209)	Loss 5.6670e+00 (6.4271e+00)	Acc@1   3.12 (  1.25)	Acc@5  12.89 (  4.57)
Epoch: [0][2110/5005]	Time  0.348 ( 0.493)	Data  0.000 ( 0.209)	Loss 5.5763e+00 (6.4231e+00)	Acc@1   3.12 (  1.27)	Acc@5  11.72 (  4.61)
Epoch: [0][2120/5005]	Time  0.308 ( 0.493)	Data  0.001 ( 0.209)	Loss 5.6483e+00 (6.4192e+00)	Acc@1   4.30 (  1.28)	Acc@5  13.28 (  4.65)
Epoch: [0][2130/5005]	Time  0.306 ( 0.493)	Data  0.000 ( 0.209)	Loss 5.6369e+00 (6.4152e+00)	Acc@1   3.12 (  1.29)	Acc@5  12.89 (  4.69)
Epoch: [0][2140/5005]	Time  0.341 ( 0.492)	Data  0.001 ( 0.209)	Loss 5.6063e+00 (6.4118e+00)	Acc@1   5.47 (  1.30)	Acc@5  14.45 (  4.72)
Epoch: [0][2150/5005]	Time  0.304 ( 0.492)	Data  0.000 ( 0.209)	Loss 5.5138e+00 (6.4082e+00)	Acc@1   5.08 (  1.31)	Acc@5  15.62 (  4.76)
Epoch: [0][2160/5005]	Time  0.309 ( 0.492)	Data  0.000 ( 0.208)	Loss 5.6161e+00 (6.4045e+00)	Acc@1   3.52 (  1.32)	Acc@5  12.50 (  4.80)
Epoch: [0][2170/5005]	Time  0.304 ( 0.492)	Data  0.000 ( 0.209)	Loss 5.6624e+00 (6.4008e+00)	Acc@1   1.95 (  1.33)	Acc@5  10.94 (  4.84)
Epoch: [0][2180/5005]	Time  0.301 ( 0.492)	Data  0.000 ( 0.209)	Loss 5.7242e+00 (6.3970e+00)	Acc@1   1.56 (  1.35)	Acc@5   7.42 (  4.87)
Epoch: [0][2190/5005]	Time  0.341 ( 0.492)	Data  0.000 ( 0.209)	Loss 5.5231e+00 (6.3933e+00)	Acc@1   3.12 (  1.36)	Acc@5  15.23 (  4.92)
Epoch: [0][2200/5005]	Time  0.474 ( 0.492)	Data  0.269 ( 0.209)	Loss 5.5673e+00 (6.3895e+00)	Acc@1   3.91 (  1.37)	Acc@5  14.45 (  4.96)
Epoch: [0][2210/5005]	Time  0.307 ( 0.492)	Data  0.000 ( 0.209)	Loss 5.6239e+00 (6.3857e+00)	Acc@1   2.73 (  1.39)	Acc@5  14.45 (  5.00)
Epoch: [0][2220/5005]	Time  0.467 ( 0.492)	Data  0.263 ( 0.209)	Loss 5.4722e+00 (6.3821e+00)	Acc@1   5.86 (  1.40)	Acc@5  14.06 (  5.04)
Epoch: [0][2230/5005]	Time  0.329 ( 0.492)	Data  0.000 ( 0.209)	Loss 5.4654e+00 (6.3784e+00)	Acc@1   5.08 (  1.42)	Acc@5  17.19 (  5.08)
Epoch: [0][2240/5005]	Time  0.851 ( 0.492)	Data  0.644 ( 0.209)	Loss 5.6857e+00 (6.3749e+00)	Acc@1   1.95 (  1.43)	Acc@5  10.55 (  5.12)
Epoch: [0][2250/5005]	Time  0.311 ( 0.492)	Data  0.000 ( 0.209)	Loss 5.5976e+00 (6.3712e+00)	Acc@1   2.73 (  1.45)	Acc@5  13.67 (  5.16)
Epoch: [0][2260/5005]	Time  0.867 ( 0.492)	Data  0.664 ( 0.209)	Loss 5.5839e+00 (6.3677e+00)	Acc@1   3.12 (  1.46)	Acc@5  13.67 (  5.20)
Epoch: [0][2270/5005]	Time  0.309 ( 0.492)	Data  0.000 ( 0.209)	Loss 5.5895e+00 (6.3639e+00)	Acc@1   5.86 (  1.47)	Acc@5  15.62 (  5.25)
Epoch: [0][2280/5005]	Time  1.090 ( 0.492)	Data  0.730 ( 0.209)	Loss 5.7176e+00 (6.3601e+00)	Acc@1   3.52 (  1.49)	Acc@5  11.33 (  5.29)
Epoch: [0][2290/5005]	Time  0.335 ( 0.492)	Data  0.000 ( 0.209)	Loss 5.4258e+00 (6.3564e+00)	Acc@1   3.52 (  1.51)	Acc@5  16.02 (  5.33)
Epoch: [0][2300/5005]	Time  0.880 ( 0.492)	Data  0.676 ( 0.209)	Loss 5.5818e+00 (6.3529e+00)	Acc@1   1.95 (  1.52)	Acc@5  12.50 (  5.37)
Epoch: [0][2310/5005]	Time  0.333 ( 0.492)	Data  0.000 ( 0.209)	Loss 5.5139e+00 (6.3493e+00)	Acc@1   3.91 (  1.53)	Acc@5  15.62 (  5.41)
Epoch: [0][2320/5005]	Time  0.305 ( 0.492)	Data  0.000 ( 0.209)	Loss 5.4225e+00 (6.3457e+00)	Acc@1   3.52 (  1.55)	Acc@5  14.06 (  5.45)
Epoch: [0][2330/5005]	Time  0.292 ( 0.492)	Data  0.000 ( 0.210)	Loss 5.4415e+00 (6.3421e+00)	Acc@1   3.52 (  1.56)	Acc@5  14.84 (  5.49)
Epoch: [0][2340/5005]	Time  0.317 ( 0.492)	Data  0.000 ( 0.210)	Loss 5.7887e+00 (6.3388e+00)	Acc@1   3.91 (  1.58)	Acc@5  12.11 (  5.52)
Epoch: [0][2350/5005]	Time  0.318 ( 0.492)	Data  0.000 ( 0.210)	Loss 5.4549e+00 (6.3352e+00)	Acc@1   5.47 (  1.59)	Acc@5  16.41 (  5.57)
Epoch: [0][2360/5005]	Time  0.310 ( 0.492)	Data  0.000 ( 0.210)	Loss 5.5872e+00 (6.3317e+00)	Acc@1   3.52 (  1.61)	Acc@5  12.89 (  5.60)
Epoch: [0][2370/5005]	Time  0.307 ( 0.492)	Data  0.000 ( 0.210)	Loss 5.5300e+00 (6.3281e+00)	Acc@1   3.91 (  1.62)	Acc@5  14.45 (  5.65)
Epoch: [0][2380/5005]	Time  0.312 ( 0.492)	Data  0.000 ( 0.210)	Loss 5.5510e+00 (6.3245e+00)	Acc@1   5.47 (  1.64)	Acc@5  12.89 (  5.69)
Epoch: [0][2390/5005]	Time  0.303 ( 0.492)	Data  0.000 ( 0.210)	Loss 5.4650e+00 (6.3208e+00)	Acc@1   3.52 (  1.65)	Acc@5  14.45 (  5.73)
Epoch: [0][2400/5005]	Time  0.307 ( 0.492)	Data  0.000 ( 0.210)	Loss 5.5252e+00 (6.3172e+00)	Acc@1   1.17 (  1.66)	Acc@5  12.11 (  5.77)
Epoch: [0][2410/5005]	Time  0.324 ( 0.492)	Data  0.001 ( 0.210)	Loss 5.4898e+00 (6.3138e+00)	Acc@1   5.47 (  1.68)	Acc@5  14.45 (  5.81)
Epoch: [0][2420/5005]	Time  0.317 ( 0.492)	Data  0.000 ( 0.210)	Loss 5.4751e+00 (6.3101e+00)	Acc@1   3.91 (  1.69)	Acc@5  14.45 (  5.86)
Epoch: [0][2430/5005]	Time  0.307 ( 0.492)	Data  0.000 ( 0.210)	Loss 5.5743e+00 (6.3063e+00)	Acc@1   5.47 (  1.71)	Acc@5  15.23 (  5.90)
Epoch: [0][2440/5005]	Time  0.312 ( 0.492)	Data  0.000 ( 0.209)	Loss 5.2831e+00 (6.3027e+00)	Acc@1   6.25 (  1.72)	Acc@5  17.58 (  5.94)
Epoch: [0][2450/5005]	Time  0.306 ( 0.492)	Data  0.000 ( 0.210)	Loss 5.3624e+00 (6.2993e+00)	Acc@1   3.12 (  1.74)	Acc@5  16.41 (  5.99)
Epoch: [0][2460/5005]	Time  0.310 ( 0.492)	Data  0.000 ( 0.209)	Loss 5.2606e+00 (6.2957e+00)	Acc@1   5.08 (  1.76)	Acc@5  16.41 (  6.03)
Epoch: [0][2470/5005]	Time  0.320 ( 0.492)	Data  0.000 ( 0.210)	Loss 5.4510e+00 (6.2923e+00)	Acc@1   4.69 (  1.77)	Acc@5  14.84 (  6.07)
Epoch: [0][2480/5005]	Time  0.311 ( 0.492)	Data  0.000 ( 0.209)	Loss 5.6619e+00 (6.2890e+00)	Acc@1   3.91 (  1.78)	Acc@5   9.38 (  6.10)
Epoch: [0][2490/5005]	Time  0.305 ( 0.492)	Data  0.000 ( 0.210)	Loss 5.3885e+00 (6.2855e+00)	Acc@1   3.91 (  1.80)	Acc@5  15.23 (  6.14)
Epoch: [0][2500/5005]	Time  0.311 ( 0.492)	Data  0.001 ( 0.209)	Loss 5.5145e+00 (6.2820e+00)	Acc@1   5.86 (  1.81)	Acc@5  16.80 (  6.19)
Epoch: [0][2510/5005]	Time  0.338 ( 0.492)	Data  0.001 ( 0.210)	Loss 5.4425e+00 (6.2787e+00)	Acc@1   3.12 (  1.83)	Acc@5  19.53 (  6.23)
Epoch: [0][2520/5005]	Time  0.313 ( 0.492)	Data  0.001 ( 0.209)	Loss 5.5528e+00 (6.2753e+00)	Acc@1   6.64 (  1.84)	Acc@5  16.02 (  6.27)
Epoch: [0][2530/5005]	Time  0.306 ( 0.492)	Data  0.000 ( 0.209)	Loss 5.3389e+00 (6.2716e+00)	Acc@1   7.03 (  1.86)	Acc@5  16.41 (  6.31)
Epoch: [0][2540/5005]	Time  0.300 ( 0.492)	Data  0.000 ( 0.209)	Loss 5.2081e+00 (6.2679e+00)	Acc@1   6.64 (  1.88)	Acc@5  20.31 (  6.35)
Epoch: [0][2550/5005]	Time  0.317 ( 0.492)	Data  0.000 ( 0.209)	Loss 5.5753e+00 (6.2645e+00)	Acc@1   5.47 (  1.89)	Acc@5  12.50 (  6.40)
Epoch: [0][2560/5005]	Time  0.305 ( 0.492)	Data  0.000 ( 0.209)	Loss 5.4063e+00 (6.2610e+00)	Acc@1   5.86 (  1.91)	Acc@5  16.41 (  6.44)
Epoch: [0][2570/5005]	Time  0.329 ( 0.492)	Data  0.000 ( 0.209)	Loss 5.4894e+00 (6.2576e+00)	Acc@1   4.69 (  1.92)	Acc@5  14.84 (  6.48)
Epoch: [0][2580/5005]	Time  0.306 ( 0.491)	Data  0.000 ( 0.209)	Loss 5.2265e+00 (6.2541e+00)	Acc@1   5.47 (  1.94)	Acc@5  19.14 (  6.53)
Epoch: [0][2590/5005]	Time  0.308 ( 0.491)	Data  0.000 ( 0.209)	Loss 5.5055e+00 (6.2507e+00)	Acc@1   2.73 (  1.96)	Acc@5  11.72 (  6.57)
Epoch: [0][2600/5005]	Time  0.306 ( 0.491)	Data  0.000 ( 0.209)	Loss 5.3394e+00 (6.2471e+00)	Acc@1   5.08 (  1.97)	Acc@5  16.80 (  6.61)
Epoch: [0][2610/5005]	Time  0.307 ( 0.491)	Data  0.000 ( 0.209)	Loss 5.3030e+00 (6.2436e+00)	Acc@1   4.69 (  1.98)	Acc@5  18.36 (  6.66)
Epoch: [0][2620/5005]	Time  0.312 ( 0.491)	Data  0.000 ( 0.209)	Loss 5.3656e+00 (6.2403e+00)	Acc@1   6.25 (  2.00)	Acc@5  16.02 (  6.70)
Epoch: [0][2630/5005]	Time  0.292 ( 0.491)	Data  0.000 ( 0.210)	Loss 5.3982e+00 (6.2367e+00)	Acc@1   5.47 (  2.01)	Acc@5  19.53 (  6.75)
Epoch: [0][2640/5005]	Time  0.305 ( 0.491)	Data  0.001 ( 0.210)	Loss 5.2082e+00 (6.2332e+00)	Acc@1   5.86 (  2.03)	Acc@5  17.97 (  6.79)
Epoch: [0][2650/5005]	Time  0.307 ( 0.491)	Data  0.000 ( 0.209)	Loss 5.4061e+00 (6.2299e+00)	Acc@1   5.47 (  2.04)	Acc@5  14.84 (  6.84)
Epoch: [0][2660/5005]	Time  0.304 ( 0.492)	Data  0.000 ( 0.210)	Loss 5.3762e+00 (6.2266e+00)	Acc@1   6.64 (  2.06)	Acc@5  17.58 (  6.88)
Epoch: [0][2670/5005]	Time  0.316 ( 0.491)	Data  0.000 ( 0.209)	Loss 5.4809e+00 (6.2232e+00)	Acc@1   5.08 (  2.08)	Acc@5  17.58 (  6.92)
Epoch: [0][2680/5005]	Time  0.343 ( 0.491)	Data  0.000 ( 0.209)	Loss 5.3467e+00 (6.2199e+00)	Acc@1   4.30 (  2.09)	Acc@5  17.58 (  6.97)
Epoch: [0][2690/5005]	Time  0.306 ( 0.491)	Data  0.001 ( 0.209)	Loss 5.3192e+00 (6.2164e+00)	Acc@1   5.08 (  2.11)	Acc@5  18.36 (  7.01)
Epoch: [0][2700/5005]	Time  0.305 ( 0.491)	Data  0.000 ( 0.210)	Loss 5.4119e+00 (6.2129e+00)	Acc@1   5.08 (  2.12)	Acc@5  17.19 (  7.05)
Epoch: [0][2710/5005]	Time  0.306 ( 0.491)	Data  0.000 ( 0.209)	Loss 5.2536e+00 (6.2095e+00)	Acc@1   6.64 (  2.14)	Acc@5  17.58 (  7.09)
Epoch: [0][2720/5005]	Time  0.305 ( 0.491)	Data  0.000 ( 0.209)	Loss 5.2060e+00 (6.2060e+00)	Acc@1   8.20 (  2.16)	Acc@5  21.09 (  7.14)
Epoch: [0][2730/5005]	Time  0.306 ( 0.491)	Data  0.000 ( 0.209)	Loss 5.3396e+00 (6.2027e+00)	Acc@1   7.81 (  2.17)	Acc@5  16.80 (  7.17)
Epoch: [0][2740/5005]	Time  0.329 ( 0.491)	Data  0.122 ( 0.209)	Loss 5.1455e+00 (6.1993e+00)	Acc@1   5.47 (  2.19)	Acc@5  20.70 (  7.22)
Epoch: [0][2750/5005]	Time  0.304 ( 0.491)	Data  0.000 ( 0.209)	Loss 5.2682e+00 (6.1959e+00)	Acc@1   3.91 (  2.20)	Acc@5  19.92 (  7.26)
Epoch: [0][2760/5005]	Time  0.878 ( 0.491)	Data  0.663 ( 0.210)	Loss 5.2072e+00 (6.1925e+00)	Acc@1   7.42 (  2.22)	Acc@5  21.88 (  7.31)
Epoch: [0][2770/5005]	Time  0.314 ( 0.491)	Data  0.001 ( 0.210)	Loss 5.3779e+00 (6.1891e+00)	Acc@1   6.64 (  2.24)	Acc@5  19.14 (  7.35)
Epoch: [0][2780/5005]	Time  0.997 ( 0.491)	Data  0.791 ( 0.210)	Loss 5.0975e+00 (6.1857e+00)	Acc@1   7.03 (  2.25)	Acc@5  19.92 (  7.39)
Epoch: [0][2790/5005]	Time  0.314 ( 0.491)	Data  0.000 ( 0.210)	Loss 5.1790e+00 (6.1821e+00)	Acc@1   4.69 (  2.27)	Acc@5  22.27 (  7.44)
Epoch: [0][2800/5005]	Time  0.922 ( 0.491)	Data  0.719 ( 0.210)	Loss 5.3165e+00 (6.1788e+00)	Acc@1   6.25 (  2.28)	Acc@5  19.53 (  7.48)
Epoch: [0][2810/5005]	Time  0.311 ( 0.491)	Data  0.001 ( 0.210)	Loss 5.1353e+00 (6.1755e+00)	Acc@1   6.25 (  2.29)	Acc@5  22.66 (  7.52)
Epoch: [0][2820/5005]	Time  1.055 ( 0.491)	Data  0.852 ( 0.210)	Loss 5.2941e+00 (6.1722e+00)	Acc@1   4.69 (  2.31)	Acc@5  18.75 (  7.57)
Epoch: [0][2830/5005]	Time  0.311 ( 0.491)	Data  0.001 ( 0.210)	Loss 5.2630e+00 (6.1692e+00)	Acc@1   7.81 (  2.33)	Acc@5  19.53 (  7.60)
Epoch: [0][2840/5005]	Time  0.988 ( 0.491)	Data  0.761 ( 0.210)	Loss 5.1641e+00 (6.1661e+00)	Acc@1   7.81 (  2.34)	Acc@5  21.88 (  7.65)
Epoch: [0][2850/5005]	Time  0.339 ( 0.491)	Data  0.000 ( 0.210)	Loss 5.2330e+00 (6.1629e+00)	Acc@1   7.42 (  2.36)	Acc@5  19.53 (  7.69)
Epoch: [0][2860/5005]	Time  0.827 ( 0.491)	Data  0.623 ( 0.210)	Loss 5.0256e+00 (6.1595e+00)	Acc@1   6.25 (  2.37)	Acc@5  23.44 (  7.73)
Epoch: [0][2870/5005]	Time  0.313 ( 0.491)	Data  0.000 ( 0.210)	Loss 5.0482e+00 (6.1561e+00)	Acc@1   8.98 (  2.39)	Acc@5  23.05 (  7.77)
Epoch: [0][2880/5005]	Time  1.389 ( 0.491)	Data  1.184 ( 0.210)	Loss 5.3068e+00 (6.1528e+00)	Acc@1   5.08 (  2.40)	Acc@5  16.80 (  7.81)
Epoch: [0][2890/5005]	Time  0.339 ( 0.491)	Data  0.000 ( 0.210)	Loss 5.2017e+00 (6.1496e+00)	Acc@1   7.03 (  2.42)	Acc@5  19.92 (  7.86)
Epoch: [0][2900/5005]	Time  0.871 ( 0.491)	Data  0.668 ( 0.210)	Loss 5.2099e+00 (6.1464e+00)	Acc@1   7.03 (  2.43)	Acc@5  19.92 (  7.90)
Epoch: [0][2910/5005]	Time  0.297 ( 0.491)	Data  0.000 ( 0.210)	Loss 5.1572e+00 (6.1431e+00)	Acc@1   8.20 (  2.45)	Acc@5  24.61 (  7.94)
Epoch: [0][2920/5005]	Time  0.363 ( 0.491)	Data  0.153 ( 0.210)	Loss 4.9762e+00 (6.1398e+00)	Acc@1   9.38 (  2.47)	Acc@5  25.39 (  7.99)
Epoch: [0][2930/5005]	Time  0.306 ( 0.491)	Data  0.000 ( 0.210)	Loss 5.1444e+00 (6.1365e+00)	Acc@1   6.25 (  2.49)	Acc@5  18.75 (  8.03)
Epoch: [0][2940/5005]	Time  0.484 ( 0.491)	Data  0.278 ( 0.210)	Loss 5.2687e+00 (6.1334e+00)	Acc@1   7.03 (  2.50)	Acc@5  22.27 (  8.07)
Epoch: [0][2950/5005]	Time  0.319 ( 0.491)	Data  0.000 ( 0.210)	Loss 5.3341e+00 (6.1302e+00)	Acc@1   6.25 (  2.52)	Acc@5  18.36 (  8.11)
Epoch: [0][2960/5005]	Time  0.934 ( 0.491)	Data  0.730 ( 0.211)	Loss 5.2089e+00 (6.1271e+00)	Acc@1   6.64 (  2.53)	Acc@5  17.58 (  8.15)
Epoch: [0][2970/5005]	Time  0.312 ( 0.491)	Data  0.000 ( 0.211)	Loss 5.1536e+00 (6.1239e+00)	Acc@1   5.47 (  2.55)	Acc@5  16.80 (  8.19)
Epoch: [0][2980/5005]	Time  1.126 ( 0.491)	Data  0.923 ( 0.211)	Loss 5.1629e+00 (6.1205e+00)	Acc@1   8.98 (  2.57)	Acc@5  21.48 (  8.23)
Epoch: [0][2990/5005]	Time  0.309 ( 0.491)	Data  0.000 ( 0.211)	Loss 5.1848e+00 (6.1176e+00)	Acc@1   6.25 (  2.58)	Acc@5  20.70 (  8.27)
Epoch: [0][3000/5005]	Time  1.171 ( 0.491)	Data  0.969 ( 0.211)	Loss 5.1485e+00 (6.1143e+00)	Acc@1   7.03 (  2.60)	Acc@5  22.66 (  8.31)
Epoch: [0][3010/5005]	Time  0.310 ( 0.491)	Data  0.000 ( 0.211)	Loss 5.0117e+00 (6.1109e+00)	Acc@1  11.72 (  2.62)	Acc@5  21.88 (  8.36)
Epoch: [0][3020/5005]	Time  1.072 ( 0.491)	Data  0.868 ( 0.211)	Loss 5.1362e+00 (6.1078e+00)	Acc@1   5.86 (  2.64)	Acc@5  19.14 (  8.40)
Epoch: [0][3030/5005]	Time  0.322 ( 0.491)	Data  0.000 ( 0.211)	Loss 5.1408e+00 (6.1047e+00)	Acc@1   8.20 (  2.65)	Acc@5  19.53 (  8.44)
Epoch: [0][3040/5005]	Time  1.108 ( 0.491)	Data  0.828 ( 0.211)	Loss 5.2312e+00 (6.1016e+00)	Acc@1   8.59 (  2.67)	Acc@5  19.92 (  8.48)
Epoch: [0][3050/5005]	Time  0.305 ( 0.491)	Data  0.000 ( 0.211)	Loss 5.2508e+00 (6.0984e+00)	Acc@1   5.08 (  2.69)	Acc@5  17.58 (  8.52)
Epoch: [0][3060/5005]	Time  1.016 ( 0.491)	Data  0.815 ( 0.211)	Loss 5.2576e+00 (6.0954e+00)	Acc@1   8.20 (  2.71)	Acc@5  22.27 (  8.56)
Epoch: [0][3070/5005]	Time  0.307 ( 0.491)	Data  0.000 ( 0.211)	Loss 5.1084e+00 (6.0924e+00)	Acc@1   7.81 (  2.73)	Acc@5  21.09 (  8.60)
Epoch: [0][3080/5005]	Time  1.280 ( 0.491)	Data  1.076 ( 0.211)	Loss 5.0290e+00 (6.0891e+00)	Acc@1   6.64 (  2.74)	Acc@5  23.44 (  8.65)
Epoch: [0][3090/5005]	Time  0.325 ( 0.491)	Data  0.000 ( 0.211)	Loss 5.0200e+00 (6.0860e+00)	Acc@1  10.16 (  2.76)	Acc@5  21.09 (  8.69)
Epoch: [0][3100/5005]	Time  0.876 ( 0.491)	Data  0.674 ( 0.211)	Loss 5.0513e+00 (6.0827e+00)	Acc@1   8.59 (  2.78)	Acc@5  23.05 (  8.73)
Epoch: [0][3110/5005]	Time  0.308 ( 0.491)	Data  0.000 ( 0.211)	Loss 5.0401e+00 (6.0797e+00)	Acc@1   5.86 (  2.80)	Acc@5  19.92 (  8.77)
Epoch: [0][3120/5005]	Time  0.879 ( 0.491)	Data  0.669 ( 0.211)	Loss 5.0629e+00 (6.0766e+00)	Acc@1   9.77 (  2.82)	Acc@5  22.66 (  8.81)
Epoch: [0][3130/5005]	Time  0.306 ( 0.491)	Data  0.000 ( 0.211)	Loss 5.1240e+00 (6.0735e+00)	Acc@1   9.38 (  2.83)	Acc@5  23.83 (  8.85)
Epoch: [0][3140/5005]	Time  0.833 ( 0.491)	Data  0.604 ( 0.211)	Loss 5.0694e+00 (6.0705e+00)	Acc@1   9.77 (  2.85)	Acc@5  22.27 (  8.90)
Epoch: [0][3150/5005]	Time  0.312 ( 0.491)	Data  0.000 ( 0.211)	Loss 5.3322e+00 (6.0674e+00)	Acc@1   7.42 (  2.86)	Acc@5  18.36 (  8.94)
Epoch: [0][3160/5005]	Time  0.579 ( 0.491)	Data  0.374 ( 0.211)	Loss 5.0743e+00 (6.0643e+00)	Acc@1   8.20 (  2.88)	Acc@5  24.61 (  8.98)
Epoch: [0][3170/5005]	Time  0.313 ( 0.491)	Data  0.000 ( 0.211)	Loss 5.2796e+00 (6.0613e+00)	Acc@1   5.47 (  2.90)	Acc@5  17.19 (  9.02)
Epoch: [0][3180/5005]	Time  0.945 ( 0.491)	Data  0.742 ( 0.211)	Loss 5.0279e+00 (6.0579e+00)	Acc@1  11.72 (  2.92)	Acc@5  26.95 (  9.07)
Epoch: [0][3190/5005]	Time  0.327 ( 0.491)	Data  0.001 ( 0.211)	Loss 5.0047e+00 (6.0548e+00)	Acc@1  11.33 (  2.94)	Acc@5  23.05 (  9.12)
Epoch: [0][3200/5005]	Time  0.890 ( 0.491)	Data  0.685 ( 0.211)	Loss 5.0141e+00 (6.0516e+00)	Acc@1   8.59 (  2.96)	Acc@5  22.66 (  9.16)
Epoch: [0][3210/5005]	Time  0.315 ( 0.491)	Data  0.000 ( 0.211)	Loss 4.9505e+00 (6.0487e+00)	Acc@1   8.98 (  2.98)	Acc@5  24.61 (  9.20)
Epoch: [0][3220/5005]	Time  1.055 ( 0.491)	Data  0.854 ( 0.211)	Loss 5.0450e+00 (6.0457e+00)	Acc@1   9.77 (  2.99)	Acc@5  27.73 (  9.24)
Epoch: [0][3230/5005]	Time  0.344 ( 0.491)	Data  0.001 ( 0.211)	Loss 4.9520e+00 (6.0425e+00)	Acc@1   6.64 (  3.01)	Acc@5  20.70 (  9.29)
Epoch: [0][3240/5005]	Time  0.970 ( 0.491)	Data  0.767 ( 0.211)	Loss 4.9462e+00 (6.0391e+00)	Acc@1   9.38 (  3.03)	Acc@5  26.56 (  9.33)
Epoch: [0][3250/5005]	Time  0.311 ( 0.491)	Data  0.000 ( 0.211)	Loss 5.0939e+00 (6.0363e+00)	Acc@1   6.64 (  3.05)	Acc@5  23.05 (  9.37)
Epoch: [0][3260/5005]	Time  1.092 ( 0.491)	Data  0.888 ( 0.211)	Loss 5.1342e+00 (6.0333e+00)	Acc@1   7.03 (  3.07)	Acc@5  22.27 (  9.41)
Epoch: [0][3270/5005]	Time  0.315 ( 0.491)	Data  0.000 ( 0.211)	Loss 4.9189e+00 (6.0302e+00)	Acc@1  12.89 (  3.08)	Acc@5  28.52 (  9.46)
Epoch: [0][3280/5005]	Time  1.036 ( 0.491)	Data  0.831 ( 0.211)	Loss 5.0203e+00 (6.0270e+00)	Acc@1   8.20 (  3.10)	Acc@5  23.83 (  9.50)
Epoch: [0][3290/5005]	Time  0.304 ( 0.491)	Data  0.000 ( 0.211)	Loss 5.0481e+00 (6.0240e+00)	Acc@1   7.81 (  3.12)	Acc@5  21.48 (  9.54)
Epoch: [0][3300/5005]	Time  0.959 ( 0.491)	Data  0.759 ( 0.211)	Loss 4.6907e+00 (6.0207e+00)	Acc@1  10.16 (  3.14)	Acc@5  32.42 (  9.59)
Epoch: [0][3310/5005]	Time  0.346 ( 0.491)	Data  0.000 ( 0.211)	Loss 4.8215e+00 (6.0174e+00)	Acc@1   7.03 (  3.16)	Acc@5  26.17 (  9.64)
Epoch: [0][3320/5005]	Time  0.917 ( 0.491)	Data  0.714 ( 0.211)	Loss 5.0763e+00 (6.0142e+00)	Acc@1   7.81 (  3.18)	Acc@5  21.88 (  9.69)
Epoch: [0][3330/5005]	Time  0.306 ( 0.491)	Data  0.000 ( 0.211)	Loss 5.0449e+00 (6.0113e+00)	Acc@1   5.47 (  3.19)	Acc@5  19.92 (  9.73)
Epoch: [0][3340/5005]	Time  0.901 ( 0.491)	Data  0.698 ( 0.211)	Loss 4.8429e+00 (6.0083e+00)	Acc@1  12.11 (  3.21)	Acc@5  28.12 (  9.77)
Epoch: [0][3350/5005]	Time  0.343 ( 0.491)	Data  0.001 ( 0.211)	Loss 4.8849e+00 (6.0052e+00)	Acc@1   8.59 (  3.23)	Acc@5  21.09 (  9.81)
Epoch: [0][3360/5005]	Time  0.893 ( 0.491)	Data  0.689 ( 0.211)	Loss 4.9186e+00 (6.0019e+00)	Acc@1   9.38 (  3.25)	Acc@5  25.00 (  9.85)
Epoch: [0][3370/5005]	Time  0.318 ( 0.491)	Data  0.000 ( 0.211)	Loss 4.9176e+00 (5.9989e+00)	Acc@1   8.20 (  3.27)	Acc@5  24.22 (  9.90)
Epoch: [0][3380/5005]	Time  1.028 ( 0.491)	Data  0.823 ( 0.211)	Loss 4.9789e+00 (5.9959e+00)	Acc@1   7.03 (  3.28)	Acc@5  24.61 (  9.94)
Epoch: [0][3390/5005]	Time  0.310 ( 0.491)	Data  0.000 ( 0.211)	Loss 5.0511e+00 (5.9930e+00)	Acc@1   7.03 (  3.30)	Acc@5  24.22 (  9.98)
Epoch: [0][3400/5005]	Time  0.944 ( 0.491)	Data  0.740 ( 0.211)	Loss 5.1580e+00 (5.9903e+00)	Acc@1  10.55 (  3.32)	Acc@5  23.44 ( 10.02)
Epoch: [0][3410/5005]	Time  0.310 ( 0.491)	Data  0.000 ( 0.211)	Loss 5.0430e+00 (5.9876e+00)	Acc@1  10.16 (  3.33)	Acc@5  25.78 ( 10.06)
Epoch: [0][3420/5005]	Time  0.884 ( 0.491)	Data  0.601 ( 0.211)	Loss 4.7674e+00 (5.9845e+00)	Acc@1  11.72 (  3.35)	Acc@5  25.78 ( 10.10)
Epoch: [0][3430/5005]	Time  0.318 ( 0.491)	Data  0.000 ( 0.211)	Loss 4.9676e+00 (5.9814e+00)	Acc@1  10.94 (  3.37)	Acc@5  22.66 ( 10.14)
Epoch: [0][3440/5005]	Time  1.040 ( 0.491)	Data  0.839 ( 0.211)	Loss 4.8792e+00 (5.9784e+00)	Acc@1  10.94 (  3.39)	Acc@5  26.95 ( 10.19)
Epoch: [0][3450/5005]	Time  0.312 ( 0.491)	Data  0.000 ( 0.211)	Loss 4.9262e+00 (5.9754e+00)	Acc@1  10.55 (  3.41)	Acc@5  24.22 ( 10.23)
Epoch: [0][3460/5005]	Time  0.807 ( 0.491)	Data  0.601 ( 0.211)	Loss 4.8811e+00 (5.9723e+00)	Acc@1   9.77 (  3.43)	Acc@5  25.78 ( 10.27)
Epoch: [0][3470/5005]	Time  0.321 ( 0.491)	Data  0.000 ( 0.211)	Loss 5.0583e+00 (5.9692e+00)	Acc@1   8.20 (  3.44)	Acc@5  21.48 ( 10.31)
Epoch: [0][3480/5005]	Time  0.936 ( 0.491)	Data  0.729 ( 0.211)	Loss 5.0373e+00 (5.9665e+00)	Acc@1   9.77 (  3.46)	Acc@5  26.17 ( 10.36)
Epoch: [0][3490/5005]	Time  0.307 ( 0.491)	Data  0.000 ( 0.211)	Loss 4.9204e+00 (5.9634e+00)	Acc@1  12.89 (  3.48)	Acc@5  27.73 ( 10.40)
Epoch: [0][3500/5005]	Time  0.924 ( 0.491)	Data  0.723 ( 0.211)	Loss 5.0823e+00 (5.9604e+00)	Acc@1   8.20 (  3.50)	Acc@5  20.70 ( 10.44)
Epoch: [0][3510/5005]	Time  0.308 ( 0.491)	Data  0.000 ( 0.211)	Loss 4.9247e+00 (5.9574e+00)	Acc@1   8.59 (  3.52)	Acc@5  23.05 ( 10.48)
Epoch: [0][3520/5005]	Time  0.881 ( 0.491)	Data  0.674 ( 0.211)	Loss 4.8637e+00 (5.9544e+00)	Acc@1  10.55 (  3.53)	Acc@5  23.05 ( 10.53)
Epoch: [0][3530/5005]	Time  0.304 ( 0.491)	Data  0.000 ( 0.211)	Loss 4.6912e+00 (5.9512e+00)	Acc@1  10.16 (  3.55)	Acc@5  27.73 ( 10.57)
Epoch: [0][3540/5005]	Time  0.893 ( 0.491)	Data  0.692 ( 0.211)	Loss 4.7094e+00 (5.9482e+00)	Acc@1   8.98 (  3.57)	Acc@5  31.64 ( 10.62)
Epoch: [0][3550/5005]	Time  0.308 ( 0.491)	Data  0.000 ( 0.211)	Loss 4.8538e+00 (5.9451e+00)	Acc@1   8.59 (  3.59)	Acc@5  28.12 ( 10.66)
Epoch: [0][3560/5005]	Time  0.900 ( 0.491)	Data  0.697 ( 0.211)	Loss 4.6644e+00 (5.9420e+00)	Acc@1   7.03 (  3.61)	Acc@5  26.17 ( 10.71)
Epoch: [0][3570/5005]	Time  0.314 ( 0.491)	Data  0.000 ( 0.211)	Loss 4.8165e+00 (5.9388e+00)	Acc@1   7.42 (  3.63)	Acc@5  24.61 ( 10.75)
Epoch: [0][3580/5005]	Time  1.035 ( 0.491)	Data  0.830 ( 0.211)	Loss 4.8457e+00 (5.9359e+00)	Acc@1  10.55 (  3.65)	Acc@5  25.00 ( 10.79)
Epoch: [0][3590/5005]	Time  0.340 ( 0.491)	Data  0.001 ( 0.211)	Loss 4.8919e+00 (5.9331e+00)	Acc@1  12.50 (  3.66)	Acc@5  28.12 ( 10.83)
Epoch: [0][3600/5005]	Time  0.968 ( 0.491)	Data  0.764 ( 0.211)	Loss 4.8255e+00 (5.9301e+00)	Acc@1  10.16 (  3.68)	Acc@5  25.39 ( 10.87)
Epoch: [0][3610/5005]	Time  0.312 ( 0.491)	Data  0.000 ( 0.211)	Loss 4.8524e+00 (5.9273e+00)	Acc@1   5.86 (  3.70)	Acc@5  24.22 ( 10.91)
Epoch: [0][3620/5005]	Time  1.182 ( 0.491)	Data  0.976 ( 0.211)	Loss 4.8826e+00 (5.9244e+00)	Acc@1   8.20 (  3.71)	Acc@5  25.39 ( 10.95)
Epoch: [0][3630/5005]	Time  0.306 ( 0.491)	Data  0.000 ( 0.211)	Loss 4.7883e+00 (5.9215e+00)	Acc@1  10.94 (  3.74)	Acc@5  27.34 ( 10.99)
Epoch: [0][3640/5005]	Time  1.086 ( 0.491)	Data  0.883 ( 0.211)	Loss 4.9539e+00 (5.9185e+00)	Acc@1   9.77 (  3.75)	Acc@5  24.61 ( 11.04)
Epoch: [0][3650/5005]	Time  0.312 ( 0.491)	Data  0.000 ( 0.211)	Loss 4.9589e+00 (5.9156e+00)	Acc@1  12.11 (  3.77)	Acc@5  24.61 ( 11.08)
Epoch: [0][3660/5005]	Time  1.040 ( 0.491)	Data  0.834 ( 0.211)	Loss 4.6542e+00 (5.9125e+00)	Acc@1  12.50 (  3.79)	Acc@5  29.30 ( 11.13)
Epoch: [0][3670/5005]	Time  0.324 ( 0.491)	Data  0.000 ( 0.211)	Loss 4.8700e+00 (5.9095e+00)	Acc@1  10.55 (  3.81)	Acc@5  23.44 ( 11.17)
Epoch: [0][3680/5005]	Time  0.913 ( 0.491)	Data  0.713 ( 0.212)	Loss 4.9421e+00 (5.9065e+00)	Acc@1   6.64 (  3.83)	Acc@5  23.44 ( 11.21)
Epoch: [0][3690/5005]	Time  0.312 ( 0.491)	Data  0.000 ( 0.211)	Loss 4.7236e+00 (5.9036e+00)	Acc@1  13.28 (  3.85)	Acc@5  29.30 ( 11.26)
Epoch: [0][3700/5005]	Time  0.993 ( 0.491)	Data  0.781 ( 0.212)	Loss 5.2190e+00 (5.9009e+00)	Acc@1   7.81 (  3.87)	Acc@5  19.92 ( 11.30)
Epoch: [0][3710/5005]	Time  0.326 ( 0.491)	Data  0.000 ( 0.211)	Loss 4.7963e+00 (5.8980e+00)	Acc@1   9.77 (  3.89)	Acc@5  26.17 ( 11.35)
Epoch: [0][3720/5005]	Time  0.848 ( 0.491)	Data  0.646 ( 0.211)	Loss 5.0454e+00 (5.8950e+00)	Acc@1  10.55 (  3.91)	Acc@5  26.17 ( 11.39)
Epoch: [0][3730/5005]	Time  0.312 ( 0.491)	Data  0.000 ( 0.211)	Loss 4.9762e+00 (5.8922e+00)	Acc@1   8.20 (  3.93)	Acc@5  21.88 ( 11.43)
Epoch: [0][3740/5005]	Time  0.935 ( 0.491)	Data  0.727 ( 0.211)	Loss 4.7929e+00 (5.8894e+00)	Acc@1  12.89 (  3.95)	Acc@5  29.30 ( 11.47)
Epoch: [0][3750/5005]	Time  0.305 ( 0.491)	Data  0.000 ( 0.211)	Loss 4.9387e+00 (5.8867e+00)	Acc@1  10.16 (  3.96)	Acc@5  26.17 ( 11.51)
Epoch: [0][3760/5005]	Time  0.782 ( 0.491)	Data  0.577 ( 0.212)	Loss 4.6716e+00 (5.8837e+00)	Acc@1  10.94 (  3.98)	Acc@5  26.95 ( 11.56)
Epoch: [0][3770/5005]	Time  0.310 ( 0.491)	Data  0.000 ( 0.211)	Loss 4.7760e+00 (5.8809e+00)	Acc@1  12.50 (  4.00)	Acc@5  27.34 ( 11.60)
Epoch: [0][3780/5005]	Time  0.469 ( 0.491)	Data  0.261 ( 0.212)	Loss 4.8920e+00 (5.8782e+00)	Acc@1  12.11 (  4.02)	Acc@5  28.12 ( 11.64)
Epoch: [0][3790/5005]	Time  0.509 ( 0.491)	Data  0.308 ( 0.212)	Loss 4.9013e+00 (5.8754e+00)	Acc@1  12.50 (  4.04)	Acc@5  28.12 ( 11.68)
Epoch: [0][3800/5005]	Time  0.503 ( 0.491)	Data  0.209 ( 0.212)	Loss 4.8786e+00 (5.8725e+00)	Acc@1   7.81 (  4.06)	Acc@5  22.27 ( 11.72)
Epoch: [0][3810/5005]	Time  0.314 ( 0.491)	Data  0.100 ( 0.212)	Loss 4.6232e+00 (5.8697e+00)	Acc@1  12.89 (  4.08)	Acc@5  30.47 ( 11.76)
Epoch: [0][3820/5005]	Time  0.505 ( 0.491)	Data  0.301 ( 0.212)	Loss 5.1712e+00 (5.8670e+00)	Acc@1   7.81 (  4.10)	Acc@5  22.27 ( 11.80)
Epoch: [0][3830/5005]	Time  0.305 ( 0.491)	Data  0.000 ( 0.212)	Loss 4.7960e+00 (5.8641e+00)	Acc@1  10.16 (  4.12)	Acc@5  28.91 ( 11.85)
Epoch: [0][3840/5005]	Time  0.310 ( 0.491)	Data  0.000 ( 0.212)	Loss 4.6668e+00 (5.8612e+00)	Acc@1  14.45 (  4.13)	Acc@5  28.91 ( 11.89)
Epoch: [0][3850/5005]	Time  0.306 ( 0.491)	Data  0.000 ( 0.212)	Loss 4.8319e+00 (5.8584e+00)	Acc@1   9.38 (  4.15)	Acc@5  26.95 ( 11.93)
Epoch: [0][3860/5005]	Time  0.287 ( 0.491)	Data  0.000 ( 0.212)	Loss 4.6581e+00 (5.8556e+00)	Acc@1  11.72 (  4.17)	Acc@5  30.08 ( 11.97)
Epoch: [0][3870/5005]	Time  0.305 ( 0.491)	Data  0.000 ( 0.212)	Loss 4.6197e+00 (5.8526e+00)	Acc@1  10.55 (  4.19)	Acc@5  28.52 ( 12.02)
Epoch: [0][3880/5005]	Time  0.281 ( 0.491)	Data  0.000 ( 0.212)	Loss 4.5299e+00 (5.8498e+00)	Acc@1  12.50 (  4.21)	Acc@5  35.55 ( 12.06)
Epoch: [0][3890/5005]	Time  0.328 ( 0.491)	Data  0.001 ( 0.212)	Loss 4.7052e+00 (5.8469e+00)	Acc@1  14.45 (  4.23)	Acc@5  28.12 ( 12.11)
Epoch: [0][3900/5005]	Time  0.303 ( 0.491)	Data  0.000 ( 0.212)	Loss 4.6225e+00 (5.8442e+00)	Acc@1  12.50 (  4.25)	Acc@5  30.47 ( 12.15)
Epoch: [0][3910/5005]	Time  0.310 ( 0.491)	Data  0.001 ( 0.212)	Loss 4.6460e+00 (5.8413e+00)	Acc@1   9.77 (  4.27)	Acc@5  27.73 ( 12.19)
Epoch: [0][3920/5005]	Time  0.822 ( 0.491)	Data  0.623 ( 0.213)	Loss 4.6846e+00 (5.8387e+00)	Acc@1  10.55 (  4.29)	Acc@5  27.34 ( 12.23)
Epoch: [0][3930/5005]	Time  0.351 ( 0.491)	Data  0.000 ( 0.213)	Loss 4.6391e+00 (5.8359e+00)	Acc@1  14.84 (  4.31)	Acc@5  27.34 ( 12.27)
Epoch: [0][3940/5005]	Time  0.477 ( 0.491)	Data  0.273 ( 0.213)	Loss 4.7642e+00 (5.8332e+00)	Acc@1  10.94 (  4.33)	Acc@5  28.12 ( 12.31)
Epoch: [0][3950/5005]	Time  0.307 ( 0.492)	Data  0.000 ( 0.213)	Loss 4.7214e+00 (5.8304e+00)	Acc@1  12.89 (  4.35)	Acc@5  28.91 ( 12.35)
Epoch: [0][3960/5005]	Time  1.084 ( 0.492)	Data  0.885 ( 0.213)	Loss 4.8548e+00 (5.8275e+00)	Acc@1   9.38 (  4.37)	Acc@5  24.61 ( 12.39)
Epoch: [0][3970/5005]	Time  0.312 ( 0.492)	Data  0.000 ( 0.213)	Loss 4.6712e+00 (5.8248e+00)	Acc@1  14.06 (  4.39)	Acc@5  27.73 ( 12.43)
Epoch: [0][3980/5005]	Time  1.063 ( 0.492)	Data  0.863 ( 0.213)	Loss 4.4511e+00 (5.8218e+00)	Acc@1  14.45 (  4.41)	Acc@5  36.33 ( 12.48)
Epoch: [0][3990/5005]	Time  0.304 ( 0.492)	Data  0.001 ( 0.213)	Loss 4.7403e+00 (5.8190e+00)	Acc@1  10.16 (  4.43)	Acc@5  28.52 ( 12.52)
Epoch: [0][4000/5005]	Time  0.516 ( 0.492)	Data  0.313 ( 0.213)	Loss 4.5331e+00 (5.8163e+00)	Acc@1  13.67 (  4.44)	Acc@5  32.42 ( 12.56)
Epoch: [0][4010/5005]	Time  0.306 ( 0.492)	Data  0.000 ( 0.213)	Loss 4.7664e+00 (5.8137e+00)	Acc@1  11.33 (  4.46)	Acc@5  25.78 ( 12.60)
Epoch: [0][4020/5005]	Time  1.043 ( 0.492)	Data  0.844 ( 0.213)	Loss 4.5674e+00 (5.8109e+00)	Acc@1  13.28 (  4.48)	Acc@5  27.34 ( 12.64)
Epoch: [0][4030/5005]	Time  0.311 ( 0.492)	Data  0.000 ( 0.213)	Loss 4.6190e+00 (5.8080e+00)	Acc@1  13.28 (  4.50)	Acc@5  28.52 ( 12.69)
Epoch: [0][4040/5005]	Time  1.065 ( 0.492)	Data  0.861 ( 0.213)	Loss 4.5861e+00 (5.8053e+00)	Acc@1  12.11 (  4.52)	Acc@5  30.08 ( 12.73)
Epoch: [0][4050/5005]	Time  0.315 ( 0.492)	Data  0.000 ( 0.213)	Loss 4.8141e+00 (5.8027e+00)	Acc@1  11.72 (  4.53)	Acc@5  28.52 ( 12.77)
Epoch: [0][4060/5005]	Time  1.133 ( 0.492)	Data  0.929 ( 0.213)	Loss 4.5839e+00 (5.8000e+00)	Acc@1  13.28 (  4.55)	Acc@5  33.59 ( 12.81)
Epoch: [0][4070/5005]	Time  0.334 ( 0.492)	Data  0.000 ( 0.213)	Loss 4.7457e+00 (5.7972e+00)	Acc@1   9.77 (  4.57)	Acc@5  29.69 ( 12.85)
Epoch: [0][4080/5005]	Time  0.919 ( 0.492)	Data  0.710 ( 0.213)	Loss 4.5443e+00 (5.7944e+00)	Acc@1  15.62 (  4.59)	Acc@5  36.72 ( 12.89)
Epoch: [0][4090/5005]	Time  0.305 ( 0.492)	Data  0.000 ( 0.213)	Loss 4.3967e+00 (5.7914e+00)	Acc@1  20.70 (  4.61)	Acc@5  35.55 ( 12.94)
Epoch: [0][4100/5005]	Time  0.913 ( 0.492)	Data  0.711 ( 0.213)	Loss 4.7326e+00 (5.7887e+00)	Acc@1  15.23 (  4.63)	Acc@5  29.30 ( 12.98)
Epoch: [0][4110/5005]	Time  0.295 ( 0.492)	Data  0.000 ( 0.213)	Loss 4.7119e+00 (5.7860e+00)	Acc@1  12.50 (  4.65)	Acc@5  30.47 ( 13.02)
Epoch: [0][4120/5005]	Time  0.930 ( 0.492)	Data  0.724 ( 0.213)	Loss 4.7349e+00 (5.7831e+00)	Acc@1   9.77 (  4.66)	Acc@5  27.73 ( 13.07)
Epoch: [0][4130/5005]	Time  0.311 ( 0.492)	Data  0.000 ( 0.213)	Loss 4.6405e+00 (5.7805e+00)	Acc@1  13.67 (  4.68)	Acc@5  31.64 ( 13.11)
Epoch: [0][4140/5005]	Time  1.139 ( 0.492)	Data  0.935 ( 0.214)	Loss 4.7683e+00 (5.7777e+00)	Acc@1  12.89 (  4.70)	Acc@5  30.86 ( 13.15)
Epoch: [0][4150/5005]	Time  0.336 ( 0.492)	Data  0.000 ( 0.213)	Loss 4.6440e+00 (5.7748e+00)	Acc@1  12.50 (  4.72)	Acc@5  30.08 ( 13.19)
Epoch: [0][4160/5005]	Time  0.926 ( 0.492)	Data  0.716 ( 0.213)	Loss 4.6623e+00 (5.7721e+00)	Acc@1  12.89 (  4.74)	Acc@5  29.69 ( 13.24)
Epoch: [0][4170/5005]	Time  0.306 ( 0.492)	Data  0.000 ( 0.213)	Loss 4.4261e+00 (5.7695e+00)	Acc@1  12.11 (  4.76)	Acc@5  32.42 ( 13.28)
Epoch: [0][4180/5005]	Time  0.754 ( 0.492)	Data  0.444 ( 0.213)	Loss 4.4096e+00 (5.7668e+00)	Acc@1  16.02 (  4.78)	Acc@5  35.94 ( 13.32)
Epoch: [0][4190/5005]	Time  0.316 ( 0.492)	Data  0.000 ( 0.213)	Loss 4.6136e+00 (5.7639e+00)	Acc@1  13.67 (  4.80)	Acc@5  32.03 ( 13.36)
Epoch: [0][4200/5005]	Time  0.717 ( 0.492)	Data  0.514 ( 0.214)	Loss 4.9241e+00 (5.7613e+00)	Acc@1  10.55 (  4.82)	Acc@5  26.17 ( 13.40)
Epoch: [0][4210/5005]	Time  0.306 ( 0.492)	Data  0.000 ( 0.214)	Loss 4.7779e+00 (5.7587e+00)	Acc@1  12.11 (  4.84)	Acc@5  23.83 ( 13.44)
Epoch: [0][4220/5005]	Time  0.414 ( 0.492)	Data  0.216 ( 0.214)	Loss 4.7692e+00 (5.7563e+00)	Acc@1   9.38 (  4.86)	Acc@5  28.12 ( 13.48)
Epoch: [0][4230/5005]	Time  0.299 ( 0.492)	Data  0.000 ( 0.214)	Loss 4.4391e+00 (5.7535e+00)	Acc@1  14.45 (  4.87)	Acc@5  35.94 ( 13.52)
Epoch: [0][4240/5005]	Time  1.161 ( 0.492)	Data  0.946 ( 0.214)	Loss 4.5589e+00 (5.7508e+00)	Acc@1  11.33 (  4.89)	Acc@5  30.08 ( 13.56)
Epoch: [0][4250/5005]	Time  0.305 ( 0.492)	Data  0.000 ( 0.214)	Loss 4.7585e+00 (5.7481e+00)	Acc@1  13.67 (  4.91)	Acc@5  32.03 ( 13.60)
Epoch: [0][4260/5005]	Time  1.125 ( 0.492)	Data  0.921 ( 0.214)	Loss 4.6052e+00 (5.7455e+00)	Acc@1  14.45 (  4.93)	Acc@5  31.64 ( 13.65)
Epoch: [0][4270/5005]	Time  0.287 ( 0.492)	Data  0.000 ( 0.214)	Loss 4.4454e+00 (5.7426e+00)	Acc@1  15.23 (  4.96)	Acc@5  30.08 ( 13.69)
Epoch: [0][4280/5005]	Time  1.172 ( 0.492)	Data  0.955 ( 0.214)	Loss 4.6912e+00 (5.7399e+00)	Acc@1  10.55 (  4.98)	Acc@5  27.34 ( 13.73)
Epoch: [0][4290/5005]	Time  0.304 ( 0.492)	Data  0.000 ( 0.214)	Loss 4.6611e+00 (5.7372e+00)	Acc@1  13.67 (  5.00)	Acc@5  30.47 ( 13.77)
Epoch: [0][4300/5005]	Time  0.929 ( 0.492)	Data  0.730 ( 0.214)	Loss 4.3962e+00 (5.7345e+00)	Acc@1  15.62 (  5.02)	Acc@5  37.89 ( 13.81)
Epoch: [0][4310/5005]	Time  0.307 ( 0.492)	Data  0.000 ( 0.214)	Loss 4.6687e+00 (5.7320e+00)	Acc@1  14.45 (  5.04)	Acc@5  28.91 ( 13.85)
Epoch: [0][4320/5005]	Time  1.190 ( 0.492)	Data  0.978 ( 0.214)	Loss 4.4900e+00 (5.7293e+00)	Acc@1  14.06 (  5.06)	Acc@5  36.33 ( 13.90)
Epoch: [0][4330/5005]	Time  0.348 ( 0.492)	Data  0.000 ( 0.214)	Loss 4.5803e+00 (5.7266e+00)	Acc@1  16.02 (  5.08)	Acc@5  30.86 ( 13.94)
Epoch: [0][4340/5005]	Time  0.903 ( 0.492)	Data  0.699 ( 0.214)	Loss 4.7659e+00 (5.7239e+00)	Acc@1  10.94 (  5.10)	Acc@5  31.64 ( 13.98)
Epoch: [0][4350/5005]	Time  0.314 ( 0.492)	Data  0.001 ( 0.214)	Loss 4.5719e+00 (5.7212e+00)	Acc@1  17.19 (  5.12)	Acc@5  34.38 ( 14.02)
Epoch: [0][4360/5005]	Time  1.022 ( 0.492)	Data  0.817 ( 0.214)	Loss 4.2687e+00 (5.7185e+00)	Acc@1  18.75 (  5.14)	Acc@5  38.28 ( 14.07)
Epoch: [0][4370/5005]	Time  0.328 ( 0.492)	Data  0.000 ( 0.214)	Loss 4.7637e+00 (5.7159e+00)	Acc@1  12.50 (  5.16)	Acc@5  27.34 ( 14.11)
Epoch: [0][4380/5005]	Time  1.100 ( 0.492)	Data  0.891 ( 0.214)	Loss 4.5902e+00 (5.7133e+00)	Acc@1  13.28 (  5.18)	Acc@5  34.38 ( 14.15)
Epoch: [0][4390/5005]	Time  0.311 ( 0.492)	Data  0.000 ( 0.214)	Loss 4.7232e+00 (5.7106e+00)	Acc@1  13.28 (  5.19)	Acc@5  30.47 ( 14.20)
Epoch: [0][4400/5005]	Time  0.922 ( 0.492)	Data  0.718 ( 0.215)	Loss 4.6713e+00 (5.7081e+00)	Acc@1  11.33 (  5.21)	Acc@5  31.64 ( 14.24)
Epoch: [0][4410/5005]	Time  0.307 ( 0.492)	Data  0.000 ( 0.214)	Loss 4.5854e+00 (5.7054e+00)	Acc@1  12.89 (  5.23)	Acc@5  31.25 ( 14.28)
Epoch: [0][4420/5005]	Time  0.958 ( 0.492)	Data  0.746 ( 0.214)	Loss 4.4666e+00 (5.7027e+00)	Acc@1  14.45 (  5.25)	Acc@5  35.55 ( 14.32)
Epoch: [0][4430/5005]	Time  0.304 ( 0.492)	Data  0.000 ( 0.214)	Loss 4.5900e+00 (5.7002e+00)	Acc@1  13.67 (  5.27)	Acc@5  32.03 ( 14.36)
Epoch: [0][4440/5005]	Time  1.157 ( 0.492)	Data  0.953 ( 0.215)	Loss 4.6113e+00 (5.6974e+00)	Acc@1  13.28 (  5.29)	Acc@5  32.81 ( 14.40)
Epoch: [0][4450/5005]	Time  0.312 ( 0.492)	Data  0.000 ( 0.214)	Loss 4.6558e+00 (5.6948e+00)	Acc@1  13.28 (  5.31)	Acc@5  29.30 ( 14.44)
Epoch: [0][4460/5005]	Time  1.188 ( 0.492)	Data  0.985 ( 0.215)	Loss 4.4420e+00 (5.6921e+00)	Acc@1  16.41 (  5.33)	Acc@5  32.03 ( 14.49)
Epoch: [0][4470/5005]	Time  0.308 ( 0.492)	Data  0.000 ( 0.215)	Loss 4.6514e+00 (5.6896e+00)	Acc@1  10.94 (  5.35)	Acc@5  28.52 ( 14.53)
Epoch: [0][4480/5005]	Time  0.959 ( 0.493)	Data  0.754 ( 0.215)	Loss 4.6857e+00 (5.6870e+00)	Acc@1  14.84 (  5.37)	Acc@5  34.77 ( 14.57)
Epoch: [0][4490/5005]	Time  0.307 ( 0.492)	Data  0.000 ( 0.215)	Loss 4.4050e+00 (5.6845e+00)	Acc@1  14.06 (  5.39)	Acc@5  32.03 ( 14.61)
Epoch: [0][4500/5005]	Time  1.115 ( 0.493)	Data  0.911 ( 0.215)	Loss 4.4034e+00 (5.6818e+00)	Acc@1  15.23 (  5.41)	Acc@5  35.55 ( 14.65)
Epoch: [0][4510/5005]	Time  0.369 ( 0.493)	Data  0.000 ( 0.215)	Loss 4.4677e+00 (5.6792e+00)	Acc@1  13.67 (  5.43)	Acc@5  32.81 ( 14.70)
Epoch: [0][4520/5005]	Time  1.195 ( 0.493)	Data  0.985 ( 0.215)	Loss 4.4443e+00 (5.6765e+00)	Acc@1  19.53 (  5.45)	Acc@5  38.28 ( 14.74)
Epoch: [0][4530/5005]	Time  0.344 ( 0.493)	Data  0.000 ( 0.215)	Loss 4.6046e+00 (5.6738e+00)	Acc@1  10.94 (  5.48)	Acc@5  30.08 ( 14.78)
Epoch: [0][4540/5005]	Time  0.981 ( 0.493)	Data  0.779 ( 0.215)	Loss 4.4085e+00 (5.6713e+00)	Acc@1  15.23 (  5.49)	Acc@5  31.64 ( 14.82)
Epoch: [0][4550/5005]	Time  0.309 ( 0.493)	Data  0.000 ( 0.215)	Loss 4.6028e+00 (5.6687e+00)	Acc@1  12.89 (  5.51)	Acc@5  32.42 ( 14.86)
Epoch: [0][4560/5005]	Time  1.108 ( 0.493)	Data  0.787 ( 0.215)	Loss 4.5510e+00 (5.6663e+00)	Acc@1  17.58 (  5.53)	Acc@5  34.77 ( 14.90)
Epoch: [0][4570/5005]	Time  0.341 ( 0.493)	Data  0.001 ( 0.215)	Loss 4.5207e+00 (5.6637e+00)	Acc@1  12.89 (  5.55)	Acc@5  34.77 ( 14.94)
Epoch: [0][4580/5005]	Time  1.004 ( 0.493)	Data  0.801 ( 0.215)	Loss 4.6683e+00 (5.6612e+00)	Acc@1  15.23 (  5.57)	Acc@5  30.47 ( 14.98)
Epoch: [0][4590/5005]	Time  0.332 ( 0.493)	Data  0.000 ( 0.215)	Loss 4.4997e+00 (5.6586e+00)	Acc@1  13.67 (  5.59)	Acc@5  35.16 ( 15.02)
Epoch: [0][4600/5005]	Time  1.085 ( 0.493)	Data  0.886 ( 0.215)	Loss 4.4948e+00 (5.6559e+00)	Acc@1  13.28 (  5.61)	Acc@5  34.77 ( 15.06)
Epoch: [0][4610/5005]	Time  0.295 ( 0.493)	Data  0.000 ( 0.215)	Loss 4.4326e+00 (5.6533e+00)	Acc@1  13.28 (  5.63)	Acc@5  34.77 ( 15.11)
Epoch: [0][4620/5005]	Time  1.009 ( 0.493)	Data  0.806 ( 0.215)	Loss 4.4685e+00 (5.6508e+00)	Acc@1  14.84 (  5.65)	Acc@5  34.77 ( 15.15)
Epoch: [0][4630/5005]	Time  0.305 ( 0.493)	Data  0.000 ( 0.215)	Loss 4.5657e+00 (5.6483e+00)	Acc@1  14.06 (  5.67)	Acc@5  30.86 ( 15.19)
Epoch: [0][4640/5005]	Time  0.790 ( 0.493)	Data  0.588 ( 0.215)	Loss 4.5340e+00 (5.6458e+00)	Acc@1  13.67 (  5.69)	Acc@5  30.47 ( 15.22)
Epoch: [0][4650/5005]	Time  0.325 ( 0.493)	Data  0.000 ( 0.215)	Loss 4.2784e+00 (5.6433e+00)	Acc@1  17.58 (  5.71)	Acc@5  38.28 ( 15.27)
Epoch: [0][4660/5005]	Time  0.916 ( 0.493)	Data  0.713 ( 0.215)	Loss 4.5926e+00 (5.6406e+00)	Acc@1  16.41 (  5.73)	Acc@5  30.47 ( 15.31)
Epoch: [0][4670/5005]	Time  0.312 ( 0.493)	Data  0.000 ( 0.215)	Loss 4.5986e+00 (5.6379e+00)	Acc@1  10.94 (  5.75)	Acc@5  30.08 ( 15.35)
Epoch: [0][4680/5005]	Time  0.429 ( 0.493)	Data  0.228 ( 0.215)	Loss 4.4258e+00 (5.6355e+00)	Acc@1  14.06 (  5.77)	Acc@5  32.81 ( 15.39)
Epoch: [0][4690/5005]	Time  0.307 ( 0.493)	Data  0.000 ( 0.215)	Loss 4.4040e+00 (5.6330e+00)	Acc@1  21.09 (  5.79)	Acc@5  35.94 ( 15.43)
Epoch: [0][4700/5005]	Time  0.308 ( 0.493)	Data  0.081 ( 0.215)	Loss 4.5187e+00 (5.6304e+00)	Acc@1  15.23 (  5.81)	Acc@5  29.30 ( 15.47)
Epoch: [0][4710/5005]	Time  0.307 ( 0.493)	Data  0.000 ( 0.215)	Loss 4.4999e+00 (5.6279e+00)	Acc@1  16.41 (  5.83)	Acc@5  33.20 ( 15.51)
Epoch: [0][4720/5005]	Time  0.706 ( 0.493)	Data  0.503 ( 0.216)	Loss 4.5625e+00 (5.6255e+00)	Acc@1  12.89 (  5.85)	Acc@5  31.25 ( 15.55)
Epoch: [0][4730/5005]	Time  0.322 ( 0.493)	Data  0.000 ( 0.216)	Loss 4.6331e+00 (5.6230e+00)	Acc@1  13.28 (  5.87)	Acc@5  30.47 ( 15.59)
Epoch: [0][4740/5005]	Time  1.096 ( 0.493)	Data  0.893 ( 0.216)	Loss 4.4643e+00 (5.6205e+00)	Acc@1  15.62 (  5.89)	Acc@5  30.47 ( 15.63)
Epoch: [0][4750/5005]	Time  0.324 ( 0.493)	Data  0.000 ( 0.216)	Loss 4.7960e+00 (5.6180e+00)	Acc@1  12.50 (  5.91)	Acc@5  27.73 ( 15.67)
Epoch: [0][4760/5005]	Time  0.564 ( 0.493)	Data  0.359 ( 0.216)	Loss 4.2681e+00 (5.6154e+00)	Acc@1  14.06 (  5.93)	Acc@5  39.06 ( 15.71)
Epoch: [0][4770/5005]	Time  0.308 ( 0.493)	Data  0.000 ( 0.216)	Loss 4.2537e+00 (5.6128e+00)	Acc@1  15.23 (  5.95)	Acc@5  37.89 ( 15.75)
Epoch: [0][4780/5005]	Time  0.734 ( 0.493)	Data  0.532 ( 0.216)	Loss 4.7096e+00 (5.6103e+00)	Acc@1  13.67 (  5.97)	Acc@5  30.47 ( 15.79)
Epoch: [0][4790/5005]	Time  0.310 ( 0.493)	Data  0.000 ( 0.216)	Loss 4.1498e+00 (5.6077e+00)	Acc@1  16.02 (  5.99)	Acc@5  38.28 ( 15.83)/home/shixiong/.local/lib/python3.6/site-packages/PIL/TiffImagePlugin.py:788: UserWarning: Corrupt EXIF data.  Expecting to read 4 bytes but only got 0. 
  warnings.warn(str(msg))

Epoch: [0][4800/5005]	Time  0.580 ( 0.493)	Data  0.379 ( 0.216)	Loss 4.4889e+00 (5.6052e+00)	Acc@1  14.06 (  6.01)	Acc@5  34.77 ( 15.88)
Epoch: [0][4810/5005]	Time  0.335 ( 0.493)	Data  0.000 ( 0.216)	Loss 4.6543e+00 (5.6027e+00)	Acc@1  13.28 (  6.02)	Acc@5  32.03 ( 15.92)
Epoch: [0][4820/5005]	Time  0.461 ( 0.493)	Data  0.263 ( 0.216)	Loss 4.4067e+00 (5.6003e+00)	Acc@1  14.84 (  6.04)	Acc@5  32.03 ( 15.96)
Epoch: [0][4830/5005]	Time  0.309 ( 0.493)	Data  0.000 ( 0.216)	Loss 4.4411e+00 (5.5978e+00)	Acc@1  14.45 (  6.06)	Acc@5  33.59 ( 16.00)
Epoch: [0][4840/5005]	Time  0.582 ( 0.493)	Data  0.378 ( 0.216)	Loss 4.3884e+00 (5.5953e+00)	Acc@1  16.80 (  6.09)	Acc@5  33.59 ( 16.04)
Epoch: [0][4850/5005]	Time  0.316 ( 0.493)	Data  0.000 ( 0.216)	Loss 4.4277e+00 (5.5927e+00)	Acc@1  15.62 (  6.11)	Acc@5  38.28 ( 16.08)
Epoch: [0][4860/5005]	Time  0.320 ( 0.493)	Data  0.061 ( 0.216)	Loss 4.2810e+00 (5.5903e+00)	Acc@1  16.41 (  6.13)	Acc@5  35.94 ( 16.12)
Epoch: [0][4870/5005]	Time  0.306 ( 0.493)	Data  0.000 ( 0.216)	Loss 4.3691e+00 (5.5879e+00)	Acc@1  16.80 (  6.15)	Acc@5  37.50 ( 16.15)
Epoch: [0][4880/5005]	Time  0.824 ( 0.493)	Data  0.623 ( 0.217)	Loss 4.4058e+00 (5.5856e+00)	Acc@1  15.62 (  6.17)	Acc@5  37.50 ( 16.19)
Epoch: [0][4890/5005]	Time  0.305 ( 0.493)	Data  0.000 ( 0.217)	Loss 4.3233e+00 (5.5832e+00)	Acc@1  14.06 (  6.18)	Acc@5  39.45 ( 16.23)
Epoch: [0][4900/5005]	Time  0.835 ( 0.493)	Data  0.631 ( 0.217)	Loss 4.4863e+00 (5.5808e+00)	Acc@1  11.72 (  6.20)	Acc@5  33.98 ( 16.27)
Epoch: [0][4910/5005]	Time  0.305 ( 0.493)	Data  0.001 ( 0.217)	Loss 4.3353e+00 (5.5782e+00)	Acc@1  18.36 (  6.23)	Acc@5  38.28 ( 16.31)
Epoch: [0][4920/5005]	Time  0.890 ( 0.493)	Data  0.684 ( 0.217)	Loss 4.3693e+00 (5.5757e+00)	Acc@1  16.80 (  6.24)	Acc@5  35.94 ( 16.35)
Epoch: [0][4930/5005]	Time  0.308 ( 0.493)	Data  0.000 ( 0.217)	Loss 4.4156e+00 (5.5733e+00)	Acc@1  14.84 (  6.26)	Acc@5  33.59 ( 16.39)
Epoch: [0][4940/5005]	Time  0.938 ( 0.493)	Data  0.652 ( 0.217)	Loss 4.2933e+00 (5.5710e+00)	Acc@1  17.97 (  6.28)	Acc@5  36.33 ( 16.42)
Epoch: [0][4950/5005]	Time  0.342 ( 0.493)	Data  0.000 ( 0.217)	Loss 4.4561e+00 (5.5687e+00)	Acc@1  14.84 (  6.30)	Acc@5  34.77 ( 16.46)
Epoch: [0][4960/5005]	Time  1.054 ( 0.494)	Data  0.846 ( 0.217)	Loss 4.3107e+00 (5.5662e+00)	Acc@1  14.06 (  6.32)	Acc@5  32.81 ( 16.50)
Epoch: [0][4970/5005]	Time  0.293 ( 0.493)	Data  0.001 ( 0.217)	Loss 4.2831e+00 (5.5638e+00)	Acc@1  13.67 (  6.34)	Acc@5  36.33 ( 16.54)
Epoch: [0][4980/5005]	Time  1.078 ( 0.494)	Data  0.874 ( 0.217)	Loss 4.1239e+00 (5.5614e+00)	Acc@1  15.62 (  6.36)	Acc@5  43.36 ( 16.58)
Epoch: [0][4990/5005]	Time  0.310 ( 0.494)	Data  0.000 ( 0.217)	Loss 4.3792e+00 (5.5589e+00)	Acc@1  14.06 (  6.38)	Acc@5  36.33 ( 16.62)
Epoch: [0][5000/5005]	Time  0.843 ( 0.494)	Data  0.645 ( 0.217)	Loss 4.3104e+00 (5.5565e+00)	Acc@1  16.80 (  6.40)	Acc@5  36.33 ( 16.65)
Test: [  0/196]	Time  3.500 ( 3.500)	Loss 3.0838e+00 (3.0838e+00)	Acc@1  33.20 ( 33.20)	Acc@5  67.97 ( 67.97)
Test: [ 10/196]	Time  0.113 ( 0.778)	Loss 4.2609e+00 (3.8820e+00)	Acc@1  16.02 ( 21.02)	Acc@5  41.02 ( 44.60)
Test: [ 20/196]	Time  1.651 ( 0.714)	Loss 4.3696e+00 (3.9260e+00)	Acc@1  21.09 ( 20.91)	Acc@5  36.33 ( 44.53)
Test: [ 30/196]	Time  0.117 ( 0.651)	Loss 3.8180e+00 (3.8147e+00)	Acc@1  12.11 ( 22.71)	Acc@5  36.72 ( 46.37)
Test: [ 40/196]	Time  1.005 ( 0.633)	Loss 4.5171e+00 (3.9553e+00)	Acc@1  10.94 ( 19.62)	Acc@5  27.73 ( 42.33)
Test: [ 50/196]	Time  0.114 ( 0.624)	Loss 4.0606e+00 (3.9789e+00)	Acc@1  11.33 ( 18.90)	Acc@5  34.77 ( 41.72)
Test: [ 60/196]	Time  0.282 ( 0.617)	Loss 4.4290e+00 (3.9965e+00)	Acc@1  10.94 ( 18.37)	Acc@5  28.91 ( 41.25)
Test: [ 70/196]	Time  0.119 ( 0.622)	Loss 4.7716e+00 (4.0064e+00)	Acc@1  12.11 ( 18.47)	Acc@5  26.95 ( 41.14)
Test: [ 80/196]	Time  0.792 ( 0.616)	Loss 5.3542e+00 (4.0225e+00)	Acc@1   5.47 ( 18.44)	Acc@5  19.53 ( 40.99)
Test: [ 90/196]	Time  0.113 ( 0.611)	Loss 5.6948e+00 (4.0886e+00)	Acc@1   7.03 ( 17.90)	Acc@5  17.97 ( 40.19)
Test: [100/196]	Time  0.684 ( 0.603)	Loss 5.8814e+00 (4.1579e+00)	Acc@1   2.73 ( 17.32)	Acc@5   9.77 ( 39.14)
Test: [110/196]	Time  0.129 ( 0.603)	Loss 4.1385e+00 (4.1747e+00)	Acc@1  25.39 ( 17.44)	Acc@5  42.19 ( 38.97)
Test: [120/196]	Time  0.748 ( 0.604)	Loss 5.1921e+00 (4.2144e+00)	Acc@1  11.72 ( 17.21)	Acc@5  23.44 ( 38.38)
Test: [130/196]	Time  0.113 ( 0.596)	Loss 4.2343e+00 (4.2205e+00)	Acc@1  13.67 ( 17.19)	Acc@5  36.72 ( 38.45)
Test: [140/196]	Time  0.360 ( 0.598)	Loss 4.5124e+00 (4.2580e+00)	Acc@1  13.28 ( 16.83)	Acc@5  38.67 ( 37.82)
Test: [150/196]	Time  0.114 ( 0.591)	Loss 4.3314e+00 (4.2953e+00)	Acc@1  15.23 ( 16.34)	Acc@5  41.41 ( 37.09)
Test: [160/196]	Time  0.114 ( 0.595)	Loss 4.5279e+00 (4.3200e+00)	Acc@1  12.50 ( 16.14)	Acc@5  26.95 ( 36.68)
Test: [170/196]	Time  0.124 ( 0.587)	Loss 2.9375e+00 (4.3344e+00)	Acc@1  42.97 ( 15.97)	Acc@5  66.02 ( 36.35)
Test: [180/196]	Time  0.318 ( 0.591)	Loss 4.0105e+00 (4.3502e+00)	Acc@1  18.75 ( 15.87)	Acc@5  38.67 ( 36.13)
Test: [190/196]	Time  0.114 ( 0.586)	Loss 2.7108e+00 (4.3241e+00)	Acc@1  33.59 ( 16.20)	Acc@5  67.19 ( 36.68)
 * Acc@1 16.562 Acc@5 37.104
Epoch: [1][   0/5005]	Time  3.140 ( 3.140)	Data  2.720 ( 2.720)	Loss 4.4794e+00 (4.4794e+00)	Acc@1  14.45 ( 14.45)	Acc@5  30.47 ( 30.47)
Epoch: [1][  10/5005]	Time  0.301 ( 0.697)	Data  0.000 ( 0.413)	Loss 4.4417e+00 (4.3740e+00)	Acc@1  16.41 ( 17.12)	Acc@5  32.42 ( 35.33)
Epoch: [1][  20/5005]	Time  1.106 ( 0.647)	Data  0.907 ( 0.375)	Loss 4.4835e+00 (4.3815e+00)	Acc@1  15.62 ( 16.29)	Acc@5  36.33 ( 35.32)
Epoch: [1][  30/5005]	Time  0.302 ( 0.570)	Data  0.000 ( 0.293)	Loss 4.5450e+00 (4.3616e+00)	Acc@1  14.45 ( 16.36)	Acc@5  30.86 ( 35.53)
Epoch: [1][  40/5005]	Time  1.016 ( 0.560)	Data  0.732 ( 0.285)	Loss 4.2131e+00 (4.3577e+00)	Acc@1  17.19 ( 16.40)	Acc@5  39.45 ( 35.79)
Epoch: [1][  50/5005]	Time  0.303 ( 0.540)	Data  0.001 ( 0.265)	Loss 4.4354e+00 (4.3529e+00)	Acc@1  16.02 ( 16.47)	Acc@5  35.16 ( 35.88)
Epoch: [1][  60/5005]	Time  1.216 ( 0.535)	Data  0.998 ( 0.263)	Loss 4.2884e+00 (4.3514e+00)	Acc@1  17.97 ( 16.53)	Acc@5  34.77 ( 35.99)
Epoch: [1][  70/5005]	Time  0.291 ( 0.520)	Data  0.000 ( 0.248)	Loss 4.2051e+00 (4.3469e+00)	Acc@1  17.97 ( 16.62)	Acc@5  39.06 ( 36.01)
Epoch: [1][  80/5005]	Time  0.649 ( 0.519)	Data  0.436 ( 0.249)	Loss 4.3469e+00 (4.3437e+00)	Acc@1  18.36 ( 16.62)	Acc@5  36.72 ( 36.17)
Epoch: [1][  90/5005]	Time  0.288 ( 0.515)	Data  0.000 ( 0.246)	Loss 4.1604e+00 (4.3339e+00)	Acc@1  19.14 ( 16.71)	Acc@5  41.02 ( 36.39)
Epoch: [1][ 100/5005]	Time  0.726 ( 0.513)	Data  0.505 ( 0.244)	Loss 4.2940e+00 (4.3286e+00)	Acc@1  12.89 ( 16.67)	Acc@5  41.02 ( 36.49)
Epoch: [1][ 110/5005]	Time  0.303 ( 0.505)	Data  0.001 ( 0.237)	Loss 4.3243e+00 (4.3263e+00)	Acc@1  16.80 ( 16.68)	Acc@5  35.55 ( 36.52)
Epoch: [1][ 120/5005]	Time  0.909 ( 0.504)	Data  0.699 ( 0.236)	Loss 4.3003e+00 (4.3280e+00)	Acc@1  13.28 ( 16.58)	Acc@5  36.72 ( 36.54)
Epoch: [1][ 130/5005]	Time  0.306 ( 0.499)	Data  0.000 ( 0.232)	Loss 4.2539e+00 (4.3257e+00)	Acc@1  17.58 ( 16.62)	Acc@5  37.11 ( 36.63)
Epoch: [1][ 140/5005]	Time  0.569 ( 0.496)	Data  0.368 ( 0.230)	Loss 3.9924e+00 (4.3247e+00)	Acc@1  21.88 ( 16.66)	Acc@5  45.31 ( 36.64)
Epoch: [1][ 150/5005]	Time  0.319 ( 0.496)	Data  0.000 ( 0.229)	Loss 4.2662e+00 (4.3209e+00)	Acc@1  17.58 ( 16.61)	Acc@5  36.72 ( 36.61)
Epoch: [1][ 160/5005]	Time  0.735 ( 0.493)	Data  0.531 ( 0.226)	Loss 4.4535e+00 (4.3177e+00)	Acc@1  15.23 ( 16.58)	Acc@5  33.98 ( 36.62)
Epoch: [1][ 170/5005]	Time  0.305 ( 0.489)	Data  0.000 ( 0.223)	Loss 4.4048e+00 (4.3182e+00)	Acc@1  16.41 ( 16.56)	Acc@5  33.98 ( 36.57)
Epoch: [1][ 180/5005]	Time  1.018 ( 0.492)	Data  0.812 ( 0.225)	Loss 4.3219e+00 (4.3187e+00)	Acc@1  19.14 ( 16.59)	Acc@5  38.28 ( 36.57)
Epoch: [1][ 190/5005]	Time  0.303 ( 0.489)	Data  0.000 ( 0.223)	Loss 4.4051e+00 (4.3184e+00)	Acc@1  16.02 ( 16.67)	Acc@5  39.06 ( 36.67)
Epoch: [1][ 200/5005]	Time  0.817 ( 0.489)	Data  0.610 ( 0.223)	Loss 4.4312e+00 (4.3201e+00)	Acc@1  17.97 ( 16.70)	Acc@5  35.94 ( 36.66)
Epoch: [1][ 210/5005]	Time  0.310 ( 0.487)	Data  0.000 ( 0.221)	Loss 4.2406e+00 (4.3162e+00)	Acc@1  19.53 ( 16.80)	Acc@5  38.67 ( 36.73)
Epoch: [1][ 220/5005]	Time  0.710 ( 0.486)	Data  0.509 ( 0.220)	Loss 4.1894e+00 (4.3116e+00)	Acc@1  17.58 ( 16.84)	Acc@5  41.02 ( 36.83)
Epoch: [1][ 230/5005]	Time  0.349 ( 0.484)	Data  0.000 ( 0.218)	Loss 4.2104e+00 (4.3079e+00)	Acc@1  18.36 ( 16.91)	Acc@5  38.28 ( 36.90)
Epoch: [1][ 240/5005]	Time  0.308 ( 0.483)	Data  0.036 ( 0.217)	Loss 4.2855e+00 (4.3058e+00)	Acc@1  17.19 ( 16.93)	Acc@5  35.16 ( 36.90)
Epoch: [1][ 250/5005]	Time  0.308 ( 0.483)	Data  0.000 ( 0.216)	Loss 4.2842e+00 (4.3027e+00)	Acc@1  16.80 ( 16.96)	Acc@5  37.89 ( 36.90)
Epoch: [1][ 260/5005]	Time  0.295 ( 0.480)	Data  0.001 ( 0.214)	Loss 4.1433e+00 (4.3003e+00)	Acc@1  17.58 ( 17.02)	Acc@5  36.72 ( 36.92)
Epoch: [1][ 270/5005]	Time  0.422 ( 0.481)	Data  0.217 ( 0.215)	Loss 4.4943e+00 (4.2986e+00)	Acc@1  12.50 ( 17.00)	Acc@5  30.47 ( 36.92)
Epoch: [1][ 280/5005]	Time  0.303 ( 0.480)	Data  0.000 ( 0.215)	Loss 4.3107e+00 (4.2945e+00)	Acc@1  16.02 ( 17.07)	Acc@5  39.84 ( 36.99)
Epoch: [1][ 290/5005]	Time  0.386 ( 0.480)	Data  0.177 ( 0.216)	Loss 4.2838e+00 (4.2918e+00)	Acc@1  17.97 ( 17.07)	Acc@5  34.77 ( 37.06)
Epoch: [1][ 300/5005]	Time  0.311 ( 0.480)	Data  0.000 ( 0.216)	Loss 4.2120e+00 (4.2914e+00)	Acc@1  17.97 ( 17.06)	Acc@5  40.62 ( 37.09)
Epoch: [1][ 310/5005]	Time  0.603 ( 0.480)	Data  0.398 ( 0.217)	Loss 4.3110e+00 (4.2903e+00)	Acc@1  15.62 ( 17.09)	Acc@5  39.45 ( 37.13)
Epoch: [1][ 320/5005]	Time  0.313 ( 0.479)	Data  0.000 ( 0.216)	Loss 4.3426e+00 (4.2881e+00)	Acc@1  15.23 ( 17.15)	Acc@5  33.98 ( 37.17)
Epoch: [1][ 330/5005]	Time  0.888 ( 0.481)	Data  0.652 ( 0.217)	Loss 4.3789e+00 (4.2882e+00)	Acc@1  16.80 ( 17.17)	Acc@5  35.16 ( 37.18)
Epoch: [1][ 340/5005]	Time  0.319 ( 0.480)	Data  0.000 ( 0.216)	Loss 4.0648e+00 (4.2885e+00)	Acc@1  17.19 ( 17.18)	Acc@5  41.41 ( 37.18)
Epoch: [1][ 350/5005]	Time  0.901 ( 0.480)	Data  0.697 ( 0.216)	Loss 4.1527e+00 (4.2860e+00)	Acc@1  20.31 ( 17.18)	Acc@5  36.72 ( 37.18)
Epoch: [1][ 360/5005]	Time  0.365 ( 0.479)	Data  0.163 ( 0.215)	Loss 4.1195e+00 (4.2832e+00)	Acc@1  16.41 ( 17.20)	Acc@5  38.28 ( 37.23)
Epoch: [1][ 370/5005]	Time  0.874 ( 0.479)	Data  0.671 ( 0.217)	Loss 4.1618e+00 (4.2825e+00)	Acc@1  17.58 ( 17.22)	Acc@5  39.06 ( 37.25)
Epoch: [1][ 380/5005]	Time  0.307 ( 0.479)	Data  0.000 ( 0.216)	Loss 4.2314e+00 (4.2789e+00)	Acc@1  21.09 ( 17.28)	Acc@5  37.50 ( 37.32)
Epoch: [1][ 390/5005]	Time  1.029 ( 0.480)	Data  0.829 ( 0.217)	Loss 3.9242e+00 (4.2752e+00)	Acc@1  20.31 ( 17.32)	Acc@5  40.62 ( 37.40)
Epoch: [1][ 400/5005]	Time  0.317 ( 0.478)	Data  0.057 ( 0.216)	Loss 4.3012e+00 (4.2735e+00)	Acc@1  17.58 ( 17.35)	Acc@5  38.67 ( 37.47)
Epoch: [1][ 410/5005]	Time  0.812 ( 0.479)	Data  0.612 ( 0.217)	Loss 4.2576e+00 (4.2723e+00)	Acc@1  16.80 ( 17.37)	Acc@5  37.89 ( 37.47)
Epoch: [1][ 420/5005]	Time  0.845 ( 0.479)	Data  0.517 ( 0.216)	Loss 4.2831e+00 (4.2699e+00)	Acc@1  16.80 ( 17.38)	Acc@5  39.45 ( 37.53)
Epoch: [1][ 430/5005]	Time  1.015 ( 0.479)	Data  0.811 ( 0.218)	Loss 4.1728e+00 (4.2662e+00)	Acc@1  18.36 ( 17.42)	Acc@5  41.41 ( 37.61)
Epoch: [1][ 440/5005]	Time  0.309 ( 0.479)	Data  0.000 ( 0.217)	Loss 4.2054e+00 (4.2645e+00)	Acc@1  15.62 ( 17.45)	Acc@5  37.11 ( 37.64)
Epoch: [1][ 450/5005]	Time  1.055 ( 0.479)	Data  0.819 ( 0.217)	Loss 4.0697e+00 (4.2640e+00)	Acc@1  21.09 ( 17.46)	Acc@5  39.84 ( 37.64)
Epoch: [1][ 460/5005]	Time  0.311 ( 0.479)	Data  0.000 ( 0.216)	Loss 4.3147e+00 (4.2629e+00)	Acc@1  15.62 ( 17.47)	Acc@5  38.28 ( 37.65)
Epoch: [1][ 470/5005]	Time  0.643 ( 0.479)	Data  0.416 ( 0.217)	Loss 4.2581e+00 (4.2613e+00)	Acc@1  16.80 ( 17.48)	Acc@5  37.50 ( 37.68)
Epoch: [1][ 480/5005]	Time  0.307 ( 0.479)	Data  0.000 ( 0.217)	Loss 4.0973e+00 (4.2598e+00)	Acc@1  23.05 ( 17.51)	Acc@5  41.80 ( 37.71)
Epoch: [1][ 490/5005]	Time  0.358 ( 0.478)	Data  0.153 ( 0.216)	Loss 3.9373e+00 (4.2580e+00)	Acc@1  21.09 ( 17.54)	Acc@5  44.92 ( 37.78)
Epoch: [1][ 500/5005]	Time  0.348 ( 0.480)	Data  0.000 ( 0.218)	Loss 4.2488e+00 (4.2581e+00)	Acc@1  16.80 ( 17.55)	Acc@5  41.02 ( 37.80)
Epoch: [1][ 510/5005]	Time  0.298 ( 0.479)	Data  0.001 ( 0.216)	Loss 4.3420e+00 (4.2588e+00)	Acc@1  18.36 ( 17.53)	Acc@5  35.16 ( 37.80)
Epoch: [1][ 520/5005]	Time  0.305 ( 0.479)	Data  0.000 ( 0.216)	Loss 4.0340e+00 (4.2569e+00)	Acc@1  17.58 ( 17.54)	Acc@5  44.92 ( 37.85)
Epoch: [1][ 530/5005]	Time  0.323 ( 0.478)	Data  0.000 ( 0.214)	Loss 4.2360e+00 (4.2555e+00)	Acc@1  22.66 ( 17.57)	Acc@5  39.06 ( 37.87)
Epoch: [1][ 540/5005]	Time  0.307 ( 0.479)	Data  0.000 ( 0.215)	Loss 4.2636e+00 (4.2544e+00)	Acc@1  18.75 ( 17.58)	Acc@5  37.11 ( 37.89)
Epoch: [1][ 550/5005]	Time  0.312 ( 0.479)	Data  0.000 ( 0.214)	Loss 4.2929e+00 (4.2529e+00)	Acc@1  17.19 ( 17.59)	Acc@5  37.11 ( 37.92)
Epoch: [1][ 560/5005]	Time  0.309 ( 0.480)	Data  0.000 ( 0.215)	Loss 4.1877e+00 (4.2521e+00)	Acc@1  17.19 ( 17.61)	Acc@5  37.89 ( 37.92)
Epoch: [1][ 570/5005]	Time  0.311 ( 0.480)	Data  0.000 ( 0.214)	Loss 4.0587e+00 (4.2505e+00)	Acc@1  23.44 ( 17.64)	Acc@5  43.36 ( 37.95)
Epoch: [1][ 580/5005]	Time  0.305 ( 0.479)	Data  0.000 ( 0.214)	Loss 4.1460e+00 (4.2488e+00)	Acc@1  19.53 ( 17.65)	Acc@5  38.28 ( 37.97)
Epoch: [1][ 590/5005]	Time  0.351 ( 0.479)	Data  0.000 ( 0.213)	Loss 4.0768e+00 (4.2479e+00)	Acc@1  20.70 ( 17.67)	Acc@5  41.80 ( 37.99)